#
# There is insufficient memory for the Java Runtime Environment to continue.
# Native memory allocation (malloc) failed to allocate 349904 bytes for Chunk::new
# Possible reasons:
#   The system is out of physical RAM or swap space
#   The process is running with CompressedOops enabled, and the Java Heap may be blocking the growth of the native heap
# Possible solutions:
#   Reduce memory load on the system
#   Increase physical memory or swap space
#   Check if swap backing store is full
#   Decrease Java heap size (-Xmx/-Xms)
#   Decrease number of Java threads
#   Decrease Java thread stack sizes (-Xss)
#   Set larger code cache with -XX:ReservedCodeCacheSize=
#   JVM is running with Unscaled Compressed Oops mode in which the Java heap is
#     placed in the first 4GB address space. The Java Heap base address is the
#     maximum limit for the native heap growth. Please use -XX:HeapBaseMinAddress
#     to set the Java Heap base and to place the Java Heap above 4GB virtual address.
# This output file may be truncated or incomplete.
#
#  Out of Memory Error (arena.cpp:189), pid=38984, tid=70484
#
# JRE version: Java(TM) SE Runtime Environment (17.0.1+12) (build 17.0.1+12-LTS-39)
# Java VM: Java HotSpot(TM) 64-Bit Server VM (17.0.1+12-LTS-39, mixed mode, sharing, tiered, compressed oops, compressed class ptrs, g1 gc, windows-amd64)
# No core dump will be written. Minidumps are not enabled by default on client versions of Windows
#

---------------  S U M M A R Y ------------

Command Line: -ea -Didea.test.cyclic.buffer.size=1048576 -javaagent:C:\Program Files\JetBrains\IntelliJ IDEA Community Edition 2021.3.2\lib\idea_rt.jar=63789:C:\Program Files\JetBrains\IntelliJ IDEA Community Edition 2021.3.2\bin -Dfile.encoding=UTF-8 com.intellij.rt.testng.RemoteTestNGStarter -usedefaultlisteners false -socket63788 @w@C:\Users\covie\AppData\Local\Temp\idea_working_dirs_testng1.tmp -temp C:\Users\covie\AppData\Local\Temp\idea_testng1.tmp

Host: Intel(R) Core(TM) i7-8550U CPU @ 1.80GHz, 8 cores, 7G,  Windows 10 , 64 bit Build 19041 (10.0.19041.1202)
Time: Mon Aug  1 06:05:34 2022 GMT Summer Time elapsed time: 2.210721 seconds (0d 0h 0m 2s)

---------------  T H R E A D  ---------------

Current thread (0x000002b271e880a0):  JavaThread "C2 CompilerThread0" daemon [_thread_in_native, id=70484, stack(0x000000fe21200000,0x000000fe21300000)]


Current CompileTask:
C2:   2211  244       4       java.util.HashMap::putVal (300 bytes)

Stack: [0x000000fe21200000,0x000000fe21300000]
Native frames: (J=compiled Java code, j=interpreted, Vv=VM code, C=native code)
V  [jvm.dll+0x66fa1a]
V  [jvm.dll+0x7ce5a4]
V  [jvm.dll+0x7cfd4e]
V  [jvm.dll+0x7d03b3]
V  [jvm.dll+0x242b05]
V  [jvm.dll+0xaa05b]
V  [jvm.dll+0xaa5ec]
V  [jvm.dll+0x35fa07]
V  [jvm.dll+0x329f51]
V  [jvm.dll+0x3293fa]
V  [jvm.dll+0x215bf1]
V  [jvm.dll+0x215011]
V  [jvm.dll+0x1a168d]
V  [jvm.dll+0x224848]
V  [jvm.dll+0x2229ac]
V  [jvm.dll+0x78435b]
V  [jvm.dll+0x77e91a]
V  [jvm.dll+0x66e845]
C  [ucrtbase.dll+0x21bb2]
C  [KERNEL32.DLL+0x17034]
C  [ntdll.dll+0x52651]


---------------  P R O C E S S  ---------------

Threads class SMR info:
_java_thread_list=0x000002b213a893a0, length=13, elements={
0x000002b2741dd9c0, 0x000002b27fa79100, 0x000002b27fa7f2e0, 0x000002b27fa8b160,
0x000002b27fa8ba20, 0x000002b27fa8c2e0, 0x000002b27fa8cc90, 0x000002b271e880a0,
0x000002b271e88fd0, 0x000002b27fa97340, 0x000002b27fa50370, 0x000002b213a91950,
0x000002b213a91e20
}

Java Threads: ( => current thread )
  0x000002b2741dd9c0 JavaThread "main" [_thread_in_native, id=40488, stack(0x000000fe20500000,0x000000fe20600000)]
  0x000002b27fa79100 JavaThread "Reference Handler" daemon [_thread_blocked, id=1088, stack(0x000000fe20c00000,0x000000fe20d00000)]
  0x000002b27fa7f2e0 JavaThread "Finalizer" daemon [_thread_blocked, id=48228, stack(0x000000fe20d00000,0x000000fe20e00000)]
  0x000002b27fa8b160 JavaThread "Signal Dispatcher" daemon [_thread_blocked, id=50916, stack(0x000000fe20e00000,0x000000fe20f00000)]
  0x000002b27fa8ba20 JavaThread "Attach Listener" daemon [_thread_blocked, id=69280, stack(0x000000fe20f00000,0x000000fe21000000)]
  0x000002b27fa8c2e0 JavaThread "Service Thread" daemon [_thread_blocked, id=21748, stack(0x000000fe21000000,0x000000fe21100000)]
  0x000002b27fa8cc90 JavaThread "Monitor Deflation Thread" daemon [_thread_blocked, id=38892, stack(0x000000fe21100000,0x000000fe21200000)]
=>0x000002b271e880a0 JavaThread "C2 CompilerThread0" daemon [_thread_in_native, id=70484, stack(0x000000fe21200000,0x000000fe21300000)]
  0x000002b271e88fd0 JavaThread "C1 CompilerThread0" daemon [_thread_blocked, id=34008, stack(0x000000fe21300000,0x000000fe21400000)]
  0x000002b27fa97340 JavaThread "Sweeper thread" daemon [_thread_blocked, id=20000, stack(0x000000fe21400000,0x000000fe21500000)]
  0x000002b27fa50370 JavaThread "Common-Cleaner" daemon [_thread_blocked, id=44544, stack(0x000000fe21500000,0x000000fe21600000)]
  0x000002b213a91950 JavaThread "Monitor Ctrl-Break" daemon [_thread_in_native, id=44752, stack(0x000000fe21600000,0x000000fe21700000)]
  0x000002b213a91e20 JavaThread "Notification Thread" daemon [_thread_blocked, id=70620, stack(0x000000fe21700000,0x000000fe21800000)]

Other Threads:
  0x000002b271e7ec50 VMThread "VM Thread" [stack: 0x000000fe20600000,0x000000fe20700000] [id=57056]
  0x000002b271e84f00 WatcherThread [stack: 0x000000fe21800000,0x000000fe21900000] [id=16192]
  0x000002b27421da30 GCTaskThread "GC Thread#0" [stack: 0x000000fe20700000,0x000000fe20800000] [id=30088]
  0x000002b27422e670 ConcurrentGCThread "G1 Main Marker" [stack: 0x000000fe20800000,0x000000fe20900000] [id=6596]
  0x000002b274230090 ConcurrentGCThread "G1 Conc#0" [stack: 0x000000fe20900000,0x000000fe20a00000] [id=15200]
  0x000002b27f919160 ConcurrentGCThread "G1 Refine#0" [stack: 0x000000fe20a00000,0x000000fe20b00000] [id=18344]
  0x000002b27f91b9a0 ConcurrentGCThread "G1 Service" [stack: 0x000000fe20b00000,0x000000fe20c00000] [id=65232]

Threads with active compile tasks:
C2 CompilerThread0     2449  244       4       java.util.HashMap::putVal (300 bytes)

VM state: not at safepoint (normal execution)

VM Mutex/Monitor currently owned by a thread: None

Heap address: 0x0000000081800000, size: 2024 MB, Compressed Oops mode: 32-bit

CDS archive(s) mapped at: [0x0000000800000000-0x0000000800bc0000-0x0000000800bc0000), size 12320768, SharedBaseAddress: 0x0000000800000000, ArchiveRelocationMode: 0.
Compressed class space mapped at: 0x0000000800c00000-0x0000000840c00000, reserved size: 1073741824
Narrow klass base: 0x0000000800000000, Narrow klass shift: 0, Narrow klass range: 0x100000000

GC Precious Log:
 CPUs: 8 total, 8 available
 Memory: 8093M
 Large Page Support: Disabled
 NUMA Support: Disabled
 Compressed Oops: Enabled (32-bit)
 Heap Region Size: 1M
 Heap Min Capacity: 8M
 Heap Initial Capacity: 128M
 Heap Max Capacity: 2024M
 Pre-touch: Disabled
 Parallel Workers: 8
 Concurrent Workers: 2
 Concurrent Refinement Workers: 8
 Periodic GC: Disabled

Heap:
 garbage-first heap   total 131072K, used 3072K [0x0000000081800000, 0x0000000100000000)
  region size 1024K, 4 young (4096K), 0 survivors (0K)
 Metaspace       used 909K, committed 1024K, reserved 1056768K
  class space    used 69K, committed 128K, reserved 1048576K

Heap Regions: E=young(eden), S=young(survivor), O=old, HS=humongous(starts), HC=humongous(continues), CS=collection set, F=free, OA=open archive, CA=closed archive, TAMS=top-at-mark-start (previous, next)
|   0|0x0000000081800000, 0x0000000081800000, 0x0000000081900000|  0%| F|  |TAMS 0x0000000081800000, 0x0000000081800000| Untracked 
|   1|0x0000000081900000, 0x0000000081900000, 0x0000000081a00000|  0%| F|  |TAMS 0x0000000081900000, 0x0000000081900000| Untracked 
|   2|0x0000000081a00000, 0x0000000081a00000, 0x0000000081b00000|  0%| F|  |TAMS 0x0000000081a00000, 0x0000000081a00000| Untracked 
|   3|0x0000000081b00000, 0x0000000081b00000, 0x0000000081c00000|  0%| F|  |TAMS 0x0000000081b00000, 0x0000000081b00000| Untracked 
|   4|0x0000000081c00000, 0x0000000081c00000, 0x0000000081d00000|  0%| F|  |TAMS 0x0000000081c00000, 0x0000000081c00000| Untracked 
|   5|0x0000000081d00000, 0x0000000081d00000, 0x0000000081e00000|  0%| F|  |TAMS 0x0000000081d00000, 0x0000000081d00000| Untracked 
|   6|0x0000000081e00000, 0x0000000081e00000, 0x0000000081f00000|  0%| F|  |TAMS 0x0000000081e00000, 0x0000000081e00000| Untracked 
|   7|0x0000000081f00000, 0x0000000081f00000, 0x0000000082000000|  0%| F|  |TAMS 0x0000000081f00000, 0x0000000081f00000| Untracked 
|   8|0x0000000082000000, 0x0000000082000000, 0x0000000082100000|  0%| F|  |TAMS 0x0000000082000000, 0x0000000082000000| Untracked 
|   9|0x0000000082100000, 0x0000000082100000, 0x0000000082200000|  0%| F|  |TAMS 0x0000000082100000, 0x0000000082100000| Untracked 
|  10|0x0000000082200000, 0x0000000082200000, 0x0000000082300000|  0%| F|  |TAMS 0x0000000082200000, 0x0000000082200000| Untracked 
|  11|0x0000000082300000, 0x0000000082300000, 0x0000000082400000|  0%| F|  |TAMS 0x0000000082300000, 0x0000000082300000| Untracked 
|  12|0x0000000082400000, 0x0000000082400000, 0x0000000082500000|  0%| F|  |TAMS 0x0000000082400000, 0x0000000082400000| Untracked 
|  13|0x0000000082500000, 0x0000000082500000, 0x0000000082600000|  0%| F|  |TAMS 0x0000000082500000, 0x0000000082500000| Untracked 
|  14|0x0000000082600000, 0x0000000082600000, 0x0000000082700000|  0%| F|  |TAMS 0x0000000082600000, 0x0000000082600000| Untracked 
|  15|0x0000000082700000, 0x0000000082700000, 0x0000000082800000|  0%| F|  |TAMS 0x0000000082700000, 0x0000000082700000| Untracked 
|  16|0x0000000082800000, 0x0000000082800000, 0x0000000082900000|  0%| F|  |TAMS 0x0000000082800000, 0x0000000082800000| Untracked 
|  17|0x0000000082900000, 0x0000000082900000, 0x0000000082a00000|  0%| F|  |TAMS 0x0000000082900000, 0x0000000082900000| Untracked 
|  18|0x0000000082a00000, 0x0000000082a00000, 0x0000000082b00000|  0%| F|  |TAMS 0x0000000082a00000, 0x0000000082a00000| Untracked 
|  19|0x0000000082b00000, 0x0000000082b00000, 0x0000000082c00000|  0%| F|  |TAMS 0x0000000082b00000, 0x0000000082b00000| Untracked 
|  20|0x0000000082c00000, 0x0000000082c00000, 0x0000000082d00000|  0%| F|  |TAMS 0x0000000082c00000, 0x0000000082c00000| Untracked 
|  21|0x0000000082d00000, 0x0000000082d00000, 0x0000000082e00000|  0%| F|  |TAMS 0x0000000082d00000, 0x0000000082d00000| Untracked 
|  22|0x0000000082e00000, 0x0000000082e00000, 0x0000000082f00000|  0%| F|  |TAMS 0x0000000082e00000, 0x0000000082e00000| Untracked 
|  23|0x0000000082f00000, 0x0000000082f00000, 0x0000000083000000|  0%| F|  |TAMS 0x0000000082f00000, 0x0000000082f00000| Untracked 
|  24|0x0000000083000000, 0x0000000083000000, 0x0000000083100000|  0%| F|  |TAMS 0x0000000083000000, 0x0000000083000000| Untracked 
|  25|0x0000000083100000, 0x0000000083100000, 0x0000000083200000|  0%| F|  |TAMS 0x0000000083100000, 0x0000000083100000| Untracked 
|  26|0x0000000083200000, 0x0000000083200000, 0x0000000083300000|  0%| F|  |TAMS 0x0000000083200000, 0x0000000083200000| Untracked 
|  27|0x0000000083300000, 0x0000000083300000, 0x0000000083400000|  0%| F|  |TAMS 0x0000000083300000, 0x0000000083300000| Untracked 
|  28|0x0000000083400000, 0x0000000083400000, 0x0000000083500000|  0%| F|  |TAMS 0x0000000083400000, 0x0000000083400000| Untracked 
|  29|0x0000000083500000, 0x0000000083500000, 0x0000000083600000|  0%| F|  |TAMS 0x0000000083500000, 0x0000000083500000| Untracked 
|  30|0x0000000083600000, 0x0000000083600000, 0x0000000083700000|  0%| F|  |TAMS 0x0000000083600000, 0x0000000083600000| Untracked 
|  31|0x0000000083700000, 0x0000000083700000, 0x0000000083800000|  0%| F|  |TAMS 0x0000000083700000, 0x0000000083700000| Untracked 
|  32|0x0000000083800000, 0x0000000083800000, 0x0000000083900000|  0%| F|  |TAMS 0x0000000083800000, 0x0000000083800000| Untracked 
|  33|0x0000000083900000, 0x0000000083900000, 0x0000000083a00000|  0%| F|  |TAMS 0x0000000083900000, 0x0000000083900000| Untracked 
|  34|0x0000000083a00000, 0x0000000083a00000, 0x0000000083b00000|  0%| F|  |TAMS 0x0000000083a00000, 0x0000000083a00000| Untracked 
|  35|0x0000000083b00000, 0x0000000083b00000, 0x0000000083c00000|  0%| F|  |TAMS 0x0000000083b00000, 0x0000000083b00000| Untracked 
|  36|0x0000000083c00000, 0x0000000083c00000, 0x0000000083d00000|  0%| F|  |TAMS 0x0000000083c00000, 0x0000000083c00000| Untracked 
|  37|0x0000000083d00000, 0x0000000083d00000, 0x0000000083e00000|  0%| F|  |TAMS 0x0000000083d00000, 0x0000000083d00000| Untracked 
|  38|0x0000000083e00000, 0x0000000083e00000, 0x0000000083f00000|  0%| F|  |TAMS 0x0000000083e00000, 0x0000000083e00000| Untracked 
|  39|0x0000000083f00000, 0x0000000083f00000, 0x0000000084000000|  0%| F|  |TAMS 0x0000000083f00000, 0x0000000083f00000| Untracked 
|  40|0x0000000084000000, 0x0000000084000000, 0x0000000084100000|  0%| F|  |TAMS 0x0000000084000000, 0x0000000084000000| Untracked 
|  41|0x0000000084100000, 0x0000000084100000, 0x0000000084200000|  0%| F|  |TAMS 0x0000000084100000, 0x0000000084100000| Untracked 
|  42|0x0000000084200000, 0x0000000084200000, 0x0000000084300000|  0%| F|  |TAMS 0x0000000084200000, 0x0000000084200000| Untracked 
|  43|0x0000000084300000, 0x0000000084300000, 0x0000000084400000|  0%| F|  |TAMS 0x0000000084300000, 0x0000000084300000| Untracked 
|  44|0x0000000084400000, 0x0000000084400000, 0x0000000084500000|  0%| F|  |TAMS 0x0000000084400000, 0x0000000084400000| Untracked 
|  45|0x0000000084500000, 0x0000000084500000, 0x0000000084600000|  0%| F|  |TAMS 0x0000000084500000, 0x0000000084500000| Untracked 
|  46|0x0000000084600000, 0x0000000084600000, 0x0000000084700000|  0%| F|  |TAMS 0x0000000084600000, 0x0000000084600000| Untracked 
|  47|0x0000000084700000, 0x0000000084700000, 0x0000000084800000|  0%| F|  |TAMS 0x0000000084700000, 0x0000000084700000| Untracked 
|  48|0x0000000084800000, 0x0000000084800000, 0x0000000084900000|  0%| F|  |TAMS 0x0000000084800000, 0x0000000084800000| Untracked 
|  49|0x0000000084900000, 0x0000000084900000, 0x0000000084a00000|  0%| F|  |TAMS 0x0000000084900000, 0x0000000084900000| Untracked 
|  50|0x0000000084a00000, 0x0000000084a00000, 0x0000000084b00000|  0%| F|  |TAMS 0x0000000084a00000, 0x0000000084a00000| Untracked 
|  51|0x0000000084b00000, 0x0000000084b00000, 0x0000000084c00000|  0%| F|  |TAMS 0x0000000084b00000, 0x0000000084b00000| Untracked 
|  52|0x0000000084c00000, 0x0000000084c00000, 0x0000000084d00000|  0%| F|  |TAMS 0x0000000084c00000, 0x0000000084c00000| Untracked 
|  53|0x0000000084d00000, 0x0000000084d00000, 0x0000000084e00000|  0%| F|  |TAMS 0x0000000084d00000, 0x0000000084d00000| Untracked 
|  54|0x0000000084e00000, 0x0000000084e00000, 0x0000000084f00000|  0%| F|  |TAMS 0x0000000084e00000, 0x0000000084e00000| Untracked 
|  55|0x0000000084f00000, 0x0000000084f00000, 0x0000000085000000|  0%| F|  |TAMS 0x0000000084f00000, 0x0000000084f00000| Untracked 
|  56|0x0000000085000000, 0x0000000085000000, 0x0000000085100000|  0%| F|  |TAMS 0x0000000085000000, 0x0000000085000000| Untracked 
|  57|0x0000000085100000, 0x0000000085100000, 0x0000000085200000|  0%| F|  |TAMS 0x0000000085100000, 0x0000000085100000| Untracked 
|  58|0x0000000085200000, 0x0000000085200000, 0x0000000085300000|  0%| F|  |TAMS 0x0000000085200000, 0x0000000085200000| Untracked 
|  59|0x0000000085300000, 0x0000000085300000, 0x0000000085400000|  0%| F|  |TAMS 0x0000000085300000, 0x0000000085300000| Untracked 
|  60|0x0000000085400000, 0x0000000085400000, 0x0000000085500000|  0%| F|  |TAMS 0x0000000085400000, 0x0000000085400000| Untracked 
|  61|0x0000000085500000, 0x0000000085500000, 0x0000000085600000|  0%| F|  |TAMS 0x0000000085500000, 0x0000000085500000| Untracked 
|  62|0x0000000085600000, 0x0000000085600000, 0x0000000085700000|  0%| F|  |TAMS 0x0000000085600000, 0x0000000085600000| Untracked 
|  63|0x0000000085700000, 0x0000000085700000, 0x0000000085800000|  0%| F|  |TAMS 0x0000000085700000, 0x0000000085700000| Untracked 
|  64|0x0000000085800000, 0x0000000085800000, 0x0000000085900000|  0%| F|  |TAMS 0x0000000085800000, 0x0000000085800000| Untracked 
|  65|0x0000000085900000, 0x0000000085900000, 0x0000000085a00000|  0%| F|  |TAMS 0x0000000085900000, 0x0000000085900000| Untracked 
|  66|0x0000000085a00000, 0x0000000085a00000, 0x0000000085b00000|  0%| F|  |TAMS 0x0000000085a00000, 0x0000000085a00000| Untracked 
|  67|0x0000000085b00000, 0x0000000085b00000, 0x0000000085c00000|  0%| F|  |TAMS 0x0000000085b00000, 0x0000000085b00000| Untracked 
|  68|0x0000000085c00000, 0x0000000085c00000, 0x0000000085d00000|  0%| F|  |TAMS 0x0000000085c00000, 0x0000000085c00000| Untracked 
|  69|0x0000000085d00000, 0x0000000085d00000, 0x0000000085e00000|  0%| F|  |TAMS 0x0000000085d00000, 0x0000000085d00000| Untracked 
|  70|0x0000000085e00000, 0x0000000085e00000, 0x0000000085f00000|  0%| F|  |TAMS 0x0000000085e00000, 0x0000000085e00000| Untracked 
|  71|0x0000000085f00000, 0x0000000085f00000, 0x0000000086000000|  0%| F|  |TAMS 0x0000000085f00000, 0x0000000085f00000| Untracked 
|  72|0x0000000086000000, 0x0000000086000000, 0x0000000086100000|  0%| F|  |TAMS 0x0000000086000000, 0x0000000086000000| Untracked 
|  73|0x0000000086100000, 0x0000000086100000, 0x0000000086200000|  0%| F|  |TAMS 0x0000000086100000, 0x0000000086100000| Untracked 
|  74|0x0000000086200000, 0x0000000086200000, 0x0000000086300000|  0%| F|  |TAMS 0x0000000086200000, 0x0000000086200000| Untracked 
|  75|0x0000000086300000, 0x0000000086300000, 0x0000000086400000|  0%| F|  |TAMS 0x0000000086300000, 0x0000000086300000| Untracked 
|  76|0x0000000086400000, 0x0000000086400000, 0x0000000086500000|  0%| F|  |TAMS 0x0000000086400000, 0x0000000086400000| Untracked 
|  77|0x0000000086500000, 0x0000000086500000, 0x0000000086600000|  0%| F|  |TAMS 0x0000000086500000, 0x0000000086500000| Untracked 
|  78|0x0000000086600000, 0x0000000086600000, 0x0000000086700000|  0%| F|  |TAMS 0x0000000086600000, 0x0000000086600000| Untracked 
|  79|0x0000000086700000, 0x0000000086700000, 0x0000000086800000|  0%| F|  |TAMS 0x0000000086700000, 0x0000000086700000| Untracked 
|  80|0x0000000086800000, 0x0000000086800000, 0x0000000086900000|  0%| F|  |TAMS 0x0000000086800000, 0x0000000086800000| Untracked 
|  81|0x0000000086900000, 0x0000000086900000, 0x0000000086a00000|  0%| F|  |TAMS 0x0000000086900000, 0x0000000086900000| Untracked 
|  82|0x0000000086a00000, 0x0000000086a00000, 0x0000000086b00000|  0%| F|  |TAMS 0x0000000086a00000, 0x0000000086a00000| Untracked 
|  83|0x0000000086b00000, 0x0000000086b00000, 0x0000000086c00000|  0%| F|  |TAMS 0x0000000086b00000, 0x0000000086b00000| Untracked 
|  84|0x0000000086c00000, 0x0000000086c00000, 0x0000000086d00000|  0%| F|  |TAMS 0x0000000086c00000, 0x0000000086c00000| Untracked 
|  85|0x0000000086d00000, 0x0000000086d00000, 0x0000000086e00000|  0%| F|  |TAMS 0x0000000086d00000, 0x0000000086d00000| Untracked 
|  86|0x0000000086e00000, 0x0000000086e00000, 0x0000000086f00000|  0%| F|  |TAMS 0x0000000086e00000, 0x0000000086e00000| Untracked 
|  87|0x0000000086f00000, 0x0000000086f00000, 0x0000000087000000|  0%| F|  |TAMS 0x0000000086f00000, 0x0000000086f00000| Untracked 
|  88|0x0000000087000000, 0x0000000087000000, 0x0000000087100000|  0%| F|  |TAMS 0x0000000087000000, 0x0000000087000000| Untracked 
|  89|0x0000000087100000, 0x0000000087100000, 0x0000000087200000|  0%| F|  |TAMS 0x0000000087100000, 0x0000000087100000| Untracked 
|  90|0x0000000087200000, 0x0000000087200000, 0x0000000087300000|  0%| F|  |TAMS 0x0000000087200000, 0x0000000087200000| Untracked 
|  91|0x0000000087300000, 0x0000000087300000, 0x0000000087400000|  0%| F|  |TAMS 0x0000000087300000, 0x0000000087300000| Untracked 
|  92|0x0000000087400000, 0x0000000087400000, 0x0000000087500000|  0%| F|  |TAMS 0x0000000087400000, 0x0000000087400000| Untracked 
|  93|0x0000000087500000, 0x0000000087500000, 0x0000000087600000|  0%| F|  |TAMS 0x0000000087500000, 0x0000000087500000| Untracked 
|  94|0x0000000087600000, 0x0000000087600000, 0x0000000087700000|  0%| F|  |TAMS 0x0000000087600000, 0x0000000087600000| Untracked 
|  95|0x0000000087700000, 0x0000000087700000, 0x0000000087800000|  0%| F|  |TAMS 0x0000000087700000, 0x0000000087700000| Untracked 
|  96|0x0000000087800000, 0x0000000087800000, 0x0000000087900000|  0%| F|  |TAMS 0x0000000087800000, 0x0000000087800000| Untracked 
|  97|0x0000000087900000, 0x0000000087900000, 0x0000000087a00000|  0%| F|  |TAMS 0x0000000087900000, 0x0000000087900000| Untracked 
|  98|0x0000000087a00000, 0x0000000087a00000, 0x0000000087b00000|  0%| F|  |TAMS 0x0000000087a00000, 0x0000000087a00000| Untracked 
|  99|0x0000000087b00000, 0x0000000087b00000, 0x0000000087c00000|  0%| F|  |TAMS 0x0000000087b00000, 0x0000000087b00000| Untracked 
| 100|0x0000000087c00000, 0x0000000087c00000, 0x0000000087d00000|  0%| F|  |TAMS 0x0000000087c00000, 0x0000000087c00000| Untracked 
| 101|0x0000000087d00000, 0x0000000087d00000, 0x0000000087e00000|  0%| F|  |TAMS 0x0000000087d00000, 0x0000000087d00000| Untracked 
| 102|0x0000000087e00000, 0x0000000087e00000, 0x0000000087f00000|  0%| F|  |TAMS 0x0000000087e00000, 0x0000000087e00000| Untracked 
| 103|0x0000000087f00000, 0x0000000087f00000, 0x0000000088000000|  0%| F|  |TAMS 0x0000000087f00000, 0x0000000087f00000| Untracked 
| 104|0x0000000088000000, 0x0000000088000000, 0x0000000088100000|  0%| F|  |TAMS 0x0000000088000000, 0x0000000088000000| Untracked 
| 105|0x0000000088100000, 0x0000000088100000, 0x0000000088200000|  0%| F|  |TAMS 0x0000000088100000, 0x0000000088100000| Untracked 
| 106|0x0000000088200000, 0x0000000088200000, 0x0000000088300000|  0%| F|  |TAMS 0x0000000088200000, 0x0000000088200000| Untracked 
| 107|0x0000000088300000, 0x0000000088300000, 0x0000000088400000|  0%| F|  |TAMS 0x0000000088300000, 0x0000000088300000| Untracked 
| 108|0x0000000088400000, 0x0000000088400000, 0x0000000088500000|  0%| F|  |TAMS 0x0000000088400000, 0x0000000088400000| Untracked 
| 109|0x0000000088500000, 0x0000000088500000, 0x0000000088600000|  0%| F|  |TAMS 0x0000000088500000, 0x0000000088500000| Untracked 
| 110|0x0000000088600000, 0x0000000088600000, 0x0000000088700000|  0%| F|  |TAMS 0x0000000088600000, 0x0000000088600000| Untracked 
| 111|0x0000000088700000, 0x0000000088700000, 0x0000000088800000|  0%| F|  |TAMS 0x0000000088700000, 0x0000000088700000| Untracked 
| 112|0x0000000088800000, 0x0000000088800000, 0x0000000088900000|  0%| F|  |TAMS 0x0000000088800000, 0x0000000088800000| Untracked 
| 113|0x0000000088900000, 0x0000000088900000, 0x0000000088a00000|  0%| F|  |TAMS 0x0000000088900000, 0x0000000088900000| Untracked 
| 114|0x0000000088a00000, 0x0000000088a00000, 0x0000000088b00000|  0%| F|  |TAMS 0x0000000088a00000, 0x0000000088a00000| Untracked 
| 115|0x0000000088b00000, 0x0000000088b00000, 0x0000000088c00000|  0%| F|  |TAMS 0x0000000088b00000, 0x0000000088b00000| Untracked 
| 116|0x0000000088c00000, 0x0000000088c00000, 0x0000000088d00000|  0%| F|  |TAMS 0x0000000088c00000, 0x0000000088c00000| Untracked 
| 117|0x0000000088d00000, 0x0000000088d00000, 0x0000000088e00000|  0%| F|  |TAMS 0x0000000088d00000, 0x0000000088d00000| Untracked 
| 118|0x0000000088e00000, 0x0000000088e00000, 0x0000000088f00000|  0%| F|  |TAMS 0x0000000088e00000, 0x0000000088e00000| Untracked 
| 119|0x0000000088f00000, 0x0000000088f00000, 0x0000000089000000|  0%| F|  |TAMS 0x0000000088f00000, 0x0000000088f00000| Untracked 
| 120|0x0000000089000000, 0x0000000089000000, 0x0000000089100000|  0%| F|  |TAMS 0x0000000089000000, 0x0000000089000000| Untracked 
| 121|0x0000000089100000, 0x0000000089100000, 0x0000000089200000|  0%| F|  |TAMS 0x0000000089100000, 0x0000000089100000| Untracked 
| 122|0x0000000089200000, 0x0000000089200000, 0x0000000089300000|  0%| F|  |TAMS 0x0000000089200000, 0x0000000089200000| Untracked 
| 123|0x0000000089300000, 0x0000000089300000, 0x0000000089400000|  0%| F|  |TAMS 0x0000000089300000, 0x0000000089300000| Untracked 
| 124|0x0000000089400000, 0x00000000894ec0f8, 0x0000000089500000| 92%| E|  |TAMS 0x0000000089400000, 0x0000000089400000| Complete 
| 125|0x0000000089500000, 0x0000000089600000, 0x0000000089600000|100%| E|CS|TAMS 0x0000000089500000, 0x0000000089500000| Complete 
| 126|0x0000000089600000, 0x0000000089700000, 0x0000000089700000|100%| E|CS|TAMS 0x0000000089600000, 0x0000000089600000| Complete 
| 127|0x0000000089700000, 0x0000000089800000, 0x0000000089800000|100%| E|CS|TAMS 0x0000000089700000, 0x0000000089700000| Complete 

Card table byte_map: [0x000002b27c810000,0x000002b27cc10000] _byte_map_base: 0x000002b27c404000

Marking Bits (Prev, Next): (CMBitMap*) 0x000002b27421e040, (CMBitMap*) 0x000002b27421e080
 Prev Bits: [0x000002b27d010000, 0x000002b27efb0000)
 Next Bits: [0x000002b20f000000, 0x000002b210fa0000)

Polling page: 0x000002b273960000

Metaspace:

Usage:
  Non-class:    840.00 KB used.
      Class:     69.40 KB used.
       Both:    909.40 KB used.

Virtual space:
  Non-class space:        8.00 MB reserved,     896.00 KB ( 11%) committed,  1 nodes.
      Class space:        1.00 GB reserved,     128.00 KB ( <1%) committed,  1 nodes.
             Both:        1.01 GB reserved,       1.00 MB ( <1%) committed. 

Chunk freelists:
   Non-Class:  3.97 MB
       Class:  3.74 MB
        Both:  7.71 MB

MaxMetaspaceSize: unlimited
CompressedClassSpaceSize: 1.00 GB
Initial GC threshold: 21.00 MB
Current GC threshold: 21.00 MB
CDS: on
MetaspaceReclaimPolicy: balanced
 - commit_granule_bytes: 65536.
 - commit_granule_words: 8192.
 - virtual_space_node_default_size: 1048576.
 - enlarge_chunks_in_place: 1.
 - new_chunks_are_fully_committed: 0.
 - uncommit_free_chunks: 1.
 - use_allocation_guard: 0.
 - handle_deallocations: 1.


Internal statistics:

num_allocs_failed_limit: 0.
num_arena_births: 14.
num_arena_deaths: 0.
num_vsnodes_births: 2.
num_vsnodes_deaths: 0.
num_space_committed: 16.
num_space_uncommitted: 0.
num_chunks_returned_to_freelist: 0.
num_chunks_taken_from_freelist: 20.
num_chunk_merges: 0.
num_chunk_splits: 11.
num_chunks_enlarged: 4.
num_purges: 0.
num_inconsistent_stats: 0.

CodeHeap 'non-profiled nmethods': size=120000Kb used=71Kb max_used=71Kb free=119929Kb
 bounds [0x000002b207ad0000, 0x000002b207d40000, 0x000002b20f000000]
CodeHeap 'profiled nmethods': size=120000Kb used=327Kb max_used=327Kb free=119673Kb
 bounds [0x000002b2005a0000, 0x000002b200810000, 0x000002b207ad0000]
CodeHeap 'non-nmethods': size=5760Kb used=1117Kb max_used=1125Kb free=4642Kb
 bounds [0x000002b200000000, 0x000002b200270000, 0x000002b2005a0000]
 total_blobs=661 nmethods=263 adapters=311
 compilation: enabled
              stopped_count=0, restarted_count=0
 full_count=0

Compilation events (20 events):
Event: 2.147 Thread 0x000002b271e88fd0 nmethod 241 0x000002b2005e9610 code [0x000002b2005e97a0, 0x000002b2005e98e8]
Event: 2.150 Thread 0x000002b271e880a0  242       4       java.lang.String::equals (56 bytes)
Event: 2.153 Thread 0x000002b271e88fd0  243       1       java.util.LinkedHashMap::removeEldestEntry (2 bytes)
Event: 2.153 Thread 0x000002b271e88fd0 nmethod 243 0x000002b207ae0910 code [0x000002b207ae0aa0, 0x000002b207ae0b78]
Event: 2.153 Thread 0x000002b271e88fd0  245       3       java.util.LinkedHashMap::newNode (23 bytes)
Event: 2.153 Thread 0x000002b271e880a0 nmethod 242 0x000002b207ae0c10 code [0x000002b207ae0d80, 0x000002b207ae0f58]
Event: 2.154 Thread 0x000002b271e880a0  244       4       java.util.HashMap::putVal (300 bytes)
Event: 2.154 Thread 0x000002b271e88fd0 nmethod 245 0x000002b2005e9990 code [0x000002b2005e9b60, 0x000002b2005e9f48]
Event: 2.154 Thread 0x000002b271e88fd0  246       3       java.util.LinkedHashMap$Entry::<init> (10 bytes)
Event: 2.154 Thread 0x000002b271e88fd0 nmethod 246 0x000002b2005ea110 code [0x000002b2005ea2c0, 0x000002b2005ea598]
Event: 2.154 Thread 0x000002b271e88fd0  247       3       java.util.LinkedHashMap::afterNodeInsertion (40 bytes)
Event: 2.155 Thread 0x000002b271e88fd0 nmethod 247 0x000002b2005ea690 code [0x000002b2005ea840, 0x000002b2005eaa38]
Event: 2.155 Thread 0x000002b271e88fd0  249       3       java.util.LinkedHashMap::linkNodeLast (33 bytes)
Event: 2.155 Thread 0x000002b271e88fd0 nmethod 249 0x000002b2005eab10 code [0x000002b2005eacc0, 0x000002b2005eafd8]
Event: 2.155 Thread 0x000002b271e88fd0  251       3       java.util.HashSet::contains (9 bytes)
Event: 2.156 Thread 0x000002b271e88fd0 nmethod 251 0x000002b2005eb110 code [0x000002b2005eb2c0, 0x000002b2005eb548]
Event: 2.170 Thread 0x000002b271e88fd0  252       3       java.lang.invoke.MemberName::testAllFlags (7 bytes)
Event: 2.170 Thread 0x000002b271e88fd0 nmethod 252 0x000002b2005eb610 code [0x000002b2005eb7a0, 0x000002b2005eb978]
Event: 2.170 Thread 0x000002b271e88fd0  253       3       java.lang.invoke.MethodType::checkSlotCount (33 bytes)
Event: 2.172 Thread 0x000002b271e88fd0 nmethod 253 0x000002b2005eba10 code [0x000002b2005ebc40, 0x000002b2005ec2f8]

GC Heap History (0 events):
No events

Deoptimization events (20 events):
Event: 2.068 Thread 0x000002b2741dd9c0 Uncommon trap: trap_request=0xffffff45 fr.pc=0x000002b207ad1378 relative=0x0000000000000078
Event: 2.068 Thread 0x000002b2741dd9c0 Uncommon trap: reason=unstable_if action=reinterpret pc=0x000002b207ad1378 method=java.lang.String.isLatin1()Z @ 10 c2
Event: 2.068 Thread 0x000002b2741dd9c0 DEOPT PACKING pc=0x000002b207ad1378 sp=0x000000fe205feea0
Event: 2.068 Thread 0x000002b2741dd9c0 DEOPT UNPACKING pc=0x000002b2000523a3 sp=0x000000fe205fede0 mode 2
Event: 2.152 Thread 0x000002b27fa8ba20 Uncommon trap: trap_request=0xffffffde fr.pc=0x000002b207addc38 relative=0x0000000000000858
Event: 2.152 Thread 0x000002b27fa8ba20 Uncommon trap: reason=class_check action=maybe_recompile pc=0x000002b207addc38 method=java.util.HashMap.putVal(ILjava/lang/Object;Ljava/lang/Object;ZZ)Ljava/lang/Object; @ 152 c2
Event: 2.152 Thread 0x000002b27fa8ba20 DEOPT PACKING pc=0x000002b207addc38 sp=0x000000fe20ffe700
Event: 2.152 Thread 0x000002b27fa8ba20 DEOPT UNPACKING pc=0x000002b2000523a3 sp=0x000000fe20ffe680 mode 2
Event: 2.152 Thread 0x000002b27fa8ba20 Uncommon trap: trap_request=0xffffffde fr.pc=0x000002b207addc38 relative=0x0000000000000858
Event: 2.152 Thread 0x000002b27fa8ba20 Uncommon trap: reason=class_check action=maybe_recompile pc=0x000002b207addc38 method=java.util.HashMap.putVal(ILjava/lang/Object;Ljava/lang/Object;ZZ)Ljava/lang/Object; @ 152 c2
Event: 2.153 Thread 0x000002b27fa8ba20 DEOPT PACKING pc=0x000002b207addc38 sp=0x000000fe20ffe700
Event: 2.153 Thread 0x000002b27fa8ba20 DEOPT UNPACKING pc=0x000002b2000523a3 sp=0x000000fe20ffe680 mode 2
Event: 2.153 Thread 0x000002b27fa8ba20 Uncommon trap: trap_request=0xffffffde fr.pc=0x000002b207addc38 relative=0x0000000000000858
Event: 2.153 Thread 0x000002b27fa8ba20 Uncommon trap: reason=class_check action=maybe_recompile pc=0x000002b207addc38 method=java.util.HashMap.putVal(ILjava/lang/Object;Ljava/lang/Object;ZZ)Ljava/lang/Object; @ 152 c2
Event: 2.153 Thread 0x000002b27fa8ba20 DEOPT PACKING pc=0x000002b207addc38 sp=0x000000fe20ffe700
Event: 2.153 Thread 0x000002b27fa8ba20 DEOPT UNPACKING pc=0x000002b2000523a3 sp=0x000000fe20ffe680 mode 2
Event: 2.153 Thread 0x000002b27fa8ba20 Uncommon trap: trap_request=0xffffffde fr.pc=0x000002b207addc38 relative=0x0000000000000858
Event: 2.153 Thread 0x000002b27fa8ba20 Uncommon trap: reason=class_check action=maybe_recompile pc=0x000002b207addc38 method=java.util.HashMap.putVal(ILjava/lang/Object;Ljava/lang/Object;ZZ)Ljava/lang/Object; @ 152 c2
Event: 2.153 Thread 0x000002b27fa8ba20 DEOPT PACKING pc=0x000002b207addc38 sp=0x000000fe20ffe700
Event: 2.153 Thread 0x000002b27fa8ba20 DEOPT UNPACKING pc=0x000002b2000523a3 sp=0x000000fe20ffe680 mode 2

Classes unloaded (0 events):
No events

Classes redefined (0 events):
No events

Internal exceptions (1 events):
Event: 2.177 Thread 0x000002b213a91950 Exception <a 'java/lang/NoSuchMethodError'{0x00000000895f03a8}: 'java.lang.Object java.lang.invoke.DirectMethodHandle$Holder.invokeStaticInit(java.lang.Object)'> (0x00000000895f03a8) 
thrown [t:\workspace\open\src\hotspot\share\interpreter\linkResolver.cpp, line 766]

VM Operations (8 events):
Event: 1.569 Executing VM operation: HandshakeAllThreads
Event: 1.569 Executing VM operation: HandshakeAllThreads done
Event: 1.950 Executing VM operation: HandshakeAllThreads
Event: 1.950 Executing VM operation: HandshakeAllThreads done
Event: 1.950 Executing VM operation: Cleanup
Event: 1.950 Executing VM operation: Cleanup done
Event: 2.086 Executing VM operation: HandshakeAllThreads
Event: 2.137 Executing VM operation: HandshakeAllThreads done

Events (20 events):
Event: 2.147 loading class sun/util/resources/cldr/TimeZoneNames_en
Event: 2.149 loading class sun/util/resources/cldr/TimeZoneNames_en done
Event: 2.150 loading class sun/util/resources/cldr/TimeZoneNames_en_US
Event: 2.150 loading class sun/util/resources/cldr/TimeZoneNames_en_US done
Event: 2.154 loading class java/util/LinkedHashMap$LinkedKeySet
Event: 2.154 loading class java/util/LinkedHashMap$LinkedKeySet done
Event: 2.155 loading class sun/util/resources/TimeZoneNames
Event: 2.157 loading class sun/util/resources/TimeZoneNames done
Event: 2.157 loading class sun/util/resources/TimeZoneNames_en
Event: 2.157 loading class sun/util/resources/TimeZoneNames_en done
Event: 2.168 loading class java/net/InetSocketAddress$InetSocketAddressHolder
Event: 2.168 loading class java/net/InetSocketAddress$InetSocketAddressHolder done
Event: 2.168 loading class java/net/SocketImpl
Event: 2.169 loading class java/net/SocketOptions
Event: 2.169 loading class java/net/SocketOptions done
Event: 2.169 loading class java/net/SocketImpl done
Event: 2.181 loading class sun/net/NetProperties
Event: 2.189 loading class sun/net/NetProperties done
Event: 2.189 loading class sun/net/NetProperties$1
Event: 2.189 loading class sun/net/NetProperties$1 done


Dynamic libraries:
0x00007ff770660000 - 0x00007ff770670000 	C:\Program Files\Java\jdk-17.0.1\bin\java.exe
0x00007fff11a50000 - 0x00007fff11c45000 	C:\WINDOWS\SYSTEM32\ntdll.dll
0x00007fff0fb00000 - 0x00007fff0fbbe000 	C:\WINDOWS\System32\KERNEL32.DLL
0x00007fff0f770000 - 0x00007fff0fa39000 	C:\WINDOWS\System32\KERNELBASE.dll
0x00007fff0f5d0000 - 0x00007fff0f6d0000 	C:\WINDOWS\System32\ucrtbase.dll
0x00007fff09fb0000 - 0x00007fff09fc8000 	C:\Program Files\Java\jdk-17.0.1\bin\jli.dll
0x00007fff117d0000 - 0x00007fff1187c000 	C:\WINDOWS\System32\ADVAPI32.dll
0x00007fff0fbd0000 - 0x00007fff0fc6e000 	C:\WINDOWS\System32\msvcrt.dll
0x00007fff0ffc0000 - 0x00007fff1005b000 	C:\WINDOWS\System32\sechost.dll
0x00007fff10520000 - 0x00007fff1064a000 	C:\WINDOWS\System32\RPCRT4.dll
0x00007fff10e30000 - 0x00007fff10fd1000 	C:\WINDOWS\System32\USER32.dll
0x00007fff0f510000 - 0x00007fff0f532000 	C:\WINDOWS\System32\win32u.dll
0x00007fff10e00000 - 0x00007fff10e2b000 	C:\WINDOWS\System32\GDI32.dll
0x00007fff0f220000 - 0x00007fff0f32b000 	C:\WINDOWS\System32\gdi32full.dll
0x00007fff0f6d0000 - 0x00007fff0f76d000 	C:\WINDOWS\System32\msvcp_win.dll
0x00007fff084c0000 - 0x00007fff084da000 	C:\Program Files\Java\jdk-17.0.1\bin\VCRUNTIME140.dll
0x00007ffef7f90000 - 0x00007ffef822a000 	C:\WINDOWS\WinSxS\amd64_microsoft.windows.common-controls_6595b64144ccf1df_6.0.19041.1110_none_60b5254171f9507e\COMCTL32.dll
0x00007fff0d320000 - 0x00007fff0d32a000 	C:\WINDOWS\SYSTEM32\VERSION.dll
0x00007fff10d00000 - 0x00007fff10d30000 	C:\WINDOWS\System32\IMM32.DLL
0x00007ffeedd30000 - 0x00007ffeede88000 	C:\Program Files (x86)\Citrix\ICA Client\epclient64.dll
0x00007fff0f4e0000 - 0x00007fff0f507000 	C:\WINDOWS\System32\bcrypt.dll
0x00007fff100e0000 - 0x00007fff10435000 	C:\WINDOWS\System32\combase.dll
0x00007fff0cf30000 - 0x00007fff0cf63000 	C:\WINDOWS\SYSTEM32\ntmarta.dll
0x00007fff0eec0000 - 0x00007fff0ef03000 	C:\Program Files\AppSense\Application Manager\Agent\AMLdrAppInit.dll
0x00007fff0d300000 - 0x00007fff0d312000 	C:\WINDOWS\SYSTEM32\kernel.appcore.dll
0x00007fff084b0000 - 0x00007fff084bc000 	C:\Program Files\Java\jdk-17.0.1\bin\vcruntime140_1.dll
0x000002b2738d0000 - 0x000002b273953000 	C:\WINDOWS\System32\bcryptprimitives.dll
0x00007fff08420000 - 0x00007fff084ad000 	C:\Program Files\Java\jdk-17.0.1\bin\msvcp140.dll
0x00007ffea7ca0000 - 0x00007ffea885e000 	C:\Program Files\Java\jdk-17.0.1\bin\server\jvm.dll
0x00007fff100d0000 - 0x00007fff100d8000 	C:\WINDOWS\System32\PSAPI.DLL
0x00007ffeead90000 - 0x00007ffeead99000 	C:\WINDOWS\SYSTEM32\WSOCK32.dll
0x00007fff10060000 - 0x00007fff100cb000 	C:\WINDOWS\System32\WS2_32.dll
0x00007ffeed300000 - 0x00007ffeed327000 	C:\WINDOWS\SYSTEM32\WINMM.dll
0x00007fff08390000 - 0x00007fff0839a000 	C:\Program Files\Java\jdk-17.0.1\bin\jimage.dll
0x00007fff0c5b0000 - 0x00007fff0c794000 	C:\WINDOWS\SYSTEM32\DBGHELP.DLL
0x00007ffef3fb0000 - 0x00007ffef3fdc000 	C:\WINDOWS\SYSTEM32\dbgcore.DLL
0x00007fff08320000 - 0x00007fff0832e000 	C:\Program Files\Java\jdk-17.0.1\bin\instrument.dll
0x00007fff08360000 - 0x00007fff08385000 	C:\Program Files\Java\jdk-17.0.1\bin\java.dll
0x00007fff0d330000 - 0x00007fff0d4a3000 	C:\Program Files\AppSense\Application Manager\Agent\AMAppHook.dll
0x000002b273980000 - 0x000002b2740bf000 	C:\WINDOWS\System32\SHELL32.dll
0x00007fff0e160000 - 0x00007fff0e268000 	C:\WINDOWS\SYSTEM32\WINHTTP.dll
0x00007fff118e0000 - 0x00007fff11a0a000 	C:\WINDOWS\System32\ole32.dll
0x00007fff0dc40000 - 0x00007fff0df6d000 	C:\WINDOWS\SYSTEM32\msi.dll
0x00007fff099b0000 - 0x00007fff09a15000 	C:\WINDOWS\SYSTEM32\wevtapi.dll
0x00007ffeaa5b0000 - 0x00007ffeaa686000 	C:\Program Files\Java\jdk-17.0.1\bin\svml.dll
0x00007fff0d4b0000 - 0x00007fff0dc40000 	C:\WINDOWS\SYSTEM32\windows.storage.dll
0x00007fff0eb70000 - 0x00007fff0eb9c000 	C:\WINDOWS\SYSTEM32\Wldp.dll
0x000002b213800000 - 0x000002b2138ad000 	C:\WINDOWS\System32\SHCORE.dll
0x00007fff10c20000 - 0x00007fff10c75000 	C:\WINDOWS\System32\shlwapi.dll
0x00007fff0f0b0000 - 0x00007fff0f0cf000 	C:\WINDOWS\SYSTEM32\profapi.dll
0x00007fff06670000 - 0x00007fff06688000 	C:\Program Files\Java\jdk-17.0.1\bin\zip.dll
0x00007fff082b0000 - 0x00007fff082c9000 	C:\Program Files\Java\jdk-17.0.1\bin\net.dll
0x00007fff0e8d0000 - 0x00007fff0e93a000 	C:\WINDOWS\system32\mswsock.dll
0x00007fff06a80000 - 0x00007fff06a95000 	C:\Program Files\Java\jdk-17.0.1\bin\nio.dll
0x00007fff05bb0000 - 0x00007fff05bca000 	C:\Program Files\JetBrains\IntelliJ IDEA Community Edition 2021.3.2\bin\breakgen64.dll

dbghelp: loaded successfully - version: 4.0.5 - missing functions: none
symbol engine: initialized successfully - sym options: 0x614 - pdb path: .;C:\Program Files\Java\jdk-17.0.1\bin;C:\WINDOWS\SYSTEM32;C:\WINDOWS\WinSxS\amd64_microsoft.windows.common-controls_6595b64144ccf1df_6.0.19041.1110_none_60b5254171f9507e;C:\Program Files (x86)\Citrix\ICA Client;C:\Program Files\AppSense\Application Manager\Agent;C:\Program Files\Java\jdk-17.0.1\bin\server;C:\Program Files\JetBrains\IntelliJ IDEA Community Edition 2021.3.2\bin

VM Arguments:
jvm_args: -ea -Didea.test.cyclic.buffer.size=1048576 -javaagent:C:\Program Files\JetBrains\IntelliJ IDEA Community Edition 2021.3.2\lib\idea_rt.jar=63789:C:\Program Files\JetBrains\IntelliJ IDEA Community Edition 2021.3.2\bin -Dfile.encoding=UTF-8 
java_command: com.intellij.rt.testng.RemoteTestNGStarter -usedefaultlisteners false -socket63788 @w@C:\Users\covie\AppData\Local\Temp\idea_working_dirs_testng1.tmp -temp C:\Users\covie\AppData\Local\Temp\idea_testng1.tmp
java_class_path (initial): C:\Program Files\JetBrains\IntelliJ IDEA Community Edition 2021.3.2\lib\idea_rt.jar;C:\Program Files\JetBrains\IntelliJ IDEA Community Edition 2021.3.2\plugins\testng\lib\testng-rt.jar;C:\Rahulshettyfinalframewk\AutomationExercises\target\test-classes;C:\Rahulshettyfinalframewk\AutomationExercises\target\classes;C:\Users\covie\.m2\repository\io\github\bonigarcia\webdrivermanager\5.2.1\webdrivermanager-5.2.1.jar;C:\Users\covie\.m2\repository\org\slf4j\slf4j-api\1.7.36\slf4j-api-1.7.36.jar;C:\Users\covie\.m2\repository\com\google\code\gson\gson\2.9.0\gson-2.9.0.jar;C:\Users\covie\.m2\repository\com\github\docker-java\docker-java\3.2.13\docker-java-3.2.13.jar;C:\Users\covie\.m2\repository\com\github\docker-java\docker-java-core\3.2.13\docker-java-core-3.2.13.jar;C:\Users\covie\.m2\repository\com\github\docker-java\docker-java-api\3.2.13\docker-java-api-3.2.13.jar;C:\Users\covie\.m2\repository\com\fasterxml\jackson\core\jackson-annotations\2.10.3\jackson-annotations-2.10.3.jar;C:\Users\covie\.m2\repository\commons-io\commons-io\2.6\commons-io-2.6.jar;C:\Users\covie\.m2\repository\org\apache\commons\commons-compress\1.21\commons-compress-1.21.jar;C:\Users\covie\.m2\repository\com\fasterxml\jackson\core\jackson-databind\2.10.3\jackson-databind-2.10.3.jar;C:\Users\covie\.m2\repository\com\fasterxml\jackson\core\jackson-core\2.10.3\jackson-core-2.10.3.jar;C:\Users\covie\.m2\repository\org\bouncycastle\bcpkix-jdk15on\1.64\bcpkix-jdk15on-1.64.jar;C:\Users\covie\.m2\repository\org\bouncycastle\bcprov-jdk15on\1.64\bcprov-jdk15on-1.64.jar;C:\Users\covie\.m2\repository\org\slf4j\jcl-over-slf4j\1.7.30\jcl-over-slf4j-1.7.30.jar;C:\Users\covie\.m2\repository\com\github\docker-java\docker-java-transport-httpclient5\3.2.13\docker-java-transport-httpclient5-3.2.13.jar;C:\Users\covie\.m2\repository\com\github\docker-java\docker-java-transport\3.2.13\docker-java-transport-3.2.13.jar;C:\Users\covie\.m2\repository\net\java\dev\jna\jna\5.8.0\jna-5.8.0.jar;C:\Use
Launcher Type: SUN_STANDARD

[Global flags]
     intx CICompilerCount                          = 4                                         {product} {ergonomic}
     uint ConcGCThreads                            = 2                                         {product} {ergonomic}
     uint G1ConcRefinementThreads                  = 8                                         {product} {ergonomic}
   size_t G1HeapRegionSize                         = 1048576                                   {product} {ergonomic}
    uintx GCDrainStackTargetSize                   = 64                                        {product} {ergonomic}
   size_t InitialHeapSize                          = 134217728                                 {product} {ergonomic}
   size_t MarkStackSize                            = 4194304                                   {product} {ergonomic}
   size_t MaxHeapSize                              = 2122317824                                {product} {ergonomic}
   size_t MaxNewSize                               = 1272971264                                {product} {ergonomic}
   size_t MinHeapDeltaBytes                        = 1048576                                   {product} {ergonomic}
   size_t MinHeapSize                              = 8388608                                   {product} {ergonomic}
    uintx NonNMethodCodeHeapSize                   = 5839372                                {pd product} {ergonomic}
    uintx NonProfiledCodeHeapSize                  = 122909434                              {pd product} {ergonomic}
    uintx ProfiledCodeHeapSize                     = 122909434                              {pd product} {ergonomic}
    uintx ReservedCodeCacheSize                    = 251658240                              {pd product} {ergonomic}
     bool SegmentedCodeCache                       = true                                      {product} {ergonomic}
   size_t SoftMaxHeapSize                          = 2122317824                             {manageable} {ergonomic}
     bool UseCompressedClassPointers               = true                           {product lp64_product} {ergonomic}
     bool UseCompressedOops                        = true                           {product lp64_product} {ergonomic}
     bool UseG1GC                                  = true                                      {product} {ergonomic}
     bool UseLargePagesIndividualAllocation        = false                                  {pd product} {ergonomic}

Logging:
Log output configuration:
 #0: stdout all=warning uptime,level,tags
 #1: stderr all=off uptime,level,tags

Environment Variables:
PATH=C:\Program Files\Common Files\Oracle\Java\javapath;C:\WINDOWS\system32;C:\WINDOWS;C:\WINDOWS\System32\Wbem;C:\WINDOWS\System32\WindowsPowerShell\v1.0\;C:\WINDOWS\System32\OpenSSH\;C:\Program Files\Microsoft VS Code\bin;C:\Program Files\GitHub CLI\;C:\Maven\apache-maven-3.8.4\bin;c:\Program Files (x86)\Intel\Intel(R) Management Engine Components\DAL;c:\Program Files\Intel\Intel(R) Management Engine Components\DAL;C:\Program Files\dotnet\;C:\Program Files\PuTTY\;C:\Program Files\Git\cmd;C:\Program Files\nodejs\;C:\Users\covie\AppData\Local\Microsoft\WindowsApps;C:\Users\covie\AppData\Local\Programs\Microsoft VS Code\bin;C:\Users\covie\.dotnet\tools
USERNAME=covie
OS=Windows_NT
PROCESSOR_IDENTIFIER=Intel64 Family 6 Model 142 Stepping 10, GenuineIntel



---------------  S Y S T E M  ---------------

OS:
 Windows 10 , 64 bit Build 19041 (10.0.19041.1202)
OS uptime: 5 days 19:41 hours

CPU: total 8 (initial active 8) (4 cores per cpu, 2 threads per core) family 6 model 142 stepping 10 microcode 0xc6, cx8, cmov, fxsr, ht, mmx, 3dnowpref, sse, sse2, sse3, ssse3, sse4.1, sse4.2, popcnt, lzcnt, tsc, tscinvbit, avx, avx2, aes, erms, clmul, bmi1, bmi2, adx, fma, vzeroupper, clflush, clflushopt

Memory: 4k page, system-wide physical 8093M (486M free)
TotalPageFile size 32669M (AvailPageFile size 0M)
current process WorkingSet (physical memory assigned to process): 39M, peak: 39M
current process commit charge ("private bytes"): 214M, peak: 214M

vm_info: Java HotSpot(TM) 64-Bit Server VM (17.0.1+12-LTS-39) for windows-amd64 JRE (17.0.1+12-LTS-39), built on Sep 27 2021 18:41:35 by "mach5one" with MS VC++ 16.8 (VS2019)

END.
