#
# There is insufficient memory for the Java Runtime Environment to continue.
# Native memory allocation (malloc) failed to allocate 377888 bytes for Chunk::new
# Possible reasons:
#   The system is out of physical RAM or swap space
#   The process is running with CompressedOops enabled, and the Java Heap may be blocking the growth of the native heap
# Possible solutions:
#   Reduce memory load on the system
#   Increase physical memory or swap space
#   Check if swap backing store is full
#   Decrease Java heap size (-Xmx/-Xms)
#   Decrease number of Java threads
#   Decrease Java thread stack sizes (-Xss)
#   Set larger code cache with -XX:ReservedCodeCacheSize=
#   JVM is running with Unscaled Compressed Oops mode in which the Java heap is
#     placed in the first 4GB address space. The Java Heap base address is the
#     maximum limit for the native heap growth. Please use -XX:HeapBaseMinAddress
#     to set the Java Heap base and to place the Java Heap above 4GB virtual address.
# This output file may be truncated or incomplete.
#
#  Out of Memory Error (arena.cpp:189), pid=35908, tid=33236
#
# JRE version: Java(TM) SE Runtime Environment (17.0.1+12) (build 17.0.1+12-LTS-39)
# Java VM: Java HotSpot(TM) 64-Bit Server VM (17.0.1+12-LTS-39, mixed mode, sharing, tiered, compressed oops, compressed class ptrs, g1 gc, windows-amd64)
# No core dump will be written. Minidumps are not enabled by default on client versions of Windows
#

---------------  S U M M A R Y ------------

Command Line: -ea -Didea.test.cyclic.buffer.size=1048576 -javaagent:C:\Program Files\JetBrains\IntelliJ IDEA Community Edition 2021.3.2\lib\idea_rt.jar=56057:C:\Program Files\JetBrains\IntelliJ IDEA Community Edition 2021.3.2\bin -Dfile.encoding=UTF-8 com.intellij.rt.testng.RemoteTestNGStarter -usedefaultlisteners false -socket56056 @w@C:\Users\covie\AppData\Local\Temp\idea_working_dirs_testng1.tmp -temp C:\Users\covie\AppData\Local\Temp\idea_testng1.tmp

Host: Intel(R) Core(TM) i7-8550U CPU @ 1.80GHz, 8 cores, 7G,  Windows 10 , 64 bit Build 19041 (10.0.19041.1202)
Time: Sun Jul 31 17:16:45 2022 GMT Summer Time elapsed time: 4.903211 seconds (0d 0h 0m 4s)

---------------  T H R E A D  ---------------

Current thread (0x00000175d40a7170):  JavaThread "C2 CompilerThread0" daemon [_thread_in_native, id=33236, stack(0x0000004993300000,0x0000004993400000)]


Current CompileTask:
C2:   4903 2288       4       jdk.internal.util.jar.JarIndex::get (49 bytes)

Stack: [0x0000004993300000,0x0000004993400000]
Native frames: (J=compiled Java code, j=interpreted, Vv=VM code, C=native code)
V  [jvm.dll+0x66fa1a]
V  [jvm.dll+0x7ce5a4]
V  [jvm.dll+0x7cfd4e]
V  [jvm.dll+0x7d03b3]
V  [jvm.dll+0x242b05]
V  [jvm.dll+0xaa05b]
V  [jvm.dll+0xaa5ec]
V  [jvm.dll+0x35fa07]
V  [jvm.dll+0x329f51]
V  [jvm.dll+0x3293fa]
V  [jvm.dll+0x215bf1]
V  [jvm.dll+0x215011]
V  [jvm.dll+0x1a168d]
V  [jvm.dll+0x224848]
V  [jvm.dll+0x2229ac]
V  [jvm.dll+0x78435b]
V  [jvm.dll+0x77e91a]
V  [jvm.dll+0x66e845]
C  [ucrtbase.dll+0x21bb2]
C  [KERNEL32.DLL+0x17034]
C  [ntdll.dll+0x52651]


---------------  P R O C E S S  ---------------

Threads class SMR info:
_java_thread_list=0x00000175f6793a60, length=25, elements={
0x00000175d648d7a0, 0x00000175f44e9fd0, 0x00000175f44eb7a0, 0x00000175f44f8300,
0x00000175f44f9880, 0x00000175f44fad90, 0x00000175f4507600, 0x00000175d40a7170,
0x00000175d40a7b90, 0x00000175f4518700, 0x00000175f44d39d0, 0x00000175f58ed040,
0x00000175f58ed510, 0x00000175f72902e0, 0x00000175f6c84b40, 0x00000175f6c80550,
0x00000175f6591630, 0x00000175f62896e0, 0x00000175f6287060, 0x00000175f6287a00,
0x00000175f6288870, 0x00000175f6288d40, 0x00000175f6287530, 0x00000175f6287ed0,
0x00000175f6289210
}

Java Threads: ( => current thread )
  0x00000175d648d7a0 JavaThread "Forwarding newSession on session null to remote" [_thread_in_vm, id=55652, stack(0x0000004992500000,0x0000004992600000)]
  0x00000175f44e9fd0 JavaThread "Reference Handler" daemon [_thread_blocked, id=5388, stack(0x0000004992d00000,0x0000004992e00000)]
  0x00000175f44eb7a0 JavaThread "Finalizer" daemon [_thread_blocked, id=31864, stack(0x0000004992e00000,0x0000004992f00000)]
  0x00000175f44f8300 JavaThread "Signal Dispatcher" daemon [_thread_blocked, id=18416, stack(0x0000004992f00000,0x0000004993000000)]
  0x00000175f44f9880 JavaThread "Attach Listener" daemon [_thread_blocked, id=39520, stack(0x0000004993000000,0x0000004993100000)]
  0x00000175f44fad90 JavaThread "Service Thread" daemon [_thread_blocked, id=62592, stack(0x0000004993100000,0x0000004993200000)]
  0x00000175f4507600 JavaThread "Monitor Deflation Thread" daemon [_thread_blocked, id=50860, stack(0x0000004993200000,0x0000004993300000)]
=>0x00000175d40a7170 JavaThread "C2 CompilerThread0" daemon [_thread_in_native, id=33236, stack(0x0000004993300000,0x0000004993400000)]
  0x00000175d40a7b90 JavaThread "C1 CompilerThread0" daemon [_thread_in_native, id=16804, stack(0x0000004993400000,0x0000004993500000)]
  0x00000175f4518700 JavaThread "Sweeper thread" daemon [_thread_blocked, id=64032, stack(0x0000004993500000,0x0000004993600000)]
  0x00000175f44d39d0 JavaThread "Common-Cleaner" daemon [_thread_blocked, id=33904, stack(0x0000004993600000,0x0000004993700000)]
  0x00000175f58ed040 JavaThread "Monitor Ctrl-Break" daemon [_thread_in_native, id=62896, stack(0x0000004993700000,0x0000004993800000)]
  0x00000175f58ed510 JavaThread "Notification Thread" daemon [_thread_blocked, id=12872, stack(0x0000004993800000,0x0000004993900000)]
  0x00000175f72902e0 JavaThread "ForkJoinPool.commonPool-worker-1" daemon [_thread_blocked, id=6664, stack(0x0000004994100000,0x0000004994200000)]
  0x00000175f6c84b40 JavaThread "AsyncHttpClient-1-1" daemon [_thread_blocked, id=10420, stack(0x0000004994200000,0x0000004994300000)]
  0x00000175f6c80550 JavaThread "Driver Service Executor" daemon [_thread_blocked, id=43544, stack(0x0000004994300000,0x0000004994400000)]
  0x00000175f6591630 JavaThread "Driver Service Executor" daemon [_thread_blocked, id=11016, stack(0x0000004994400000,0x0000004994500000)]
  0x00000175f62896e0 JavaThread "UrlChecker-2" daemon [_thread_blocked, id=49908, stack(0x0000004994500000,0x0000004994600000)]
  0x00000175f6287060 JavaThread "Exec Default Executor" daemon [_thread_in_native, id=16032, stack(0x0000004992600000,0x0000004992700000)]
  0x00000175f6287a00 JavaThread "Driver Service Executor" daemon [_thread_blocked, id=14636, stack(0x0000004994700000,0x0000004994800000)]
  0x00000175f6288870 JavaThread "Driver Service Executor" daemon [_thread_blocked, id=30412, stack(0x0000004994800000,0x0000004994900000)]
  0x00000175f6288d40 JavaThread "UrlChecker-3" daemon [_thread_blocked, id=43396, stack(0x0000004994900000,0x0000004994a00000)]
  0x00000175f6287530 JavaThread "Exec Stream Pumper" daemon [_thread_in_native, id=34688, stack(0x0000004994a00000,0x0000004994b00000)]
  0x00000175f6287ed0 JavaThread "Exec Stream Pumper" daemon [_thread_in_native, id=52824, stack(0x0000004994b00000,0x0000004994c00000)]
  0x00000175f6289210 JavaThread "Keep-Alive-Timer" daemon [_thread_blocked, id=33212, stack(0x0000004994c00000,0x0000004994d00000)]

Other Threads:
  0x00000175f44e41b0 VMThread "VM Thread" [stack: 0x0000004992c00000,0x0000004992d00000] [id=34656]
  0x00000175d40a4750 WatcherThread [stack: 0x0000004993900000,0x0000004993a00000] [id=62912]
  0x00000175d64cc730 GCTaskThread "GC Thread#0" [stack: 0x0000004992700000,0x0000004992800000] [id=47396]
  0x00000175f609f3d0 GCTaskThread "GC Thread#1" [stack: 0x0000004993a00000,0x0000004993b00000] [id=56708]
  0x00000175f609f680 GCTaskThread "GC Thread#2" [stack: 0x0000004993b00000,0x0000004993c00000] [id=39776]
  0x00000175f64cfb50 GCTaskThread "GC Thread#3" [stack: 0x0000004993c00000,0x0000004993d00000] [id=66380]
  0x00000175f64ef220 GCTaskThread "GC Thread#4" [stack: 0x0000004993d00000,0x0000004993e00000] [id=65636]
  0x00000175f64fdd10 GCTaskThread "GC Thread#5" [stack: 0x0000004993e00000,0x0000004993f00000] [id=38976]
  0x00000175f64ff0d0 GCTaskThread "GC Thread#6" [stack: 0x0000004993f00000,0x0000004994000000] [id=16868]
  0x00000175f64d4ed0 GCTaskThread "GC Thread#7" [stack: 0x0000004994000000,0x0000004994100000] [id=24240]
  0x00000175d64ddcd0 ConcurrentGCThread "G1 Main Marker" [stack: 0x0000004992800000,0x0000004992900000] [id=30504]
  0x00000175d64dfac0 ConcurrentGCThread "G1 Conc#0" [stack: 0x0000004992900000,0x0000004992a00000] [id=21900]
  0x00000175f439a9a0 ConcurrentGCThread "G1 Refine#0" [stack: 0x0000004992a00000,0x0000004992b00000] [id=67756]
  0x00000175f439b580 ConcurrentGCThread "G1 Service" [stack: 0x0000004992b00000,0x0000004992c00000] [id=34636]

Threads with active compile tasks:
C2 CompilerThread0     4960 2288       4       jdk.internal.util.jar.JarIndex::get (49 bytes)
C2 CompilerThread1     4960 2298   !   4       java.util.concurrent.ConcurrentHashMap::putVal (432 bytes)

VM state: not at safepoint (normal execution)

VM Mutex/Monitor currently owned by a thread:  ([mutex/lock_event])
[0x00000175d6488c30] Compile_lock - owner thread: 0x0000000000000000

Heap address: 0x0000000081800000, size: 2024 MB, Compressed Oops mode: 32-bit

CDS archive(s) mapped at: [0x0000000800000000-0x0000000800bc0000-0x0000000800bc0000), size 12320768, SharedBaseAddress: 0x0000000800000000, ArchiveRelocationMode: 0.
Compressed class space mapped at: 0x0000000800c00000-0x0000000840c00000, reserved size: 1073741824
Narrow klass base: 0x0000000800000000, Narrow klass shift: 0, Narrow klass range: 0x100000000

GC Precious Log:
 CPUs: 8 total, 8 available
 Memory: 8093M
 Large Page Support: Disabled
 NUMA Support: Disabled
 Compressed Oops: Enabled (32-bit)
 Heap Region Size: 1M
 Heap Min Capacity: 8M
 Heap Initial Capacity: 128M
 Heap Max Capacity: 2024M
 Pre-touch: Disabled
 Parallel Workers: 8
 Concurrent Workers: 2
 Concurrent Refinement Workers: 8
 Periodic GC: Disabled

Heap:
 garbage-first heap   total 131072K, used 38888K [0x0000000081800000, 0x0000000100000000)
  region size 1024K, 33 young (33792K), 4 survivors (4096K)
 Metaspace       used 19077K, committed 19328K, reserved 1073152K
  class space    used 2297K, committed 2432K, reserved 1048576K

Heap Regions: E=young(eden), S=young(survivor), O=old, HS=humongous(starts), HC=humongous(continues), CS=collection set, F=free, OA=open archive, CA=closed archive, TAMS=top-at-mark-start (previous, next)
|   0|0x0000000081800000, 0x0000000081900000, 0x0000000081900000|100%| O|  |TAMS 0x0000000081800000, 0x0000000081800000| Untracked 
|   1|0x0000000081900000, 0x0000000081a00000, 0x0000000081a00000|100%| O|  |TAMS 0x0000000081900000, 0x0000000081900000| Untracked 
|   2|0x0000000081a00000, 0x0000000081b00000, 0x0000000081b00000|100%| O|  |TAMS 0x0000000081a00000, 0x0000000081a00000| Untracked 
|   3|0x0000000081b00000, 0x0000000081c00000, 0x0000000081c00000|100%| O|  |TAMS 0x0000000081b00000, 0x0000000081b00000| Untracked 
|   4|0x0000000081c00000, 0x0000000081d00000, 0x0000000081d00000|100%| O|  |TAMS 0x0000000081c00000, 0x0000000081c00000| Untracked 
|   5|0x0000000081d00000, 0x0000000081dfa200, 0x0000000081e00000| 97%| O|  |TAMS 0x0000000081d00000, 0x0000000081d00000| Untracked 
|   6|0x0000000081e00000, 0x0000000081e00000, 0x0000000081f00000|  0%| F|  |TAMS 0x0000000081e00000, 0x0000000081e00000| Untracked 
|   7|0x0000000081f00000, 0x0000000081f00000, 0x0000000082000000|  0%| F|  |TAMS 0x0000000081f00000, 0x0000000081f00000| Untracked 
|   8|0x0000000082000000, 0x0000000082000000, 0x0000000082100000|  0%| F|  |TAMS 0x0000000082000000, 0x0000000082000000| Untracked 
|   9|0x0000000082100000, 0x0000000082100000, 0x0000000082200000|  0%| F|  |TAMS 0x0000000082100000, 0x0000000082100000| Untracked 
|  10|0x0000000082200000, 0x0000000082200000, 0x0000000082300000|  0%| F|  |TAMS 0x0000000082200000, 0x0000000082200000| Untracked 
|  11|0x0000000082300000, 0x0000000082300000, 0x0000000082400000|  0%| F|  |TAMS 0x0000000082300000, 0x0000000082300000| Untracked 
|  12|0x0000000082400000, 0x0000000082400000, 0x0000000082500000|  0%| F|  |TAMS 0x0000000082400000, 0x0000000082400000| Untracked 
|  13|0x0000000082500000, 0x0000000082500000, 0x0000000082600000|  0%| F|  |TAMS 0x0000000082500000, 0x0000000082500000| Untracked 
|  14|0x0000000082600000, 0x0000000082600000, 0x0000000082700000|  0%| F|  |TAMS 0x0000000082600000, 0x0000000082600000| Untracked 
|  15|0x0000000082700000, 0x0000000082700000, 0x0000000082800000|  0%| F|  |TAMS 0x0000000082700000, 0x0000000082700000| Untracked 
|  16|0x0000000082800000, 0x0000000082800000, 0x0000000082900000|  0%| F|  |TAMS 0x0000000082800000, 0x0000000082800000| Untracked 
|  17|0x0000000082900000, 0x0000000082900000, 0x0000000082a00000|  0%| F|  |TAMS 0x0000000082900000, 0x0000000082900000| Untracked 
|  18|0x0000000082a00000, 0x0000000082a00000, 0x0000000082b00000|  0%| F|  |TAMS 0x0000000082a00000, 0x0000000082a00000| Untracked 
|  19|0x0000000082b00000, 0x0000000082b00000, 0x0000000082c00000|  0%| F|  |TAMS 0x0000000082b00000, 0x0000000082b00000| Untracked 
|  20|0x0000000082c00000, 0x0000000082c00000, 0x0000000082d00000|  0%| F|  |TAMS 0x0000000082c00000, 0x0000000082c00000| Untracked 
|  21|0x0000000082d00000, 0x0000000082d00000, 0x0000000082e00000|  0%| F|  |TAMS 0x0000000082d00000, 0x0000000082d00000| Untracked 
|  22|0x0000000082e00000, 0x0000000082e00000, 0x0000000082f00000|  0%| F|  |TAMS 0x0000000082e00000, 0x0000000082e00000| Untracked 
|  23|0x0000000082f00000, 0x0000000082f00000, 0x0000000083000000|  0%| F|  |TAMS 0x0000000082f00000, 0x0000000082f00000| Untracked 
|  24|0x0000000083000000, 0x0000000083000000, 0x0000000083100000|  0%| F|  |TAMS 0x0000000083000000, 0x0000000083000000| Untracked 
|  25|0x0000000083100000, 0x0000000083100000, 0x0000000083200000|  0%| F|  |TAMS 0x0000000083100000, 0x0000000083100000| Untracked 
|  26|0x0000000083200000, 0x0000000083200000, 0x0000000083300000|  0%| F|  |TAMS 0x0000000083200000, 0x0000000083200000| Untracked 
|  27|0x0000000083300000, 0x0000000083300000, 0x0000000083400000|  0%| F|  |TAMS 0x0000000083300000, 0x0000000083300000| Untracked 
|  28|0x0000000083400000, 0x0000000083400000, 0x0000000083500000|  0%| F|  |TAMS 0x0000000083400000, 0x0000000083400000| Untracked 
|  29|0x0000000083500000, 0x0000000083500000, 0x0000000083600000|  0%| F|  |TAMS 0x0000000083500000, 0x0000000083500000| Untracked 
|  30|0x0000000083600000, 0x0000000083600000, 0x0000000083700000|  0%| F|  |TAMS 0x0000000083600000, 0x0000000083600000| Untracked 
|  31|0x0000000083700000, 0x0000000083700000, 0x0000000083800000|  0%| F|  |TAMS 0x0000000083700000, 0x0000000083700000| Untracked 
|  32|0x0000000083800000, 0x0000000083800000, 0x0000000083900000|  0%| F|  |TAMS 0x0000000083800000, 0x0000000083800000| Untracked 
|  33|0x0000000083900000, 0x0000000083900000, 0x0000000083a00000|  0%| F|  |TAMS 0x0000000083900000, 0x0000000083900000| Untracked 
|  34|0x0000000083a00000, 0x0000000083a00000, 0x0000000083b00000|  0%| F|  |TAMS 0x0000000083a00000, 0x0000000083a00000| Untracked 
|  35|0x0000000083b00000, 0x0000000083b00000, 0x0000000083c00000|  0%| F|  |TAMS 0x0000000083b00000, 0x0000000083b00000| Untracked 
|  36|0x0000000083c00000, 0x0000000083c00000, 0x0000000083d00000|  0%| F|  |TAMS 0x0000000083c00000, 0x0000000083c00000| Untracked 
|  37|0x0000000083d00000, 0x0000000083d00000, 0x0000000083e00000|  0%| F|  |TAMS 0x0000000083d00000, 0x0000000083d00000| Untracked 
|  38|0x0000000083e00000, 0x0000000083e00000, 0x0000000083f00000|  0%| F|  |TAMS 0x0000000083e00000, 0x0000000083e00000| Untracked 
|  39|0x0000000083f00000, 0x0000000083f00000, 0x0000000084000000|  0%| F|  |TAMS 0x0000000083f00000, 0x0000000083f00000| Untracked 
|  40|0x0000000084000000, 0x0000000084000000, 0x0000000084100000|  0%| F|  |TAMS 0x0000000084000000, 0x0000000084000000| Untracked 
|  41|0x0000000084100000, 0x0000000084100000, 0x0000000084200000|  0%| F|  |TAMS 0x0000000084100000, 0x0000000084100000| Untracked 
|  42|0x0000000084200000, 0x0000000084200000, 0x0000000084300000|  0%| F|  |TAMS 0x0000000084200000, 0x0000000084200000| Untracked 
|  43|0x0000000084300000, 0x0000000084300000, 0x0000000084400000|  0%| F|  |TAMS 0x0000000084300000, 0x0000000084300000| Untracked 
|  44|0x0000000084400000, 0x0000000084400000, 0x0000000084500000|  0%| F|  |TAMS 0x0000000084400000, 0x0000000084400000| Untracked 
|  45|0x0000000084500000, 0x0000000084500000, 0x0000000084600000|  0%| F|  |TAMS 0x0000000084500000, 0x0000000084500000| Untracked 
|  46|0x0000000084600000, 0x0000000084600000, 0x0000000084700000|  0%| F|  |TAMS 0x0000000084600000, 0x0000000084600000| Untracked 
|  47|0x0000000084700000, 0x0000000084700000, 0x0000000084800000|  0%| F|  |TAMS 0x0000000084700000, 0x0000000084700000| Untracked 
|  48|0x0000000084800000, 0x0000000084800000, 0x0000000084900000|  0%| F|  |TAMS 0x0000000084800000, 0x0000000084800000| Untracked 
|  49|0x0000000084900000, 0x0000000084900000, 0x0000000084a00000|  0%| F|  |TAMS 0x0000000084900000, 0x0000000084900000| Untracked 
|  50|0x0000000084a00000, 0x0000000084a00000, 0x0000000084b00000|  0%| F|  |TAMS 0x0000000084a00000, 0x0000000084a00000| Untracked 
|  51|0x0000000084b00000, 0x0000000084b00000, 0x0000000084c00000|  0%| F|  |TAMS 0x0000000084b00000, 0x0000000084b00000| Untracked 
|  52|0x0000000084c00000, 0x0000000084c00000, 0x0000000084d00000|  0%| F|  |TAMS 0x0000000084c00000, 0x0000000084c00000| Untracked 
|  53|0x0000000084d00000, 0x0000000084d00000, 0x0000000084e00000|  0%| F|  |TAMS 0x0000000084d00000, 0x0000000084d00000| Untracked 
|  54|0x0000000084e00000, 0x0000000084e00000, 0x0000000084f00000|  0%| F|  |TAMS 0x0000000084e00000, 0x0000000084e00000| Untracked 
|  55|0x0000000084f00000, 0x0000000084f00000, 0x0000000085000000|  0%| F|  |TAMS 0x0000000084f00000, 0x0000000084f00000| Untracked 
|  56|0x0000000085000000, 0x0000000085000000, 0x0000000085100000|  0%| F|  |TAMS 0x0000000085000000, 0x0000000085000000| Untracked 
|  57|0x0000000085100000, 0x0000000085100000, 0x0000000085200000|  0%| F|  |TAMS 0x0000000085100000, 0x0000000085100000| Untracked 
|  58|0x0000000085200000, 0x0000000085200000, 0x0000000085300000|  0%| F|  |TAMS 0x0000000085200000, 0x0000000085200000| Untracked 
|  59|0x0000000085300000, 0x0000000085300000, 0x0000000085400000|  0%| F|  |TAMS 0x0000000085300000, 0x0000000085300000| Untracked 
|  60|0x0000000085400000, 0x0000000085400000, 0x0000000085500000|  0%| F|  |TAMS 0x0000000085400000, 0x0000000085400000| Untracked 
|  61|0x0000000085500000, 0x0000000085500000, 0x0000000085600000|  0%| F|  |TAMS 0x0000000085500000, 0x0000000085500000| Untracked 
|  62|0x0000000085600000, 0x0000000085600000, 0x0000000085700000|  0%| F|  |TAMS 0x0000000085600000, 0x0000000085600000| Untracked 
|  63|0x0000000085700000, 0x0000000085700000, 0x0000000085800000|  0%| F|  |TAMS 0x0000000085700000, 0x0000000085700000| Untracked 
|  64|0x0000000085800000, 0x0000000085800000, 0x0000000085900000|  0%| F|  |TAMS 0x0000000085800000, 0x0000000085800000| Untracked 
|  65|0x0000000085900000, 0x0000000085900000, 0x0000000085a00000|  0%| F|  |TAMS 0x0000000085900000, 0x0000000085900000| Untracked 
|  66|0x0000000085a00000, 0x0000000085a00000, 0x0000000085b00000|  0%| F|  |TAMS 0x0000000085a00000, 0x0000000085a00000| Untracked 
|  67|0x0000000085b00000, 0x0000000085b00000, 0x0000000085c00000|  0%| F|  |TAMS 0x0000000085b00000, 0x0000000085b00000| Untracked 
|  68|0x0000000085c00000, 0x0000000085c00000, 0x0000000085d00000|  0%| F|  |TAMS 0x0000000085c00000, 0x0000000085c00000| Untracked 
|  69|0x0000000085d00000, 0x0000000085d00000, 0x0000000085e00000|  0%| F|  |TAMS 0x0000000085d00000, 0x0000000085d00000| Untracked 
|  70|0x0000000085e00000, 0x0000000085e00000, 0x0000000085f00000|  0%| F|  |TAMS 0x0000000085e00000, 0x0000000085e00000| Untracked 
|  71|0x0000000085f00000, 0x0000000085f00000, 0x0000000086000000|  0%| F|  |TAMS 0x0000000085f00000, 0x0000000085f00000| Untracked 
|  72|0x0000000086000000, 0x0000000086000000, 0x0000000086100000|  0%| F|  |TAMS 0x0000000086000000, 0x0000000086000000| Untracked 
|  73|0x0000000086100000, 0x0000000086100000, 0x0000000086200000|  0%| F|  |TAMS 0x0000000086100000, 0x0000000086100000| Untracked 
|  74|0x0000000086200000, 0x0000000086200000, 0x0000000086300000|  0%| F|  |TAMS 0x0000000086200000, 0x0000000086200000| Untracked 
|  75|0x0000000086300000, 0x0000000086300000, 0x0000000086400000|  0%| F|  |TAMS 0x0000000086300000, 0x0000000086300000| Untracked 
|  76|0x0000000086400000, 0x0000000086400000, 0x0000000086500000|  0%| F|  |TAMS 0x0000000086400000, 0x0000000086400000| Untracked 
|  77|0x0000000086500000, 0x0000000086500000, 0x0000000086600000|  0%| F|  |TAMS 0x0000000086500000, 0x0000000086500000| Untracked 
|  78|0x0000000086600000, 0x0000000086600000, 0x0000000086700000|  0%| F|  |TAMS 0x0000000086600000, 0x0000000086600000| Untracked 
|  79|0x0000000086700000, 0x0000000086700000, 0x0000000086800000|  0%| F|  |TAMS 0x0000000086700000, 0x0000000086700000| Untracked 
|  80|0x0000000086800000, 0x0000000086800000, 0x0000000086900000|  0%| F|  |TAMS 0x0000000086800000, 0x0000000086800000| Untracked 
|  81|0x0000000086900000, 0x0000000086900000, 0x0000000086a00000|  0%| F|  |TAMS 0x0000000086900000, 0x0000000086900000| Untracked 
|  82|0x0000000086a00000, 0x0000000086a00000, 0x0000000086b00000|  0%| F|  |TAMS 0x0000000086a00000, 0x0000000086a00000| Untracked 
|  83|0x0000000086b00000, 0x0000000086b00000, 0x0000000086c00000|  0%| F|  |TAMS 0x0000000086b00000, 0x0000000086b00000| Untracked 
|  84|0x0000000086c00000, 0x0000000086c00000, 0x0000000086d00000|  0%| F|  |TAMS 0x0000000086c00000, 0x0000000086c00000| Untracked 
|  85|0x0000000086d00000, 0x0000000086d00000, 0x0000000086e00000|  0%| F|  |TAMS 0x0000000086d00000, 0x0000000086d00000| Untracked 
|  86|0x0000000086e00000, 0x0000000086e00000, 0x0000000086f00000|  0%| F|  |TAMS 0x0000000086e00000, 0x0000000086e00000| Untracked 
|  87|0x0000000086f00000, 0x0000000086f00000, 0x0000000087000000|  0%| F|  |TAMS 0x0000000086f00000, 0x0000000086f00000| Untracked 
|  88|0x0000000087000000, 0x0000000087000000, 0x0000000087100000|  0%| F|  |TAMS 0x0000000087000000, 0x0000000087000000| Untracked 
|  89|0x0000000087100000, 0x0000000087100000, 0x0000000087200000|  0%| F|  |TAMS 0x0000000087100000, 0x0000000087100000| Untracked 
|  90|0x0000000087200000, 0x0000000087200000, 0x0000000087300000|  0%| F|  |TAMS 0x0000000087200000, 0x0000000087200000| Untracked 
|  91|0x0000000087300000, 0x0000000087300000, 0x0000000087400000|  0%| F|  |TAMS 0x0000000087300000, 0x0000000087300000| Untracked 
|  92|0x0000000087400000, 0x0000000087400000, 0x0000000087500000|  0%| F|  |TAMS 0x0000000087400000, 0x0000000087400000| Untracked 
|  93|0x0000000087500000, 0x0000000087600000, 0x0000000087600000|100%| S|CS|TAMS 0x0000000087500000, 0x0000000087500000| Complete 
|  94|0x0000000087600000, 0x0000000087700000, 0x0000000087700000|100%| S|CS|TAMS 0x0000000087600000, 0x0000000087600000| Complete 
|  95|0x0000000087700000, 0x0000000087800000, 0x0000000087800000|100%| S|CS|TAMS 0x0000000087700000, 0x0000000087700000| Complete 
|  96|0x0000000087800000, 0x0000000087900000, 0x0000000087900000|100%| S|CS|TAMS 0x0000000087800000, 0x0000000087800000| Complete 
|  97|0x0000000087900000, 0x0000000087900000, 0x0000000087a00000|  0%| F|  |TAMS 0x0000000087900000, 0x0000000087900000| Untracked 
|  98|0x0000000087a00000, 0x0000000087a80c10, 0x0000000087b00000| 50%| E|  |TAMS 0x0000000087a00000, 0x0000000087a00000| Complete 
|  99|0x0000000087b00000, 0x0000000087c00000, 0x0000000087c00000|100%| E|CS|TAMS 0x0000000087b00000, 0x0000000087b00000| Complete 
| 100|0x0000000087c00000, 0x0000000087d00000, 0x0000000087d00000|100%| E|CS|TAMS 0x0000000087c00000, 0x0000000087c00000| Complete 
| 101|0x0000000087d00000, 0x0000000087e00000, 0x0000000087e00000|100%| E|CS|TAMS 0x0000000087d00000, 0x0000000087d00000| Complete 
| 102|0x0000000087e00000, 0x0000000087f00000, 0x0000000087f00000|100%| E|CS|TAMS 0x0000000087e00000, 0x0000000087e00000| Complete 
| 103|0x0000000087f00000, 0x0000000088000000, 0x0000000088000000|100%| E|CS|TAMS 0x0000000087f00000, 0x0000000087f00000| Complete 
| 104|0x0000000088000000, 0x0000000088100000, 0x0000000088100000|100%| E|CS|TAMS 0x0000000088000000, 0x0000000088000000| Complete 
| 105|0x0000000088100000, 0x0000000088200000, 0x0000000088200000|100%| E|CS|TAMS 0x0000000088100000, 0x0000000088100000| Complete 
| 106|0x0000000088200000, 0x0000000088300000, 0x0000000088300000|100%| E|CS|TAMS 0x0000000088200000, 0x0000000088200000| Complete 
| 107|0x0000000088300000, 0x0000000088400000, 0x0000000088400000|100%| E|CS|TAMS 0x0000000088300000, 0x0000000088300000| Complete 
| 108|0x0000000088400000, 0x0000000088500000, 0x0000000088500000|100%| E|CS|TAMS 0x0000000088400000, 0x0000000088400000| Complete 
| 109|0x0000000088500000, 0x0000000088600000, 0x0000000088600000|100%| E|CS|TAMS 0x0000000088500000, 0x0000000088500000| Complete 
| 110|0x0000000088600000, 0x0000000088700000, 0x0000000088700000|100%| E|CS|TAMS 0x0000000088600000, 0x0000000088600000| Complete 
| 111|0x0000000088700000, 0x0000000088800000, 0x0000000088800000|100%| E|CS|TAMS 0x0000000088700000, 0x0000000088700000| Complete 
| 112|0x0000000088800000, 0x0000000088900000, 0x0000000088900000|100%| E|CS|TAMS 0x0000000088800000, 0x0000000088800000| Complete 
| 113|0x0000000088900000, 0x0000000088a00000, 0x0000000088a00000|100%| E|CS|TAMS 0x0000000088900000, 0x0000000088900000| Complete 
| 114|0x0000000088a00000, 0x0000000088b00000, 0x0000000088b00000|100%| E|CS|TAMS 0x0000000088a00000, 0x0000000088a00000| Complete 
| 115|0x0000000088b00000, 0x0000000088c00000, 0x0000000088c00000|100%| E|CS|TAMS 0x0000000088b00000, 0x0000000088b00000| Complete 
| 116|0x0000000088c00000, 0x0000000088d00000, 0x0000000088d00000|100%| E|CS|TAMS 0x0000000088c00000, 0x0000000088c00000| Complete 
| 117|0x0000000088d00000, 0x0000000088e00000, 0x0000000088e00000|100%| E|CS|TAMS 0x0000000088d00000, 0x0000000088d00000| Complete 
| 118|0x0000000088e00000, 0x0000000088f00000, 0x0000000088f00000|100%| E|CS|TAMS 0x0000000088e00000, 0x0000000088e00000| Complete 
| 119|0x0000000088f00000, 0x0000000089000000, 0x0000000089000000|100%| E|CS|TAMS 0x0000000088f00000, 0x0000000088f00000| Complete 
| 120|0x0000000089000000, 0x0000000089100000, 0x0000000089100000|100%| E|CS|TAMS 0x0000000089000000, 0x0000000089000000| Complete 
| 121|0x0000000089100000, 0x0000000089200000, 0x0000000089200000|100%| E|CS|TAMS 0x0000000089100000, 0x0000000089100000| Complete 
| 122|0x0000000089200000, 0x0000000089300000, 0x0000000089300000|100%| E|CS|TAMS 0x0000000089200000, 0x0000000089200000| Complete 
| 123|0x0000000089300000, 0x0000000089400000, 0x0000000089400000|100%| E|CS|TAMS 0x0000000089300000, 0x0000000089300000| Complete 
| 124|0x0000000089400000, 0x0000000089500000, 0x0000000089500000|100%| E|CS|TAMS 0x0000000089400000, 0x0000000089400000| Complete 
| 125|0x0000000089500000, 0x0000000089600000, 0x0000000089600000|100%| E|CS|TAMS 0x0000000089500000, 0x0000000089500000| Complete 
| 126|0x0000000089600000, 0x0000000089700000, 0x0000000089700000|100%| E|CS|TAMS 0x0000000089600000, 0x0000000089600000| Complete 
| 127|0x0000000089700000, 0x0000000089800000, 0x0000000089800000|100%| E|CS|TAMS 0x0000000089700000, 0x0000000089700000| Complete 

Card table byte_map: [0x00000175ed370000,0x00000175ed770000] _byte_map_base: 0x00000175ecf64000

Marking Bits (Prev, Next): (CMBitMap*) 0x00000175d64ccd40, (CMBitMap*) 0x00000175d64ccd80
 Prev Bits: [0x00000175edb70000, 0x00000175efb10000)
 Next Bits: [0x00000175efb10000, 0x00000175f1ab0000)

Polling page: 0x00000175d43a0000

Metaspace:

Usage:
  Non-class:     16.45 MB used.
      Class:      2.26 MB used.
       Both:     18.70 MB used.

Virtual space:
  Non-class space:       24.00 MB reserved,      16.62 MB ( 69%) committed,  3 nodes.
      Class space:        1.00 GB reserved,       2.44 MB ( <1%) committed,  1 nodes.
             Both:        1.02 GB reserved,      19.06 MB (  2%) committed. 

Chunk freelists:
   Non-Class:  2.51 MB
       Class:  1.48 MB
        Both:  4.00 MB

MaxMetaspaceSize: unlimited
CompressedClassSpaceSize: 1.00 GB
Initial GC threshold: 21.00 MB
Current GC threshold: 21.00 MB
CDS: on
MetaspaceReclaimPolicy: balanced
 - commit_granule_bytes: 65536.
 - commit_granule_words: 8192.
 - virtual_space_node_default_size: 1048576.
 - enlarge_chunks_in_place: 1.
 - new_chunks_are_fully_committed: 0.
 - uncommit_free_chunks: 1.
 - use_allocation_guard: 0.
 - handle_deallocations: 1.


Internal statistics:

num_allocs_failed_limit: 0.
num_arena_births: 292.
num_arena_deaths: 0.
num_vsnodes_births: 4.
num_vsnodes_deaths: 0.
num_space_committed: 305.
num_space_uncommitted: 0.
num_chunks_returned_to_freelist: 0.
num_chunks_taken_from_freelist: 750.
num_chunk_merges: 0.
num_chunk_splits: 501.
num_chunks_enlarged: 352.
num_purges: 0.
num_inconsistent_stats: 0.

CodeHeap 'non-profiled nmethods': size=120000Kb used=1033Kb max_used=1033Kb free=118966Kb
 bounds [0x00000175e5710000, 0x00000175e5980000, 0x00000175ecc40000]
CodeHeap 'profiled nmethods': size=120000Kb used=4743Kb max_used=4743Kb free=115256Kb
 bounds [0x00000175de1e0000, 0x00000175de690000, 0x00000175e5710000]
CodeHeap 'non-nmethods': size=5760Kb used=1249Kb max_used=1291Kb free=4510Kb
 bounds [0x00000175ddc40000, 0x00000175ddeb0000, 0x00000175de1e0000]
 total_blobs=2912 nmethods=2359 adapters=465
 compilation: enabled
              stopped_count=0, restarted_count=0
 full_count=0

Compilation events (20 events):
Event: 4.874 Thread 0x00000175d40a7b90 nmethod 2289 0x00000175de63d810 code [0x00000175de63d9e0, 0x00000175de63ddb8]
Event: 4.874 Thread 0x00000175d40a7b90 2290       3       java.lang.invoke.DelegatingMethodHandle::chooseDelegatingForm (24 bytes)
Event: 4.874 Thread 0x00000175d40a7b90 nmethod 2290 0x00000175de63df10 code [0x00000175de63e0c0, 0x00000175de63e408]
Event: 4.876 Thread 0x00000175d40a7b90 2292       3       java.util.ArrayList::isEmpty (13 bytes)
Event: 4.876 Thread 0x00000175d40a7b90 nmethod 2292 0x00000175de63e510 code [0x00000175de63e6a0, 0x00000175de63e818]
Event: 4.877 Thread 0x00000175d40a7b90 2294       3       jdk.internal.org.objectweb.asm.Frame::execute (2305 bytes)
Event: 4.881 Thread 0x00000175d40a7b90 nmethod 2294 0x00000175de63e890 code [0x00000175de63f7c0, 0x00000175de646238]
Event: 4.881 Thread 0x00000175d40a7b90 2297       3       jdk.internal.org.objectweb.asm.ClassWriter::<init> (68 bytes)
Event: 4.882 Thread 0x00000175d40a7b90 nmethod 2297 0x00000175de647e10 code [0x00000175de647fe0, 0x00000175de648488]
Event: 4.886 Thread 0x00000175d40a7b90 2299       3       java.lang.invoke.DirectMethodHandle::make (275 bytes)
Event: 4.888 Thread 0x00000175d40a7b90 nmethod 2299 0x00000175de648610 code [0x00000175de6489a0, 0x00000175de649e18]
Event: 4.890 Thread 0x00000175d40a7b90 2300       1       java.util.logging.Logger::getName (5 bytes)
Event: 4.891 Thread 0x00000175d40a7b90 nmethod 2300 0x00000175e5811590 code [0x00000175e5811720, 0x00000175e58117f8]
Event: 4.892 Thread 0x00000175d40a7b90 2302       3       java.util.Formatter$FormatSpecifier::print (409 bytes)
Event: 4.897 Thread 0x00000175d40a7b90 nmethod 2302 0x00000175de64a610 code [0x00000175de64ab80, 0x00000175de64dcb8]
Event: 4.897 Thread 0x00000175d40a7b90 2303       3       java.util.regex.Pattern$BmpCharPropertyGreedy::match (89 bytes)
Event: 4.897 Thread 0x00000175d40a7b90 nmethod 2303 0x00000175de64ed10 code [0x00000175de64ef00, 0x00000175de64f568]
Event: 4.897 Thread 0x00000175d40a7b90 2305   !   3       java.util.Formatter::format (283 bytes)
Event: 4.898 Thread 0x00000175d40a7b90 nmethod 2305 0x00000175de64f790 code [0x00000175de64faa0, 0x00000175de650ee8]
Event: 4.898 Thread 0x00000175d40a7b90 2306       3       java.util.Formatter::parse (216 bytes)

GC Heap History (4 events):
Event: 1.501 GC heap before
{Heap before GC invocations=0 (full 0):
 garbage-first heap   total 131072K, used 22528K [0x0000000081800000, 0x0000000100000000)
  region size 1024K, 23 young (23552K), 0 survivors (0K)
 Metaspace       used 5485K, committed 5696K, reserved 1056768K
  class space    used 593K, committed 704K, reserved 1048576K
}
Event: 1.507 GC heap after
{Heap after GC invocations=1 (full 0):
 garbage-first heap   total 131072K, used 5768K [0x0000000081800000, 0x0000000100000000)
  region size 1024K, 3 young (3072K), 3 survivors (3072K)
 Metaspace       used 5485K, committed 5696K, reserved 1056768K
  class space    used 593K, committed 704K, reserved 1048576K
}
Event: 2.314 GC heap before
{Heap before GC invocations=1 (full 0):
 garbage-first heap   total 131072K, used 34440K [0x0000000081800000, 0x0000000100000000)
  region size 1024K, 31 young (31744K), 3 survivors (3072K)
 Metaspace       used 10847K, committed 11072K, reserved 1064960K
  class space    used 1192K, committed 1280K, reserved 1048576K
}
Event: 2.324 GC heap after
{Heap after GC invocations=2 (full 0):
 garbage-first heap   total 131072K, used 10216K [0x0000000081800000, 0x0000000100000000)
  region size 1024K, 4 young (4096K), 4 survivors (4096K)
 Metaspace       used 10847K, committed 11072K, reserved 1064960K
  class space    used 1192K, committed 1280K, reserved 1048576K
}

Deoptimization events (20 events):
Event: 2.745 Thread 0x00000175d648d7a0 Uncommon trap: trap_request=0xffffff45 fr.pc=0x00000175e579da98 relative=0x0000000000000218
Event: 2.745 Thread 0x00000175d648d7a0 Uncommon trap: reason=unstable_if action=reinterpret pc=0x00000175e579da98 method=java.util.HashMap.putVal(ILjava/lang/Object;Ljava/lang/Object;ZZ)Ljava/lang/Object; @ 162 c2
Event: 2.745 Thread 0x00000175d648d7a0 DEOPT PACKING pc=0x00000175e579da98 sp=0x00000049925f8640
Event: 2.745 Thread 0x00000175d648d7a0 DEOPT UNPACKING pc=0x00000175ddc923a3 sp=0x00000049925f8568 mode 2
Event: 3.052 Thread 0x00000175d648d7a0 Uncommon trap: trap_request=0xffffffde fr.pc=0x00000175e57d07ec relative=0x00000000000002cc
Event: 3.052 Thread 0x00000175d648d7a0 Uncommon trap: reason=class_check action=maybe_recompile pc=0x00000175e57d07ec method=java.util.regex.Matcher.search(I)Z @ 121 c2
Event: 3.052 Thread 0x00000175d648d7a0 DEOPT PACKING pc=0x00000175e57d07ec sp=0x00000049925fb540
Event: 3.052 Thread 0x00000175d648d7a0 DEOPT UNPACKING pc=0x00000175ddc923a3 sp=0x00000049925fb4d0 mode 2
Event: 3.079 Thread 0x00000175d648d7a0 Uncommon trap: trap_request=0xffffff45 fr.pc=0x00000175e578afd8 relative=0x00000000000005b8
Event: 3.079 Thread 0x00000175d648d7a0 Uncommon trap: reason=unstable_if action=reinterpret pc=0x00000175e578afd8 method=java.lang.String.replace(CC)Ljava/lang/String; @ 2 c2
Event: 3.079 Thread 0x00000175d648d7a0 DEOPT PACKING pc=0x00000175e578afd8 sp=0x00000049925fccc0
Event: 3.079 Thread 0x00000175d648d7a0 DEOPT UNPACKING pc=0x00000175ddc923a3 sp=0x00000049925fcc70 mode 2
Event: 3.108 Thread 0x00000175f62896e0 Uncommon trap: trap_request=0xffffff45 fr.pc=0x00000175e57d2f1c relative=0x00000000000000fc
Event: 3.108 Thread 0x00000175f62896e0 Uncommon trap: reason=unstable_if action=reinterpret pc=0x00000175e57d2f1c method=java.lang.CharacterDataLatin1.digit(II)I @ 12 c2
Event: 3.108 Thread 0x00000175f62896e0 DEOPT PACKING pc=0x00000175e57d2f1c sp=0x00000049945fe620
Event: 3.108 Thread 0x00000175f62896e0 DEOPT UNPACKING pc=0x00000175ddc923a3 sp=0x00000049945fe540 mode 2
Event: 4.876 Thread 0x00000175d648d7a0 Uncommon trap: trap_request=0xffffff45 fr.pc=0x00000175e57a37c0 relative=0x0000000000002840
Event: 4.876 Thread 0x00000175d648d7a0 Uncommon trap: reason=unstable_if action=reinterpret pc=0x00000175e57a37c0 method=jdk.internal.org.objectweb.asm.Frame.push(Ljdk/internal/org/objectweb/asm/SymbolTable;Ljava/lang/String;)V @ 49 c2
Event: 4.876 Thread 0x00000175d648d7a0 DEOPT PACKING pc=0x00000175e57a37c0 sp=0x00000049925fbea0
Event: 4.876 Thread 0x00000175d648d7a0 DEOPT UNPACKING pc=0x00000175ddc923a3 sp=0x00000049925fbdb0 mode 2

Classes unloaded (0 events):
No events

Classes redefined (0 events):
No events

Internal exceptions (20 events):
Event: 3.837 Thread 0x00000175f62896e0 Exception <a 'java/net/SocketException'{0x000000008810f100}: Socket is not connected: shutdown> (0x000000008810f100) 
thrown [t:\workspace\open\src\hotspot\share\prims\jni.cpp, line 535]
Event: 3.837 Thread 0x00000175f6288d40 Exception <a 'java/net/ConnectException'{0x0000000087f7e908}: Connection refused: no further information> (0x0000000087f7e908) 
thrown [t:\workspace\open\src\hotspot\share\prims\jni.cpp, line 535]
Event: 3.837 Thread 0x00000175f6288d40 Exception <a 'java/net/SocketException'{0x0000000087f7ec40}: Socket is not connected: shutdown> (0x0000000087f7ec40) 
thrown [t:\workspace\open\src\hotspot\share\prims\jni.cpp, line 535]
Event: 3.900 Thread 0x00000175f6288d40 Exception <a 'java/net/ConnectException'{0x0000000087f7fbd8}: Connection refused: no further information> (0x0000000087f7fbd8) 
thrown [t:\workspace\open\src\hotspot\share\prims\jni.cpp, line 535]
Event: 3.900 Thread 0x00000175f6288d40 Exception <a 'java/net/SocketException'{0x0000000087f7ff10}: Socket is not connected: shutdown> (0x0000000087f7ff10) 
thrown [t:\workspace\open\src\hotspot\share\prims\jni.cpp, line 535]
Event: 4.010 Thread 0x00000175f6288d40 Exception <a 'java/net/ConnectException'{0x0000000087f80ea8}: Connection refused: no further information> (0x0000000087f80ea8) 
thrown [t:\workspace\open\src\hotspot\share\prims\jni.cpp, line 535]
Event: 4.010 Thread 0x00000175f6288d40 Exception <a 'java/net/SocketException'{0x0000000087f811e0}: Socket is not connected: shutdown> (0x0000000087f811e0) 
thrown [t:\workspace\open\src\hotspot\share\prims\jni.cpp, line 535]
Event: 4.169 Thread 0x00000175f62896e0 Exception <a 'java/net/ConnectException'{0x0000000088110098}: Connection refused: no further information> (0x0000000088110098) 
thrown [t:\workspace\open\src\hotspot\share\prims\jni.cpp, line 535]
Event: 4.169 Thread 0x00000175f62896e0 Exception <a 'java/net/SocketException'{0x00000000881103d0}: Socket is not connected: shutdown> (0x00000000881103d0) 
thrown [t:\workspace\open\src\hotspot\share\prims\jni.cpp, line 535]
Event: 4.201 Thread 0x00000175f6288d40 Exception <a 'java/net/ConnectException'{0x0000000087f82178}: Connection refused: no further information> (0x0000000087f82178) 
thrown [t:\workspace\open\src\hotspot\share\prims\jni.cpp, line 535]
Event: 4.201 Thread 0x00000175f6288d40 Exception <a 'java/net/SocketException'{0x0000000087f824b0}: Socket is not connected: shutdown> (0x0000000087f824b0) 
thrown [t:\workspace\open\src\hotspot\share\prims\jni.cpp, line 535]
Event: 4.513 Thread 0x00000175f62896e0 Exception <a 'java/net/ConnectException'{0x0000000088111368}: Connection refused: no further information> (0x0000000088111368) 
thrown [t:\workspace\open\src\hotspot\share\prims\jni.cpp, line 535]
Event: 4.513 Thread 0x00000175f62896e0 Exception <a 'java/net/SocketException'{0x00000000881116a0}: Socket is not connected: shutdown> (0x00000000881116a0) 
thrown [t:\workspace\open\src\hotspot\share\prims\jni.cpp, line 535]
Event: 4.529 Thread 0x00000175f6288d40 Exception <a 'java/net/ConnectException'{0x0000000087f83448}: Connection refused: no further information> (0x0000000087f83448) 
thrown [t:\workspace\open\src\hotspot\share\prims\jni.cpp, line 535]
Event: 4.529 Thread 0x00000175f6288d40 Exception <a 'java/net/SocketException'{0x0000000087f83780}: Socket is not connected: shutdown> (0x0000000087f83780) 
thrown [t:\workspace\open\src\hotspot\share\prims\jni.cpp, line 535]
Event: 4.858 Thread 0x00000175f62896e0 Exception <a 'java/net/ConnectException'{0x0000000088112638}: Connection refused: no further information> (0x0000000088112638) 
thrown [t:\workspace\open\src\hotspot\share\prims\jni.cpp, line 535]
Event: 4.858 Thread 0x00000175f62896e0 Exception <a 'java/net/SocketException'{0x0000000088112970}: Socket is not connected: shutdown> (0x0000000088112970) 
thrown [t:\workspace\open\src\hotspot\share\prims\jni.cpp, line 535]
Event: 4.876 Thread 0x00000175d648d7a0 Exception <a 'java/lang/NoSuchMethodError'{0x0000000087e3bda0}: 'double java.lang.invoke.DirectMethodHandle$Holder.invokeVirtual(java.lang.Object, java.lang.Object)'> (0x0000000087e3bda0) 
thrown [t:\workspace\open\src\hotspot\share\interpreter\linkResolver.cpp, line 766]
Event: 4.877 Thread 0x00000175d648d7a0 Exception <a 'java/lang/NoSuchMethodError'{0x0000000087e42548}: 'float java.lang.invoke.DirectMethodHandle$Holder.invokeVirtual(java.lang.Object, java.lang.Object)'> (0x0000000087e42548) 
thrown [t:\workspace\open\src\hotspot\share\interpreter\linkResolver.cpp, line 766]
Event: 4.877 Thread 0x00000175d648d7a0 Exception <a 'java/lang/NoSuchMethodError'{0x0000000087e4b528}: 'long java.lang.invoke.DirectMethodHandle$Holder.invokeVirtual(java.lang.Object, java.lang.Object)'> (0x0000000087e4b528) 
thrown [t:\workspace\open\src\hotspot\share\interpreter\linkResolver.cpp, line 766]

VM Operations (20 events):
Event: 2.252 Executing VM operation: ICBufferFull
Event: 2.252 Executing VM operation: ICBufferFull done
Event: 2.276 Executing VM operation: ICBufferFull
Event: 2.276 Executing VM operation: ICBufferFull done
Event: 2.281 Executing VM operation: ICBufferFull
Event: 2.281 Executing VM operation: ICBufferFull done
Event: 2.314 Executing VM operation: G1CollectForAllocation
Event: 2.324 Executing VM operation: G1CollectForAllocation done
Event: 2.491 Executing VM operation: HandshakeAllThreads
Event: 2.491 Executing VM operation: HandshakeAllThreads done
Event: 3.492 Executing VM operation: Cleanup
Event: 3.492 Executing VM operation: Cleanup done
Event: 4.497 Executing VM operation: Cleanup
Event: 4.498 Executing VM operation: Cleanup done
Event: 4.861 Executing VM operation: HandshakeAllThreads
Event: 4.861 Executing VM operation: HandshakeAllThreads done
Event: 4.862 Executing VM operation: HandshakeAllThreads
Event: 4.862 Executing VM operation: HandshakeAllThreads done
Event: 4.863 Executing VM operation: HandshakeAllThreads
Event: 4.863 Executing VM operation: HandshakeAllThreads done

Events (20 events):
Event: 4.862 loading class sun/net/www/http/KeepAliveStreamCleaner$1 done
Event: 4.862 loading class sun/net/www/http/KeepAliveStreamCleaner$2
Event: 4.862 loading class sun/net/www/http/KeepAliveStreamCleaner$2 done
Event: 4.862 loading class sun/net/www/protocol/http/HttpURLConnection$HttpInputStream
Event: 4.862 loading class sun/net/www/protocol/http/HttpURLConnection$HttpInputStream done
Event: 4.862 loading class sun/net/www/http/ChunkedInputStream
Event: 4.862 loading class sun/net/www/http/ChunkedInputStream done
Event: 4.862 loading class sun/net/www/http/KeepAliveCache$1
Event: 4.862 loading class sun/net/www/http/KeepAliveCache$1 done
Event: 4.863 Thread 0x00000175f6289210 Thread added: 0x00000175f6289210
Event: 4.863 loading class sun/net/www/http/ClientVector
Event: 4.863 loading class sun/net/www/http/ClientVector done
Event: 4.863 loading class sun/net/www/http/KeepAliveEntry
Event: 4.863 loading class sun/net/www/http/KeepAliveEntry done
Event: 4.874 loading class java/util/RegularEnumSet$EnumSetIterator
Event: 4.874 loading class java/util/RegularEnumSet$EnumSetIterator done
Event: 4.881 loading class java/time/format/DateTimeParseException
Event: 4.882 loading class java/time/DateTimeException
Event: 4.882 loading class java/time/DateTimeException done
Event: 4.882 loading class java/time/format/DateTimeParseException done


Dynamic libraries:
0x00007ff7b2270000 - 0x00007ff7b2280000 	C:\Program Files\Java\jdk-17.0.1\bin\java.exe
0x00007fff11a50000 - 0x00007fff11c45000 	C:\WINDOWS\SYSTEM32\ntdll.dll
0x00007fff0fb00000 - 0x00007fff0fbbe000 	C:\WINDOWS\System32\KERNEL32.DLL
0x00007fff0f770000 - 0x00007fff0fa39000 	C:\WINDOWS\System32\KERNELBASE.dll
0x00007fff0f5d0000 - 0x00007fff0f6d0000 	C:\WINDOWS\System32\ucrtbase.dll
0x00007fff06670000 - 0x00007fff06688000 	C:\Program Files\Java\jdk-17.0.1\bin\jli.dll
0x00007fff117d0000 - 0x00007fff1187c000 	C:\WINDOWS\System32\ADVAPI32.dll
0x00007fff0fbd0000 - 0x00007fff0fc6e000 	C:\WINDOWS\System32\msvcrt.dll
0x00007fff0ffc0000 - 0x00007fff1005b000 	C:\WINDOWS\System32\sechost.dll
0x00007fff10520000 - 0x00007fff1064a000 	C:\WINDOWS\System32\RPCRT4.dll
0x00007fff10e30000 - 0x00007fff10fd1000 	C:\WINDOWS\System32\USER32.dll
0x00007fff0f510000 - 0x00007fff0f532000 	C:\WINDOWS\System32\win32u.dll
0x00007fff10e00000 - 0x00007fff10e2b000 	C:\WINDOWS\System32\GDI32.dll
0x00007fff0f220000 - 0x00007fff0f32b000 	C:\WINDOWS\System32\gdi32full.dll
0x00007fff0f6d0000 - 0x00007fff0f76d000 	C:\WINDOWS\System32\msvcp_win.dll
0x00007fff05ba0000 - 0x00007fff05bba000 	C:\Program Files\Java\jdk-17.0.1\bin\VCRUNTIME140.dll
0x00007ffef7f90000 - 0x00007ffef822a000 	C:\WINDOWS\WinSxS\amd64_microsoft.windows.common-controls_6595b64144ccf1df_6.0.19041.1110_none_60b5254171f9507e\COMCTL32.dll
0x00007fff0d320000 - 0x00007fff0d32a000 	C:\WINDOWS\SYSTEM32\VERSION.dll
0x00007fff10d00000 - 0x00007fff10d30000 	C:\WINDOWS\System32\IMM32.DLL
0x00007ffeedd30000 - 0x00007ffeede88000 	C:\Program Files (x86)\Citrix\ICA Client\epclient64.dll
0x00007fff0f4e0000 - 0x00007fff0f507000 	C:\WINDOWS\System32\bcrypt.dll
0x00007fff100e0000 - 0x00007fff10435000 	C:\WINDOWS\System32\combase.dll
0x00007fff0cf30000 - 0x00007fff0cf63000 	C:\WINDOWS\SYSTEM32\ntmarta.dll
0x00007fff0d300000 - 0x00007fff0d312000 	C:\WINDOWS\SYSTEM32\kernel.appcore.dll
0x00007fff0eec0000 - 0x00007fff0ef03000 	C:\Program Files\AppSense\Application Manager\Agent\AMLdrAppInit.dll
0x00000175d5b80000 - 0x00000175d5c03000 	C:\WINDOWS\System32\bcryptprimitives.dll
0x00007fff0b350000 - 0x00007fff0b35c000 	C:\Program Files\Java\jdk-17.0.1\bin\vcruntime140_1.dll
0x00007ffed8920000 - 0x00007ffed89ad000 	C:\Program Files\Java\jdk-17.0.1\bin\msvcp140.dll
0x00007ffea7a40000 - 0x00007ffea85fe000 	C:\Program Files\Java\jdk-17.0.1\bin\server\jvm.dll
0x00007fff100d0000 - 0x00007fff100d8000 	C:\WINDOWS\System32\PSAPI.DLL
0x00007ffeead90000 - 0x00007ffeead99000 	C:\WINDOWS\SYSTEM32\WSOCK32.dll
0x00007fff10060000 - 0x00007fff100cb000 	C:\WINDOWS\System32\WS2_32.dll
0x00007ffeed300000 - 0x00007ffeed327000 	C:\WINDOWS\SYSTEM32\WINMM.dll
0x00007fff09fc0000 - 0x00007fff09fca000 	C:\Program Files\Java\jdk-17.0.1\bin\jimage.dll
0x00007fff0c5b0000 - 0x00007fff0c794000 	C:\WINDOWS\SYSTEM32\DBGHELP.DLL
0x00007ffef3fb0000 - 0x00007ffef3fdc000 	C:\WINDOWS\SYSTEM32\dbgcore.DLL
0x00007fff06a70000 - 0x00007fff06a7e000 	C:\Program Files\Java\jdk-17.0.1\bin\instrument.dll
0x00007fff04910000 - 0x00007fff04935000 	C:\Program Files\Java\jdk-17.0.1\bin\java.dll
0x00007ffea7960000 - 0x00007ffea7a36000 	C:\Program Files\Java\jdk-17.0.1\bin\svml.dll
0x00000175f5000000 - 0x00000175f573f000 	C:\WINDOWS\System32\SHELL32.dll
0x00007fff0d4b0000 - 0x00007fff0dc40000 	C:\WINDOWS\SYSTEM32\windows.storage.dll
0x00007fff0eb70000 - 0x00007fff0eb9c000 	C:\WINDOWS\SYSTEM32\Wldp.dll
0x00000175f4540000 - 0x00000175f45ed000 	C:\WINDOWS\System32\SHCORE.dll
0x00007fff10c20000 - 0x00007fff10c75000 	C:\WINDOWS\System32\shlwapi.dll
0x00007fff0f0b0000 - 0x00007fff0f0cf000 	C:\WINDOWS\SYSTEM32\profapi.dll
0x00007ffefc510000 - 0x00007ffefc528000 	C:\Program Files\Java\jdk-17.0.1\bin\zip.dll
0x00007ffefc570000 - 0x00007ffefc589000 	C:\Program Files\Java\jdk-17.0.1\bin\net.dll
0x00007fff0e160000 - 0x00007fff0e268000 	C:\WINDOWS\SYSTEM32\WINHTTP.dll
0x00007fff0e8d0000 - 0x00007fff0e93a000 	C:\WINDOWS\system32\mswsock.dll
0x00007ffefc530000 - 0x00007ffefc545000 	C:\Program Files\Java\jdk-17.0.1\bin\nio.dll
0x00007ffee1560000 - 0x00007ffee157a000 	C:\Program Files\JetBrains\IntelliJ IDEA Community Edition 2021.3.2\bin\breakgen64.dll
0x00007fff05b80000 - 0x00007fff05b90000 	C:\Program Files\Java\jdk-17.0.1\bin\verify.dll
0x00007fff0d330000 - 0x00007fff0d4a3000 	C:\Program Files\AppSense\Application Manager\Agent\AMAppHook.dll
0x00007fff118e0000 - 0x00007fff11a0a000 	C:\WINDOWS\System32\ole32.dll
0x00007fff0dc40000 - 0x00007fff0df6d000 	C:\WINDOWS\SYSTEM32\msi.dll
0x00007fff099b0000 - 0x00007fff09a15000 	C:\WINDOWS\SYSTEM32\wevtapi.dll
0x00007fff0ead0000 - 0x00007fff0eae8000 	C:\WINDOWS\SYSTEM32\CRYPTSP.dll
0x00007fff0e0d0000 - 0x00007fff0e104000 	C:\WINDOWS\system32\rsaenh.dll
0x00007fff0f070000 - 0x00007fff0f09e000 	C:\WINDOWS\SYSTEM32\USERENV.dll
0x00007fff0eac0000 - 0x00007fff0eacc000 	C:\WINDOWS\SYSTEM32\CRYPTBASE.dll
0x00007fff0e570000 - 0x00007fff0e5ab000 	C:\WINDOWS\SYSTEM32\IPHLPAPI.DLL
0x00007fff0fbc0000 - 0x00007fff0fbc8000 	C:\WINDOWS\System32\NSI.dll
0x00007fff08fb0000 - 0x00007fff08fc7000 	C:\WINDOWS\SYSTEM32\dhcpcsvc6.DLL
0x00007fff08f90000 - 0x00007fff08fad000 	C:\WINDOWS\SYSTEM32\dhcpcsvc.DLL
0x00007fff0e5b0000 - 0x00007fff0e67c000 	C:\WINDOWS\SYSTEM32\DNSAPI.dll
0x00007ffef9bd0000 - 0x00007ffef9bda000 	C:\Windows\System32\rasadhlp.dll
0x00007fff09310000 - 0x00007fff0938f000 	C:\WINDOWS\System32\fwpuclnt.dll
0x00007ffefc450000 - 0x00007ffefc459000 	C:\Program Files\Java\jdk-17.0.1\bin\management.dll
0x00007ffef68b0000 - 0x00007ffef68bb000 	C:\Program Files\Java\jdk-17.0.1\bin\management_ext.dll
0x00007ffef6890000 - 0x00007ffef689e000 	C:\Program Files\Java\jdk-17.0.1\bin\sunmscapi.dll
0x00007fff0f380000 - 0x00007fff0f4d6000 	C:\WINDOWS\System32\CRYPT32.dll
0x00007fff0ebe0000 - 0x00007fff0ec07000 	C:\WINDOWS\SYSTEM32\ncrypt.dll
0x00007fff0eba0000 - 0x00007fff0ebdb000 	C:\WINDOWS\SYSTEM32\NTASN1.dll
0x00007ffeea020000 - 0x00007ffeea027000 	C:\WINDOWS\system32\wshunix.dll
0x00007ffefe530000 - 0x00007ffefe54d000 	C:\WINDOWS\SYSTEM32\MPR.dll
0x00007ffeea610000 - 0x00007ffeea627000 	C:\WINDOWS\system32\napinsp.dll
0x00007ffeea640000 - 0x00007ffeea65b000 	C:\WINDOWS\system32\pnrpnsp.dll
0x00007ffeea5f0000 - 0x00007ffeea605000 	C:\WINDOWS\system32\wshbth.dll
0x00007fff05f60000 - 0x00007fff05f7d000 	C:\WINDOWS\system32\NLAapi.dll
0x00007ffeeabc0000 - 0x00007ffeeabd2000 	C:\WINDOWS\System32\winrnr.dll

dbghelp: loaded successfully - version: 4.0.5 - missing functions: none
symbol engine: initialized successfully - sym options: 0x614 - pdb path: .;C:\Program Files\Java\jdk-17.0.1\bin;C:\WINDOWS\SYSTEM32;C:\WINDOWS\WinSxS\amd64_microsoft.windows.common-controls_6595b64144ccf1df_6.0.19041.1110_none_60b5254171f9507e;C:\Program Files (x86)\Citrix\ICA Client;C:\Program Files\AppSense\Application Manager\Agent;C:\Program Files\Java\jdk-17.0.1\bin\server;C:\Program Files\JetBrains\IntelliJ IDEA Community Edition 2021.3.2\bin

VM Arguments:
jvm_args: -ea -Didea.test.cyclic.buffer.size=1048576 -javaagent:C:\Program Files\JetBrains\IntelliJ IDEA Community Edition 2021.3.2\lib\idea_rt.jar=56057:C:\Program Files\JetBrains\IntelliJ IDEA Community Edition 2021.3.2\bin -Dfile.encoding=UTF-8 
java_command: com.intellij.rt.testng.RemoteTestNGStarter -usedefaultlisteners false -socket56056 @w@C:\Users\covie\AppData\Local\Temp\idea_working_dirs_testng1.tmp -temp C:\Users\covie\AppData\Local\Temp\idea_testng1.tmp
java_class_path (initial): C:\Program Files\JetBrains\IntelliJ IDEA Community Edition 2021.3.2\lib\idea_rt.jar;C:\Program Files\JetBrains\IntelliJ IDEA Community Edition 2021.3.2\plugins\testng\lib\testng-rt.jar;C:\Rahulshettyfinalframewk\AutomationExercises\target\test-classes;C:\Rahulshettyfinalframewk\AutomationExercises\target\classes;C:\Users\covie\.m2\repository\io\github\bonigarcia\webdrivermanager\5.2.1\webdrivermanager-5.2.1.jar;C:\Users\covie\.m2\repository\org\slf4j\slf4j-api\1.7.36\slf4j-api-1.7.36.jar;C:\Users\covie\.m2\repository\com\google\code\gson\gson\2.9.0\gson-2.9.0.jar;C:\Users\covie\.m2\repository\com\github\docker-java\docker-java\3.2.13\docker-java-3.2.13.jar;C:\Users\covie\.m2\repository\com\github\docker-java\docker-java-core\3.2.13\docker-java-core-3.2.13.jar;C:\Users\covie\.m2\repository\com\github\docker-java\docker-java-api\3.2.13\docker-java-api-3.2.13.jar;C:\Users\covie\.m2\repository\com\fasterxml\jackson\core\jackson-annotations\2.10.3\jackson-annotations-2.10.3.jar;C:\Users\covie\.m2\repository\commons-io\commons-io\2.6\commons-io-2.6.jar;C:\Users\covie\.m2\repository\org\apache\commons\commons-compress\1.21\commons-compress-1.21.jar;C:\Users\covie\.m2\repository\com\fasterxml\jackson\core\jackson-databind\2.10.3\jackson-databind-2.10.3.jar;C:\Users\covie\.m2\repository\com\fasterxml\jackson\core\jackson-core\2.10.3\jackson-core-2.10.3.jar;C:\Users\covie\.m2\repository\org\bouncycastle\bcpkix-jdk15on\1.64\bcpkix-jdk15on-1.64.jar;C:\Users\covie\.m2\repository\org\bouncycastle\bcprov-jdk15on\1.64\bcprov-jdk15on-1.64.jar;C:\Users\covie\.m2\repository\org\slf4j\jcl-over-slf4j\1.7.30\jcl-over-slf4j-1.7.30.jar;C:\Users\covie\.m2\repository\com\github\docker-java\docker-java-transport-httpclient5\3.2.13\docker-java-transport-httpclient5-3.2.13.jar;C:\Users\covie\.m2\repository\com\github\docker-java\docker-java-transport\3.2.13\docker-java-transport-3.2.13.jar;C:\Users\covie\.m2\repository\net\java\dev\jna\jna\5.8.0\jna-5.8.0.jar;C:\Use
Launcher Type: SUN_STANDARD

[Global flags]
     intx CICompilerCount                          = 4                                         {product} {ergonomic}
     uint ConcGCThreads                            = 2                                         {product} {ergonomic}
     uint G1ConcRefinementThreads                  = 8                                         {product} {ergonomic}
   size_t G1HeapRegionSize                         = 1048576                                   {product} {ergonomic}
    uintx GCDrainStackTargetSize                   = 64                                        {product} {ergonomic}
   size_t InitialHeapSize                          = 134217728                                 {product} {ergonomic}
   size_t MarkStackSize                            = 4194304                                   {product} {ergonomic}
   size_t MaxHeapSize                              = 2122317824                                {product} {ergonomic}
   size_t MaxNewSize                               = 1272971264                                {product} {ergonomic}
   size_t MinHeapDeltaBytes                        = 1048576                                   {product} {ergonomic}
   size_t MinHeapSize                              = 8388608                                   {product} {ergonomic}
    uintx NonNMethodCodeHeapSize                   = 5839372                                {pd product} {ergonomic}
    uintx NonProfiledCodeHeapSize                  = 122909434                              {pd product} {ergonomic}
    uintx ProfiledCodeHeapSize                     = 122909434                              {pd product} {ergonomic}
    uintx ReservedCodeCacheSize                    = 251658240                              {pd product} {ergonomic}
     bool SegmentedCodeCache                       = true                                      {product} {ergonomic}
   size_t SoftMaxHeapSize                          = 2122317824                             {manageable} {ergonomic}
     bool UseCompressedClassPointers               = true                           {product lp64_product} {ergonomic}
     bool UseCompressedOops                        = true                           {product lp64_product} {ergonomic}
     bool UseG1GC                                  = true                                      {product} {ergonomic}
     bool UseLargePagesIndividualAllocation        = false                                  {pd product} {ergonomic}

Logging:
Log output configuration:
 #0: stdout all=warning uptime,level,tags
 #1: stderr all=off uptime,level,tags

Environment Variables:
PATH=C:\Program Files\Common Files\Oracle\Java\javapath;C:\WINDOWS\system32;C:\WINDOWS;C:\WINDOWS\System32\Wbem;C:\WINDOWS\System32\WindowsPowerShell\v1.0\;C:\WINDOWS\System32\OpenSSH\;C:\Program Files\Microsoft VS Code\bin;C:\Program Files\GitHub CLI\;C:\Maven\apache-maven-3.8.4\bin;c:\Program Files (x86)\Intel\Intel(R) Management Engine Components\DAL;c:\Program Files\Intel\Intel(R) Management Engine Components\DAL;C:\Program Files\dotnet\;C:\Program Files\PuTTY\;C:\Program Files\Git\cmd;C:\Program Files\nodejs\;C:\Users\covie\AppData\Local\Microsoft\WindowsApps;C:\Users\covie\AppData\Local\Programs\Microsoft VS Code\bin;C:\Users\covie\.dotnet\tools
USERNAME=covie
OS=Windows_NT
PROCESSOR_IDENTIFIER=Intel64 Family 6 Model 142 Stepping 10, GenuineIntel



---------------  S Y S T E M  ---------------

OS:
 Windows 10 , 64 bit Build 19041 (10.0.19041.1202)
OS uptime: 5 days 6:52 hours

CPU: total 8 (initial active 8) (4 cores per cpu, 2 threads per core) family 6 model 142 stepping 10 microcode 0xc6, cx8, cmov, fxsr, ht, mmx, 3dnowpref, sse, sse2, sse3, ssse3, sse4.1, sse4.2, popcnt, lzcnt, tsc, tscinvbit, avx, avx2, aes, erms, clmul, bmi1, bmi2, adx, fma, vzeroupper, clflush, clflushopt

Memory: 4k page, system-wide physical 8093M (430M free)
TotalPageFile size 32669M (AvailPageFile size 0M)
current process WorkingSet (physical memory assigned to process): 132M, peak: 132M
current process commit charge ("private bytes"): 262M, peak: 262M

vm_info: Java HotSpot(TM) 64-Bit Server VM (17.0.1+12-LTS-39) for windows-amd64 JRE (17.0.1+12-LTS-39), built on Sep 27 2021 18:41:35 by "mach5one" with MS VC++ 16.8 (VS2019)

END.
