#
# There is insufficient memory for the Java Runtime Environment to continue.
# Native memory allocation (malloc) failed to allocate 894448 bytes for Chunk::new
# Possible reasons:
#   The system is out of physical RAM or swap space
#   The process is running with CompressedOops enabled, and the Java Heap may be blocking the growth of the native heap
# Possible solutions:
#   Reduce memory load on the system
#   Increase physical memory or swap space
#   Check if swap backing store is full
#   Decrease Java heap size (-Xmx/-Xms)
#   Decrease number of Java threads
#   Decrease Java thread stack sizes (-Xss)
#   Set larger code cache with -XX:ReservedCodeCacheSize=
#   JVM is running with Unscaled Compressed Oops mode in which the Java heap is
#     placed in the first 4GB address space. The Java Heap base address is the
#     maximum limit for the native heap growth. Please use -XX:HeapBaseMinAddress
#     to set the Java Heap base and to place the Java Heap above 4GB virtual address.
# This output file may be truncated or incomplete.
#
#  Out of Memory Error (arena.cpp:189), pid=65264, tid=47368
#
# JRE version: Java(TM) SE Runtime Environment (17.0.1+12) (build 17.0.1+12-LTS-39)
# Java VM: Java HotSpot(TM) 64-Bit Server VM (17.0.1+12-LTS-39, mixed mode, sharing, tiered, compressed oops, compressed class ptrs, g1 gc, windows-amd64)
# No core dump will be written. Minidumps are not enabled by default on client versions of Windows
#

---------------  S U M M A R Y ------------

Command Line: -ea -Didea.test.cyclic.buffer.size=1048576 -javaagent:C:\Program Files\JetBrains\IntelliJ IDEA Community Edition 2021.3.2\lib\idea_rt.jar=56104:C:\Program Files\JetBrains\IntelliJ IDEA Community Edition 2021.3.2\bin -Dfile.encoding=UTF-8 com.intellij.rt.testng.RemoteTestNGStarter -usedefaultlisteners false -socket56103 @w@C:\Users\covie\AppData\Local\Temp\idea_working_dirs_testng1.tmp -temp C:\Users\covie\AppData\Local\Temp\idea_testng1.tmp

Host: Intel(R) Core(TM) i7-8550U CPU @ 1.80GHz, 8 cores, 7G,  Windows 10 , 64 bit Build 19041 (10.0.19041.1202)
Time: Sun Jul 31 17:17:06 2022 GMT Summer Time elapsed time: 2.928631 seconds (0d 0h 0m 2s)

---------------  T H R E A D  ---------------

Current thread (0x000001ea8f9a80a0):  JavaThread "C2 CompilerThread0" daemon [_thread_in_native, id=47368, stack(0x0000001b83000000,0x0000001b83100000)]


Current CompileTask:
C2:   2928 2168       4       java.net.URLStreamHandler::parseURL (1201 bytes)

Stack: [0x0000001b83000000,0x0000001b83100000]
Native frames: (J=compiled Java code, j=interpreted, Vv=VM code, C=native code)
V  [jvm.dll+0x66fa1a]
V  [jvm.dll+0x7ce5a4]
V  [jvm.dll+0x7cfd4e]
V  [jvm.dll+0x7d03b3]
V  [jvm.dll+0x242b05]
V  [jvm.dll+0xaa05b]
V  [jvm.dll+0xaa5ec]
V  [jvm.dll+0x35fa07]
V  [jvm.dll+0x329f51]
V  [jvm.dll+0x3293fa]
V  [jvm.dll+0x215bf1]
V  [jvm.dll+0x215011]
V  [jvm.dll+0x1a168d]
V  [jvm.dll+0x224848]
V  [jvm.dll+0x2229ac]
V  [jvm.dll+0x78435b]
V  [jvm.dll+0x77e91a]
V  [jvm.dll+0x66e845]
C  [ucrtbase.dll+0x21bb2]
C  [KERNEL32.DLL+0x17034]
C  [ntdll.dll+0x52651]


---------------  P R O C E S S  ---------------

Threads class SMR info:
_java_thread_list=0x000001eab1aea1c0, length=19, elements={
0x000001ea91c9ff70, 0x000001eaafd118f0, 0x000001eaafd12760, 0x000001eaafd21430,
0x000001eaafd22ff0, 0x000001eaafd241b0, 0x000001eaafd2f390, 0x000001ea8f9a80a0,
0x000001ea8f9a85b0, 0x000001eaafd34720, 0x000001eaafcfa360, 0x000001eab1171180,
0x000001eab1157360, 0x000001eab2963030, 0x000001eab3fbda40, 0x000001ea8f9a6c60,
0x000001eab3d7f990, 0x000001eab3d32020, 0x000001eab3c941a0
}

Java Threads: ( => current thread )
  0x000001ea91c9ff70 JavaThread "Forwarding newSession on session null to remote" [_thread_blocked, id=65728, stack(0x0000001b82200000,0x0000001b82300000)]
  0x000001eaafd118f0 JavaThread "Reference Handler" daemon [_thread_blocked, id=38764, stack(0x0000001b82a00000,0x0000001b82b00000)]
  0x000001eaafd12760 JavaThread "Finalizer" daemon [_thread_blocked, id=51480, stack(0x0000001b82b00000,0x0000001b82c00000)]
  0x000001eaafd21430 JavaThread "Signal Dispatcher" daemon [_thread_blocked, id=32536, stack(0x0000001b82c00000,0x0000001b82d00000)]
  0x000001eaafd22ff0 JavaThread "Attach Listener" daemon [_thread_blocked, id=59964, stack(0x0000001b82d00000,0x0000001b82e00000)]
  0x000001eaafd241b0 JavaThread "Service Thread" daemon [_thread_blocked, id=68148, stack(0x0000001b82e00000,0x0000001b82f00000)]
  0x000001eaafd2f390 JavaThread "Monitor Deflation Thread" daemon [_thread_blocked, id=67060, stack(0x0000001b82f00000,0x0000001b83000000)]
=>0x000001ea8f9a80a0 JavaThread "C2 CompilerThread0" daemon [_thread_in_native, id=47368, stack(0x0000001b83000000,0x0000001b83100000)]
  0x000001ea8f9a85b0 JavaThread "C1 CompilerThread0" daemon [_thread_blocked, id=34964, stack(0x0000001b83100000,0x0000001b83200000)]
  0x000001eaafd34720 JavaThread "Sweeper thread" daemon [_thread_blocked, id=38092, stack(0x0000001b83200000,0x0000001b83300000)]
  0x000001eaafcfa360 JavaThread "Common-Cleaner" daemon [_thread_blocked, id=70000, stack(0x0000001b83300000,0x0000001b83400000)]
  0x000001eab1171180 JavaThread "Monitor Ctrl-Break" daemon [_thread_in_native, id=42492, stack(0x0000001b83400000,0x0000001b83500000)]
  0x000001eab1157360 JavaThread "Notification Thread" daemon [_thread_blocked, id=28132, stack(0x0000001b83500000,0x0000001b83600000)]
  0x000001eab2963030 JavaThread "ForkJoinPool.commonPool-worker-1" daemon [_thread_blocked, id=39156, stack(0x0000001b83e00000,0x0000001b83f00000)]
  0x000001eab3fbda40 JavaThread "AsyncHttpClient-1-1" daemon [_thread_blocked, id=55512, stack(0x0000001b83f00000,0x0000001b84000000)]
  0x000001ea8f9a6c60 JavaThread "C2 CompilerThread1" daemon [_thread_blocked, id=27216, stack(0x0000001b83d00000,0x0000001b83e00000)]
  0x000001eab3d7f990 JavaThread "Driver Service Executor" daemon [_thread_blocked, id=28248, stack(0x0000001b84100000,0x0000001b84200000)]
  0x000001eab3d32020 JavaThread "Driver Service Executor" daemon [_thread_blocked, id=39312, stack(0x0000001b84200000,0x0000001b84300000)]
  0x000001eab3c941a0 JavaThread "UrlChecker-2" daemon [_thread_blocked, id=68012, stack(0x0000001b84300000,0x0000001b84400000)]

Other Threads:
  0x000001eaafd09290 VMThread "VM Thread" [stack: 0x0000001b82900000,0x0000001b82a00000] [id=15284]
  0x000001ea8f9a49e0 WatcherThread [stack: 0x0000001b83600000,0x0000001b83700000] [id=22080]
  0x000001ea91cdeda0 GCTaskThread "GC Thread#0" [stack: 0x0000001b82400000,0x0000001b82500000] [id=18048]
  0x000001eab1d53920 GCTaskThread "GC Thread#1" [stack: 0x0000001b82300000,0x0000001b82400000] [id=36664]
  0x000001eab1d53bd0 GCTaskThread "GC Thread#2" [stack: 0x0000001b83700000,0x0000001b83800000] [id=57248]
  0x000001eab1ba0d10 GCTaskThread "GC Thread#3" [stack: 0x0000001b83800000,0x0000001b83900000] [id=15240]
  0x000001eab1b898f0 GCTaskThread "GC Thread#4" [stack: 0x0000001b83900000,0x0000001b83a00000] [id=68392]
  0x000001eab1b89ba0 GCTaskThread "GC Thread#5" [stack: 0x0000001b83a00000,0x0000001b83b00000] [id=18084]
  0x000001eab1c86760 GCTaskThread "GC Thread#6" [stack: 0x0000001b83b00000,0x0000001b83c00000] [id=57228]
  0x000001eab1c8aa20 GCTaskThread "GC Thread#7" [stack: 0x0000001b83c00000,0x0000001b83d00000] [id=31072]
  0x000001ea91cef9e0 ConcurrentGCThread "G1 Main Marker" [stack: 0x0000001b82500000,0x0000001b82600000] [id=64936]
  0x000001ea91cf1400 ConcurrentGCThread "G1 Conc#0" [stack: 0x0000001b82600000,0x0000001b82700000] [id=69272]
  0x000001eaafbbe600 ConcurrentGCThread "G1 Refine#0" [stack: 0x0000001b82700000,0x0000001b82800000] [id=67668]
  0x000001eaafbbf020 ConcurrentGCThread "G1 Service" [stack: 0x0000001b82800000,0x0000001b82900000] [id=24372]

Threads with active compile tasks:
C2 CompilerThread0     2989 2168       4       java.net.URLStreamHandler::parseURL (1201 bytes)

VM state: not at safepoint (normal execution)

VM Mutex/Monitor currently owned by a thread: None

Heap address: 0x0000000081800000, size: 2024 MB, Compressed Oops mode: 32-bit

CDS archive(s) mapped at: [0x0000000800000000-0x0000000800bc0000-0x0000000800bc0000), size 12320768, SharedBaseAddress: 0x0000000800000000, ArchiveRelocationMode: 0.
Compressed class space mapped at: 0x0000000800c00000-0x0000000840c00000, reserved size: 1073741824
Narrow klass base: 0x0000000800000000, Narrow klass shift: 0, Narrow klass range: 0x100000000

GC Precious Log:
 CPUs: 8 total, 8 available
 Memory: 8093M
 Large Page Support: Disabled
 NUMA Support: Disabled
 Compressed Oops: Enabled (32-bit)
 Heap Region Size: 1M
 Heap Min Capacity: 8M
 Heap Initial Capacity: 128M
 Heap Max Capacity: 2024M
 Pre-touch: Disabled
 Parallel Workers: 8
 Concurrent Workers: 2
 Concurrent Refinement Workers: 8
 Periodic GC: Disabled

Heap:
 garbage-first heap   total 131072K, used 31581K [0x0000000081800000, 0x0000000100000000)
  region size 1024K, 26 young (26624K), 4 survivors (4096K)
 Metaspace       used 17936K, committed 18176K, reserved 1064960K
  class space    used 2111K, committed 2240K, reserved 1048576K

Heap Regions: E=young(eden), S=young(survivor), O=old, HS=humongous(starts), HC=humongous(continues), CS=collection set, F=free, OA=open archive, CA=closed archive, TAMS=top-at-mark-start (previous, next)
|   0|0x0000000081800000, 0x0000000081900000, 0x0000000081900000|100%| O|  |TAMS 0x0000000081800000, 0x0000000081800000| Untracked 
|   1|0x0000000081900000, 0x0000000081a00000, 0x0000000081a00000|100%| O|  |TAMS 0x0000000081900000, 0x0000000081900000| Untracked 
|   2|0x0000000081a00000, 0x0000000081b00000, 0x0000000081b00000|100%| O|  |TAMS 0x0000000081a00000, 0x0000000081a00000| Untracked 
|   3|0x0000000081b00000, 0x0000000081c00000, 0x0000000081c00000|100%| O|  |TAMS 0x0000000081b00000, 0x0000000081b00000| Untracked 
|   4|0x0000000081c00000, 0x0000000081d00000, 0x0000000081d00000|100%| O|  |TAMS 0x0000000081c00000, 0x0000000081c00000| Untracked 
|   5|0x0000000081d00000, 0x0000000081dd7400, 0x0000000081e00000| 84%| O|  |TAMS 0x0000000081d00000, 0x0000000081d00000| Untracked 
|   6|0x0000000081e00000, 0x0000000081e00000, 0x0000000081f00000|  0%| F|  |TAMS 0x0000000081e00000, 0x0000000081e00000| Untracked 
|   7|0x0000000081f00000, 0x0000000081f00000, 0x0000000082000000|  0%| F|  |TAMS 0x0000000081f00000, 0x0000000081f00000| Untracked 
|   8|0x0000000082000000, 0x0000000082000000, 0x0000000082100000|  0%| F|  |TAMS 0x0000000082000000, 0x0000000082000000| Untracked 
|   9|0x0000000082100000, 0x0000000082100000, 0x0000000082200000|  0%| F|  |TAMS 0x0000000082100000, 0x0000000082100000| Untracked 
|  10|0x0000000082200000, 0x0000000082200000, 0x0000000082300000|  0%| F|  |TAMS 0x0000000082200000, 0x0000000082200000| Untracked 
|  11|0x0000000082300000, 0x0000000082300000, 0x0000000082400000|  0%| F|  |TAMS 0x0000000082300000, 0x0000000082300000| Untracked 
|  12|0x0000000082400000, 0x0000000082400000, 0x0000000082500000|  0%| F|  |TAMS 0x0000000082400000, 0x0000000082400000| Untracked 
|  13|0x0000000082500000, 0x0000000082500000, 0x0000000082600000|  0%| F|  |TAMS 0x0000000082500000, 0x0000000082500000| Untracked 
|  14|0x0000000082600000, 0x0000000082600000, 0x0000000082700000|  0%| F|  |TAMS 0x0000000082600000, 0x0000000082600000| Untracked 
|  15|0x0000000082700000, 0x0000000082700000, 0x0000000082800000|  0%| F|  |TAMS 0x0000000082700000, 0x0000000082700000| Untracked 
|  16|0x0000000082800000, 0x0000000082800000, 0x0000000082900000|  0%| F|  |TAMS 0x0000000082800000, 0x0000000082800000| Untracked 
|  17|0x0000000082900000, 0x0000000082900000, 0x0000000082a00000|  0%| F|  |TAMS 0x0000000082900000, 0x0000000082900000| Untracked 
|  18|0x0000000082a00000, 0x0000000082a00000, 0x0000000082b00000|  0%| F|  |TAMS 0x0000000082a00000, 0x0000000082a00000| Untracked 
|  19|0x0000000082b00000, 0x0000000082b00000, 0x0000000082c00000|  0%| F|  |TAMS 0x0000000082b00000, 0x0000000082b00000| Untracked 
|  20|0x0000000082c00000, 0x0000000082c00000, 0x0000000082d00000|  0%| F|  |TAMS 0x0000000082c00000, 0x0000000082c00000| Untracked 
|  21|0x0000000082d00000, 0x0000000082d00000, 0x0000000082e00000|  0%| F|  |TAMS 0x0000000082d00000, 0x0000000082d00000| Untracked 
|  22|0x0000000082e00000, 0x0000000082e00000, 0x0000000082f00000|  0%| F|  |TAMS 0x0000000082e00000, 0x0000000082e00000| Untracked 
|  23|0x0000000082f00000, 0x0000000082f00000, 0x0000000083000000|  0%| F|  |TAMS 0x0000000082f00000, 0x0000000082f00000| Untracked 
|  24|0x0000000083000000, 0x0000000083000000, 0x0000000083100000|  0%| F|  |TAMS 0x0000000083000000, 0x0000000083000000| Untracked 
|  25|0x0000000083100000, 0x0000000083100000, 0x0000000083200000|  0%| F|  |TAMS 0x0000000083100000, 0x0000000083100000| Untracked 
|  26|0x0000000083200000, 0x0000000083200000, 0x0000000083300000|  0%| F|  |TAMS 0x0000000083200000, 0x0000000083200000| Untracked 
|  27|0x0000000083300000, 0x0000000083300000, 0x0000000083400000|  0%| F|  |TAMS 0x0000000083300000, 0x0000000083300000| Untracked 
|  28|0x0000000083400000, 0x0000000083400000, 0x0000000083500000|  0%| F|  |TAMS 0x0000000083400000, 0x0000000083400000| Untracked 
|  29|0x0000000083500000, 0x0000000083500000, 0x0000000083600000|  0%| F|  |TAMS 0x0000000083500000, 0x0000000083500000| Untracked 
|  30|0x0000000083600000, 0x0000000083600000, 0x0000000083700000|  0%| F|  |TAMS 0x0000000083600000, 0x0000000083600000| Untracked 
|  31|0x0000000083700000, 0x0000000083700000, 0x0000000083800000|  0%| F|  |TAMS 0x0000000083700000, 0x0000000083700000| Untracked 
|  32|0x0000000083800000, 0x0000000083800000, 0x0000000083900000|  0%| F|  |TAMS 0x0000000083800000, 0x0000000083800000| Untracked 
|  33|0x0000000083900000, 0x0000000083900000, 0x0000000083a00000|  0%| F|  |TAMS 0x0000000083900000, 0x0000000083900000| Untracked 
|  34|0x0000000083a00000, 0x0000000083a00000, 0x0000000083b00000|  0%| F|  |TAMS 0x0000000083a00000, 0x0000000083a00000| Untracked 
|  35|0x0000000083b00000, 0x0000000083b00000, 0x0000000083c00000|  0%| F|  |TAMS 0x0000000083b00000, 0x0000000083b00000| Untracked 
|  36|0x0000000083c00000, 0x0000000083c00000, 0x0000000083d00000|  0%| F|  |TAMS 0x0000000083c00000, 0x0000000083c00000| Untracked 
|  37|0x0000000083d00000, 0x0000000083d00000, 0x0000000083e00000|  0%| F|  |TAMS 0x0000000083d00000, 0x0000000083d00000| Untracked 
|  38|0x0000000083e00000, 0x0000000083e00000, 0x0000000083f00000|  0%| F|  |TAMS 0x0000000083e00000, 0x0000000083e00000| Untracked 
|  39|0x0000000083f00000, 0x0000000083f00000, 0x0000000084000000|  0%| F|  |TAMS 0x0000000083f00000, 0x0000000083f00000| Untracked 
|  40|0x0000000084000000, 0x0000000084000000, 0x0000000084100000|  0%| F|  |TAMS 0x0000000084000000, 0x0000000084000000| Untracked 
|  41|0x0000000084100000, 0x0000000084100000, 0x0000000084200000|  0%| F|  |TAMS 0x0000000084100000, 0x0000000084100000| Untracked 
|  42|0x0000000084200000, 0x0000000084200000, 0x0000000084300000|  0%| F|  |TAMS 0x0000000084200000, 0x0000000084200000| Untracked 
|  43|0x0000000084300000, 0x0000000084300000, 0x0000000084400000|  0%| F|  |TAMS 0x0000000084300000, 0x0000000084300000| Untracked 
|  44|0x0000000084400000, 0x0000000084400000, 0x0000000084500000|  0%| F|  |TAMS 0x0000000084400000, 0x0000000084400000| Untracked 
|  45|0x0000000084500000, 0x0000000084500000, 0x0000000084600000|  0%| F|  |TAMS 0x0000000084500000, 0x0000000084500000| Untracked 
|  46|0x0000000084600000, 0x0000000084600000, 0x0000000084700000|  0%| F|  |TAMS 0x0000000084600000, 0x0000000084600000| Untracked 
|  47|0x0000000084700000, 0x0000000084700000, 0x0000000084800000|  0%| F|  |TAMS 0x0000000084700000, 0x0000000084700000| Untracked 
|  48|0x0000000084800000, 0x0000000084800000, 0x0000000084900000|  0%| F|  |TAMS 0x0000000084800000, 0x0000000084800000| Untracked 
|  49|0x0000000084900000, 0x0000000084900000, 0x0000000084a00000|  0%| F|  |TAMS 0x0000000084900000, 0x0000000084900000| Untracked 
|  50|0x0000000084a00000, 0x0000000084a00000, 0x0000000084b00000|  0%| F|  |TAMS 0x0000000084a00000, 0x0000000084a00000| Untracked 
|  51|0x0000000084b00000, 0x0000000084b00000, 0x0000000084c00000|  0%| F|  |TAMS 0x0000000084b00000, 0x0000000084b00000| Untracked 
|  52|0x0000000084c00000, 0x0000000084c00000, 0x0000000084d00000|  0%| F|  |TAMS 0x0000000084c00000, 0x0000000084c00000| Untracked 
|  53|0x0000000084d00000, 0x0000000084d00000, 0x0000000084e00000|  0%| F|  |TAMS 0x0000000084d00000, 0x0000000084d00000| Untracked 
|  54|0x0000000084e00000, 0x0000000084e00000, 0x0000000084f00000|  0%| F|  |TAMS 0x0000000084e00000, 0x0000000084e00000| Untracked 
|  55|0x0000000084f00000, 0x0000000084f00000, 0x0000000085000000|  0%| F|  |TAMS 0x0000000084f00000, 0x0000000084f00000| Untracked 
|  56|0x0000000085000000, 0x0000000085000000, 0x0000000085100000|  0%| F|  |TAMS 0x0000000085000000, 0x0000000085000000| Untracked 
|  57|0x0000000085100000, 0x0000000085100000, 0x0000000085200000|  0%| F|  |TAMS 0x0000000085100000, 0x0000000085100000| Untracked 
|  58|0x0000000085200000, 0x0000000085200000, 0x0000000085300000|  0%| F|  |TAMS 0x0000000085200000, 0x0000000085200000| Untracked 
|  59|0x0000000085300000, 0x0000000085300000, 0x0000000085400000|  0%| F|  |TAMS 0x0000000085300000, 0x0000000085300000| Untracked 
|  60|0x0000000085400000, 0x0000000085400000, 0x0000000085500000|  0%| F|  |TAMS 0x0000000085400000, 0x0000000085400000| Untracked 
|  61|0x0000000085500000, 0x0000000085500000, 0x0000000085600000|  0%| F|  |TAMS 0x0000000085500000, 0x0000000085500000| Untracked 
|  62|0x0000000085600000, 0x0000000085600000, 0x0000000085700000|  0%| F|  |TAMS 0x0000000085600000, 0x0000000085600000| Untracked 
|  63|0x0000000085700000, 0x0000000085700000, 0x0000000085800000|  0%| F|  |TAMS 0x0000000085700000, 0x0000000085700000| Untracked 
|  64|0x0000000085800000, 0x0000000085800000, 0x0000000085900000|  0%| F|  |TAMS 0x0000000085800000, 0x0000000085800000| Untracked 
|  65|0x0000000085900000, 0x0000000085900000, 0x0000000085a00000|  0%| F|  |TAMS 0x0000000085900000, 0x0000000085900000| Untracked 
|  66|0x0000000085a00000, 0x0000000085a00000, 0x0000000085b00000|  0%| F|  |TAMS 0x0000000085a00000, 0x0000000085a00000| Untracked 
|  67|0x0000000085b00000, 0x0000000085b00000, 0x0000000085c00000|  0%| F|  |TAMS 0x0000000085b00000, 0x0000000085b00000| Untracked 
|  68|0x0000000085c00000, 0x0000000085c00000, 0x0000000085d00000|  0%| F|  |TAMS 0x0000000085c00000, 0x0000000085c00000| Untracked 
|  69|0x0000000085d00000, 0x0000000085d00000, 0x0000000085e00000|  0%| F|  |TAMS 0x0000000085d00000, 0x0000000085d00000| Untracked 
|  70|0x0000000085e00000, 0x0000000085e00000, 0x0000000085f00000|  0%| F|  |TAMS 0x0000000085e00000, 0x0000000085e00000| Untracked 
|  71|0x0000000085f00000, 0x0000000085f00000, 0x0000000086000000|  0%| F|  |TAMS 0x0000000085f00000, 0x0000000085f00000| Untracked 
|  72|0x0000000086000000, 0x0000000086000000, 0x0000000086100000|  0%| F|  |TAMS 0x0000000086000000, 0x0000000086000000| Untracked 
|  73|0x0000000086100000, 0x0000000086100000, 0x0000000086200000|  0%| F|  |TAMS 0x0000000086100000, 0x0000000086100000| Untracked 
|  74|0x0000000086200000, 0x0000000086200000, 0x0000000086300000|  0%| F|  |TAMS 0x0000000086200000, 0x0000000086200000| Untracked 
|  75|0x0000000086300000, 0x0000000086300000, 0x0000000086400000|  0%| F|  |TAMS 0x0000000086300000, 0x0000000086300000| Untracked 
|  76|0x0000000086400000, 0x0000000086400000, 0x0000000086500000|  0%| F|  |TAMS 0x0000000086400000, 0x0000000086400000| Untracked 
|  77|0x0000000086500000, 0x0000000086500000, 0x0000000086600000|  0%| F|  |TAMS 0x0000000086500000, 0x0000000086500000| Untracked 
|  78|0x0000000086600000, 0x0000000086600000, 0x0000000086700000|  0%| F|  |TAMS 0x0000000086600000, 0x0000000086600000| Untracked 
|  79|0x0000000086700000, 0x0000000086700000, 0x0000000086800000|  0%| F|  |TAMS 0x0000000086700000, 0x0000000086700000| Untracked 
|  80|0x0000000086800000, 0x0000000086800000, 0x0000000086900000|  0%| F|  |TAMS 0x0000000086800000, 0x0000000086800000| Untracked 
|  81|0x0000000086900000, 0x0000000086900000, 0x0000000086a00000|  0%| F|  |TAMS 0x0000000086900000, 0x0000000086900000| Untracked 
|  82|0x0000000086a00000, 0x0000000086a00000, 0x0000000086b00000|  0%| F|  |TAMS 0x0000000086a00000, 0x0000000086a00000| Untracked 
|  83|0x0000000086b00000, 0x0000000086b00000, 0x0000000086c00000|  0%| F|  |TAMS 0x0000000086b00000, 0x0000000086b00000| Untracked 
|  84|0x0000000086c00000, 0x0000000086c00000, 0x0000000086d00000|  0%| F|  |TAMS 0x0000000086c00000, 0x0000000086c00000| Untracked 
|  85|0x0000000086d00000, 0x0000000086d00000, 0x0000000086e00000|  0%| F|  |TAMS 0x0000000086d00000, 0x0000000086d00000| Untracked 
|  86|0x0000000086e00000, 0x0000000086e00000, 0x0000000086f00000|  0%| F|  |TAMS 0x0000000086e00000, 0x0000000086e00000| Untracked 
|  87|0x0000000086f00000, 0x0000000086f00000, 0x0000000087000000|  0%| F|  |TAMS 0x0000000086f00000, 0x0000000086f00000| Untracked 
|  88|0x0000000087000000, 0x0000000087000000, 0x0000000087100000|  0%| F|  |TAMS 0x0000000087000000, 0x0000000087000000| Untracked 
|  89|0x0000000087100000, 0x0000000087100000, 0x0000000087200000|  0%| F|  |TAMS 0x0000000087100000, 0x0000000087100000| Untracked 
|  90|0x0000000087200000, 0x0000000087200000, 0x0000000087300000|  0%| F|  |TAMS 0x0000000087200000, 0x0000000087200000| Untracked 
|  91|0x0000000087300000, 0x0000000087300000, 0x0000000087400000|  0%| F|  |TAMS 0x0000000087300000, 0x0000000087300000| Untracked 
|  92|0x0000000087400000, 0x0000000087500000, 0x0000000087500000|100%| S|CS|TAMS 0x0000000087400000, 0x0000000087400000| Complete 
|  93|0x0000000087500000, 0x0000000087600000, 0x0000000087600000|100%| S|CS|TAMS 0x0000000087500000, 0x0000000087500000| Complete 
|  94|0x0000000087600000, 0x0000000087700000, 0x0000000087700000|100%| S|CS|TAMS 0x0000000087600000, 0x0000000087600000| Complete 
|  95|0x0000000087700000, 0x0000000087800000, 0x0000000087800000|100%| S|CS|TAMS 0x0000000087700000, 0x0000000087700000| Complete 
|  96|0x0000000087800000, 0x0000000087800000, 0x0000000087900000|  0%| F|  |TAMS 0x0000000087800000, 0x0000000087800000| Untracked 
|  97|0x0000000087900000, 0x0000000087900000, 0x0000000087a00000|  0%| F|  |TAMS 0x0000000087900000, 0x0000000087900000| Untracked 
|  98|0x0000000087a00000, 0x0000000087a00000, 0x0000000087b00000|  0%| F|  |TAMS 0x0000000087a00000, 0x0000000087a00000| Untracked 
|  99|0x0000000087b00000, 0x0000000087b00000, 0x0000000087c00000|  0%| F|  |TAMS 0x0000000087b00000, 0x0000000087b00000| Untracked 
| 100|0x0000000087c00000, 0x0000000087c00000, 0x0000000087d00000|  0%| F|  |TAMS 0x0000000087c00000, 0x0000000087c00000| Untracked 
| 101|0x0000000087d00000, 0x0000000087d00000, 0x0000000087e00000|  0%| F|  |TAMS 0x0000000087d00000, 0x0000000087d00000| Untracked 
| 102|0x0000000087e00000, 0x0000000087e00000, 0x0000000087f00000|  0%| F|  |TAMS 0x0000000087e00000, 0x0000000087e00000| Untracked 
| 103|0x0000000087f00000, 0x0000000087f00000, 0x0000000088000000|  0%| F|  |TAMS 0x0000000087f00000, 0x0000000087f00000| Untracked 
| 104|0x0000000088000000, 0x0000000088000000, 0x0000000088100000|  0%| F|  |TAMS 0x0000000088000000, 0x0000000088000000| Untracked 
| 105|0x0000000088100000, 0x0000000088100000, 0x0000000088200000|  0%| F|  |TAMS 0x0000000088100000, 0x0000000088100000| Untracked 
| 106|0x0000000088200000, 0x0000000088300000, 0x0000000088300000|100%| E|  |TAMS 0x0000000088200000, 0x0000000088200000| Complete 
| 107|0x0000000088300000, 0x0000000088400000, 0x0000000088400000|100%| E|CS|TAMS 0x0000000088300000, 0x0000000088300000| Complete 
| 108|0x0000000088400000, 0x0000000088500000, 0x0000000088500000|100%| E|CS|TAMS 0x0000000088400000, 0x0000000088400000| Complete 
| 109|0x0000000088500000, 0x0000000088600000, 0x0000000088600000|100%| E|CS|TAMS 0x0000000088500000, 0x0000000088500000| Complete 
| 110|0x0000000088600000, 0x0000000088700000, 0x0000000088700000|100%| E|CS|TAMS 0x0000000088600000, 0x0000000088600000| Complete 
| 111|0x0000000088700000, 0x0000000088800000, 0x0000000088800000|100%| E|CS|TAMS 0x0000000088700000, 0x0000000088700000| Complete 
| 112|0x0000000088800000, 0x0000000088900000, 0x0000000088900000|100%| E|CS|TAMS 0x0000000088800000, 0x0000000088800000| Complete 
| 113|0x0000000088900000, 0x0000000088a00000, 0x0000000088a00000|100%| E|CS|TAMS 0x0000000088900000, 0x0000000088900000| Complete 
| 114|0x0000000088a00000, 0x0000000088b00000, 0x0000000088b00000|100%| E|CS|TAMS 0x0000000088a00000, 0x0000000088a00000| Complete 
| 115|0x0000000088b00000, 0x0000000088c00000, 0x0000000088c00000|100%| E|CS|TAMS 0x0000000088b00000, 0x0000000088b00000| Complete 
| 116|0x0000000088c00000, 0x0000000088d00000, 0x0000000088d00000|100%| E|CS|TAMS 0x0000000088c00000, 0x0000000088c00000| Complete 
| 117|0x0000000088d00000, 0x0000000088e00000, 0x0000000088e00000|100%| E|CS|TAMS 0x0000000088d00000, 0x0000000088d00000| Complete 
| 118|0x0000000088e00000, 0x0000000088f00000, 0x0000000088f00000|100%| E|CS|TAMS 0x0000000088e00000, 0x0000000088e00000| Complete 
| 119|0x0000000088f00000, 0x0000000089000000, 0x0000000089000000|100%| E|CS|TAMS 0x0000000088f00000, 0x0000000088f00000| Complete 
| 120|0x0000000089000000, 0x0000000089100000, 0x0000000089100000|100%| E|CS|TAMS 0x0000000089000000, 0x0000000089000000| Complete 
| 121|0x0000000089100000, 0x0000000089200000, 0x0000000089200000|100%| E|CS|TAMS 0x0000000089100000, 0x0000000089100000| Complete 
| 122|0x0000000089200000, 0x0000000089300000, 0x0000000089300000|100%| E|CS|TAMS 0x0000000089200000, 0x0000000089200000| Complete 
| 123|0x0000000089300000, 0x0000000089400000, 0x0000000089400000|100%| E|CS|TAMS 0x0000000089300000, 0x0000000089300000| Complete 
| 124|0x0000000089400000, 0x0000000089500000, 0x0000000089500000|100%| E|CS|TAMS 0x0000000089400000, 0x0000000089400000| Complete 
| 125|0x0000000089500000, 0x0000000089600000, 0x0000000089600000|100%| E|CS|TAMS 0x0000000089500000, 0x0000000089500000| Complete 
| 126|0x0000000089600000, 0x0000000089700000, 0x0000000089700000|100%| E|CS|TAMS 0x0000000089600000, 0x0000000089600000| Complete 
| 127|0x0000000089700000, 0x0000000089800000, 0x0000000089800000|100%| E|CS|TAMS 0x0000000089700000, 0x0000000089700000| Complete 

Card table byte_map: [0x000001eaa8b90000,0x000001eaa8f90000] _byte_map_base: 0x000001eaa8784000

Marking Bits (Prev, Next): (CMBitMap*) 0x000001ea91cdf3b0, (CMBitMap*) 0x000001ea91cdf3f0
 Prev Bits: [0x000001eaa9390000, 0x000001eaab330000)
 Next Bits: [0x000001eaab330000, 0x000001eaad2d0000)

Polling page: 0x000001ea8fb80000

Metaspace:

Usage:
  Non-class:     15.50 MB used.
      Class:      2.07 MB used.
       Both:     17.57 MB used.

Virtual space:
  Non-class space:       16.00 MB reserved,      15.62 MB ( 98%) committed,  2 nodes.
      Class space:        1.00 GB reserved,       2.19 MB ( <1%) committed,  1 nodes.
             Both:        1.02 GB reserved,      17.81 MB (  2%) committed. 

Chunk freelists:
   Non-Class:  208.00 KB
       Class:  1.66 MB
        Both:  1.86 MB

MaxMetaspaceSize: unlimited
CompressedClassSpaceSize: 1.00 GB
Initial GC threshold: 21.00 MB
Current GC threshold: 21.00 MB
CDS: on
MetaspaceReclaimPolicy: balanced
 - commit_granule_bytes: 65536.
 - commit_granule_words: 8192.
 - virtual_space_node_default_size: 1048576.
 - enlarge_chunks_in_place: 1.
 - new_chunks_are_fully_committed: 0.
 - uncommit_free_chunks: 1.
 - use_allocation_guard: 0.
 - handle_deallocations: 1.


Internal statistics:

num_allocs_failed_limit: 0.
num_arena_births: 266.
num_arena_deaths: 0.
num_vsnodes_births: 3.
num_vsnodes_deaths: 0.
num_space_committed: 285.
num_space_uncommitted: 0.
num_chunks_returned_to_freelist: 0.
num_chunks_taken_from_freelist: 664.
num_chunk_merges: 0.
num_chunk_splits: 458.
num_chunks_enlarged: 330.
num_purges: 0.
num_inconsistent_stats: 0.

CodeHeap 'non-profiled nmethods': size=120000Kb used=977Kb max_used=977Kb free=119022Kb
 bounds [0x000001eaa0f20000, 0x000001eaa1190000, 0x000001eaa8450000]
CodeHeap 'profiled nmethods': size=120000Kb used=4411Kb max_used=4411Kb free=115588Kb
 bounds [0x000001ea999f0000, 0x000001ea99e40000, 0x000001eaa0f20000]
CodeHeap 'non-nmethods': size=5760Kb used=1247Kb max_used=1263Kb free=4512Kb
 bounds [0x000001ea99450000, 0x000001ea996c0000, 0x000001ea999f0000]
 total_blobs=2776 nmethods=2226 adapters=462
 compilation: enabled
              stopped_count=0, restarted_count=0
 full_count=0

Compilation events (20 events):
Event: 2.899 Thread 0x000001ea8f9a85b0 nmethod 2206 0x000001ea99e2e090 code [0x000001ea99e2e440, 0x000001ea99e2ff68]
Event: 2.900 Thread 0x000001ea8f9a85b0 2207       3       java.lang.Module::isExported (18 bytes)
Event: 2.900 Thread 0x000001ea8f9a85b0 nmethod 2207 0x000001ea99e30610 code [0x000001ea99e307e0, 0x000001ea99e30be8]
Event: 2.900 Thread 0x000001ea8f9a85b0 2208       3       java.util.stream.ReduceOps$ReduceOp::evaluateSequential (18 bytes)
Event: 2.900 Thread 0x000001ea8f9a85b0 nmethod 2208 0x000001ea99e30d90 code [0x000001ea99e30f60, 0x000001ea99e313e8]
Event: 2.903 Thread 0x000001ea8f9a85b0 2209       1       java.util.logging.LogManager$LoggerContext::getOwner (5 bytes)
Event: 2.903 Thread 0x000001ea8f9a85b0 nmethod 2209 0x000001eaa1012710 code [0x000001eaa10128a0, 0x000001eaa1012978]
Event: 2.906 Thread 0x000001ea8f9a85b0 2212       3       java.lang.reflect.AccessibleObject::checkPermission (16 bytes)
Event: 2.906 Thread 0x000001ea8f9a85b0 nmethod 2212 0x000001ea99e31510 code [0x000001ea99e316e0, 0x000001ea99e31a08]
Event: 2.906 Thread 0x000001ea8f9a85b0 2213       3       java.lang.reflect.AccessibleObject::checkCanSetAccessible (9 bytes)
Event: 2.906 Thread 0x000001ea8f9a85b0 nmethod 2213 0x000001ea99e31b90 code [0x000001ea99e31d20, 0x000001ea99e31e68]
Event: 2.906 Thread 0x000001ea8f9a85b0 2214       3       java.lang.reflect.AccessibleObject::checkCanSetAccessible (368 bytes)
Event: 2.907 Thread 0x000001ea8f9a6c60 2170       4       jdk.internal.misc.Unsafe::allocateUninitializedArray (55 bytes)
Event: 2.909 Thread 0x000001ea8f9a6c60 nmethod 2170 0x000001eaa1012e10 code [0x000001eaa1012fa0, 0x000001eaa1013158]
Event: 2.909 Thread 0x000001ea8f9a6c60 2169       4       sun.net.www.protocol.file.Handler::parseURL (18 bytes)
Event: 2.911 Thread 0x000001ea8f9a85b0 nmethod 2214 0x000001ea99e31f10 code [0x000001ea99e32640, 0x000001ea99e35fa8]
Event: 2.911 Thread 0x000001ea8f9a85b0 2215       3       jdk.internal.org.objectweb.asm.FieldVisitor::<init> (88 bytes)
Event: 2.912 Thread 0x000001ea8f9a85b0 nmethod 2215 0x000001ea99e37310 code [0x000001ea99e37560, 0x000001ea99e37e48]
Event: 2.914 Thread 0x000001ea8f9a85b0 2216       3       java.util.concurrent.ConcurrentHashMap::<init> (9 bytes)
Event: 2.914 Thread 0x000001ea8f9a85b0 nmethod 2216 0x000001ea99e38110 code [0x000001ea99e382e0, 0x000001ea99e38428]

GC Heap History (4 events):
Event: 1.223 GC heap before
{Heap before GC invocations=0 (full 0):
 garbage-first heap   total 131072K, used 22528K [0x0000000081800000, 0x0000000100000000)
  region size 1024K, 23 young (23552K), 0 survivors (0K)
 Metaspace       used 5463K, committed 5696K, reserved 1056768K
  class space    used 592K, committed 704K, reserved 1048576K
}
Event: 1.230 GC heap after
{Heap after GC invocations=1 (full 0):
 garbage-first heap   total 131072K, used 5551K [0x0000000081800000, 0x0000000100000000)
  region size 1024K, 3 young (3072K), 3 survivors (3072K)
 Metaspace       used 5463K, committed 5696K, reserved 1056768K
  class space    used 592K, committed 704K, reserved 1048576K
}
Event: 2.039 GC heap before
{Heap before GC invocations=1 (full 0):
 garbage-first heap   total 131072K, used 35247K [0x0000000081800000, 0x0000000100000000)
  region size 1024K, 32 young (32768K), 3 survivors (3072K)
 Metaspace       used 11020K, committed 11264K, reserved 1064960K
  class space    used 1225K, committed 1344K, reserved 1048576K
}
Event: 2.048 GC heap after
{Heap after GC invocations=2 (full 0):
 garbage-first heap   total 131072K, used 10077K [0x0000000081800000, 0x0000000100000000)
  region size 1024K, 4 young (4096K), 4 survivors (4096K)
 Metaspace       used 11020K, committed 11264K, reserved 1064960K
  class space    used 1225K, committed 1344K, reserved 1048576K
}

Deoptimization events (20 events):
Event: 2.305 Thread 0x000001ea91c9ff70 Uncommon trap: trap_request=0xffffffde fr.pc=0x000001eaa0fde6ec relative=0x00000000000002cc
Event: 2.305 Thread 0x000001ea91c9ff70 Uncommon trap: reason=class_check action=maybe_recompile pc=0x000001eaa0fde6ec method=java.util.regex.Matcher.search(I)Z @ 121 c2
Event: 2.305 Thread 0x000001ea91c9ff70 DEOPT PACKING pc=0x000001eaa0fde6ec sp=0x0000001b822fb520
Event: 2.305 Thread 0x000001ea91c9ff70 DEOPT UNPACKING pc=0x000001ea994a23a3 sp=0x0000001b822fb4b0 mode 2
Event: 2.305 Thread 0x000001ea91c9ff70 Uncommon trap: trap_request=0xffffffde fr.pc=0x000001eaa0fde6ec relative=0x00000000000002cc
Event: 2.305 Thread 0x000001ea91c9ff70 Uncommon trap: reason=class_check action=maybe_recompile pc=0x000001eaa0fde6ec method=java.util.regex.Matcher.search(I)Z @ 121 c2
Event: 2.305 Thread 0x000001ea91c9ff70 DEOPT PACKING pc=0x000001eaa0fde6ec sp=0x0000001b822fb520
Event: 2.305 Thread 0x000001ea91c9ff70 DEOPT UNPACKING pc=0x000001ea994a23a3 sp=0x0000001b822fb4b0 mode 2
Event: 2.305 Thread 0x000001ea91c9ff70 Uncommon trap: trap_request=0xffffffde fr.pc=0x000001eaa0fde6ec relative=0x00000000000002cc
Event: 2.305 Thread 0x000001ea91c9ff70 Uncommon trap: reason=class_check action=maybe_recompile pc=0x000001eaa0fde6ec method=java.util.regex.Matcher.search(I)Z @ 121 c2
Event: 2.305 Thread 0x000001ea91c9ff70 DEOPT PACKING pc=0x000001eaa0fde6ec sp=0x0000001b822fb520
Event: 2.305 Thread 0x000001ea91c9ff70 DEOPT UNPACKING pc=0x000001ea994a23a3 sp=0x0000001b822fb4b0 mode 2
Event: 2.471 Thread 0x000001ea91c9ff70 Uncommon trap: trap_request=0xffffff45 fr.pc=0x000001eaa0f9abb0 relative=0x0000000000000230
Event: 2.471 Thread 0x000001ea91c9ff70 Uncommon trap: reason=unstable_if action=reinterpret pc=0x000001eaa0f9abb0 method=java.util.HashMap.putVal(ILjava/lang/Object;Ljava/lang/Object;ZZ)Ljava/lang/Object; @ 162 c2
Event: 2.471 Thread 0x000001ea91c9ff70 DEOPT PACKING pc=0x000001eaa0f9abb0 sp=0x0000001b822f8530
Event: 2.471 Thread 0x000001ea91c9ff70 DEOPT UNPACKING pc=0x000001ea994a23a3 sp=0x0000001b822f8458 mode 2
Event: 2.891 Thread 0x000001ea91c9ff70 Uncommon trap: trap_request=0xffffffde fr.pc=0x000001eaa0fde6ec relative=0x00000000000002cc
Event: 2.891 Thread 0x000001ea91c9ff70 Uncommon trap: reason=class_check action=maybe_recompile pc=0x000001eaa0fde6ec method=java.util.regex.Matcher.search(I)Z @ 121 c2
Event: 2.891 Thread 0x000001ea91c9ff70 DEOPT PACKING pc=0x000001eaa0fde6ec sp=0x0000001b822fb430
Event: 2.891 Thread 0x000001ea91c9ff70 DEOPT UNPACKING pc=0x000001ea994a23a3 sp=0x0000001b822fb3c0 mode 2

Classes unloaded (0 events):
No events

Classes redefined (0 events):
No events

Internal exceptions (20 events):
Event: 1.296 Thread 0x000001ea91c9ff70 Exception <a 'java/lang/NoSuchMethodError'{0x00000000896ebbd8}: 'java.lang.Object java.lang.invoke.Invokers$Holder.linkToTargetMethod(java.lang.Object, long, java.lang.Object)'> (0x00000000896ebbd8) 
thrown [t:\workspace\open\src\hotspot\share\interpreter\linkResolver.cpp, line 766]
Event: 1.297 Thread 0x000001ea91c9ff70 Exception <a 'java/lang/NoSuchMethodError'{0x00000000896f6148}: 'java.lang.Object java.lang.invoke.DirectMethodHandle$Holder.newInvokeSpecial(java.lang.Object, java.lang.Object, int, java.lang.Object, java.lang.Object)'> (0x00000000896f6148) 
thrown [t:\workspace\open\src\hotspot\share\interpreter\linkResolver.cpp, line 766]
Event: 1.317 Thread 0x000001ea91c9ff70 Exception <a 'java/lang/NoSuchMethodError'{0x0000000089571700}: 'java.lang.Object java.lang.invoke.DirectMethodHandle$Holder.newInvokeSpecial(java.lang.Object, int, java.lang.Object)'> (0x0000000089571700) 
thrown [t:\workspace\open\src\hotspot\share\interpreter\linkResolver.cpp, line 766]
Event: 1.327 Thread 0x000001ea91c9ff70 Exception <a 'java/lang/NoSuchMethodError'{0x000000008959d5d0}: 'java.lang.Object java.lang.invoke.DirectMethodHandle$Holder.invokeStatic(java.lang.Object, java.lang.Object, java.lang.Object, int, java.lang.Object, java.lang.Object)'> (0x000000008959d5d0) 
thrown [t:\workspace\open\src\hotspot\share\interpreter\linkResolver.cpp, line 766]
Event: 1.327 Thread 0x000001ea91c9ff70 Exception <a 'java/lang/NoSuchMethodError'{0x00000000895a58b0}: 'java.lang.Object java.lang.invoke.DirectMethodHandle$Holder.newInvokeSpecial(java.lang.Object, java.lang.Object, java.lang.Object, int, java.lang.Object)'> (0x00000000895a58b0) 
thrown [t:\workspace\open\src\hotspot\share\interpreter\linkResolver.cpp, line 766]
Event: 1.328 Thread 0x000001ea91c9ff70 Exception <a 'java/lang/NoSuchMethodError'{0x00000000895ad280}: 'java.lang.Object java.lang.invoke.Invokers$Holder.linkToTargetMethod(java.lang.Object, java.lang.Object, int, java.lang.Object, java.lang.Object)'> (0x00000000895ad280) 
thrown [t:\workspace\open\src\hotspot\share\interpreter\linkResolver.cpp, line 766]
Event: 1.337 Thread 0x000001ea91c9ff70 Exception <a 'java/lang/NoSuchMethodError'{0x00000000895e78c8}: 'void java.lang.invoke.DirectMethodHandle$Holder.invokeStatic(java.lang.Object, java.lang.Object, java.lang.Object)'> (0x00000000895e78c8) 
thrown [t:\workspace\open\src\hotspot\share\interpreter\linkResolver.cpp, line 766]
Event: 1.379 Thread 0x000001ea91c9ff70 Exception <a 'java/lang/NoSuchMethodError'{0x00000000894ef300}: 'void java.lang.invoke.DirectMethodHandle$Holder.invokeInterface(java.lang.Object, java.lang.Object)'> (0x00000000894ef300) 
thrown [t:\workspace\open\src\hotspot\share\interpreter\linkResolver.cpp, line 766]
Event: 1.637 Thread 0x000001ea91c9ff70 Exception <a 'sun/nio/fs/WindowsException'{0x0000000088d3cdd0}> (0x0000000088d3cdd0) 
thrown [t:\workspace\open\src\hotspot\share\prims\jni.cpp, line 516]
Event: 1.651 Thread 0x000001ea91c9ff70 Exception <a 'java/lang/NoSuchMethodError'{0x0000000088d625e8}: 'int java.lang.invoke.DirectMethodHandle$Holder.invokeStaticInit(java.lang.Object, java.lang.Object, java.lang.Object, java.lang.Object)'> (0x0000000088d625e8) 
thrown [t:\workspace\open\src\hotspot\share\interpreter\linkResolver.cpp, line 766]
Event: 1.652 Thread 0x000001ea91c9ff70 Exception <a 'java/lang/NoSuchMethodError'{0x0000000088d6e028}: 'void java.lang.invoke.DirectMethodHandle$Holder.invokeStaticInit(java.lang.Object, java.lang.Object)'> (0x0000000088d6e028) 
thrown [t:\workspace\open\src\hotspot\share\interpreter\linkResolver.cpp, line 766]
Event: 1.818 Thread 0x000001ea91c9ff70 Exception <a 'java/lang/NoSuchMethodError'{0x0000000088797810}: 'java.lang.Object java.lang.invoke.DirectMethodHandle$Holder.invokeVirtual(java.lang.Object, java.lang.Object, java.lang.Object)'> (0x0000000088797810) 
thrown [t:\workspace\open\src\hotspot\share\interpreter\linkResolver.cpp, line 766]
Event: 1.837 Thread 0x000001ea91c9ff70 Exception <a 'java/lang/NoSuchMethodError'{0x000000008865c750}: 'int java.lang.invoke.DirectMethodHandle$Holder.invokeStatic(java.lang.Object, java.lang.Object, int)'> (0x000000008865c750) 
thrown [t:\workspace\open\src\hotspot\share\interpreter\linkResolver.cpp, line 766]
Event: 2.082 Thread 0x000001ea91c9ff70 Exception <a 'java/net/SocketException'{0x0000000089784298}: Socket is not connected: shutdown> (0x0000000089784298) 
thrown [t:\workspace\open\src\hotspot\share\prims\jni.cpp, line 535]
Event: 2.151 Thread 0x000001ea91c9ff70 Exception <a 'java/lang/NoSuchMethodError'{0x000000008930ef88}: 'java.lang.Object java.lang.invoke.DirectMethodHandle$Holder.invokeSpecialIFC(java.lang.Object, java.lang.Object, java.lang.Object, java.lang.Object)'> (0x000000008930ef88) 
thrown [t:\workspace\open\src\hotspot\share\interpreter\linkResolver.cpp, line 766]
Event: 2.860 Thread 0x000001ea91c9ff70 Exception <a 'java/lang/NoSuchMethodError'{0x00000000886672f8}: 'java.lang.Object java.lang.invoke.DirectMethodHandle$Holder.invokeInterface(java.lang.Object, java.lang.Object, java.lang.Object)'> (0x00000000886672f8) 
thrown [t:\workspace\open\src\hotspot\share\interpreter\linkResolver.cpp, line 766]
Event: 2.861 Thread 0x000001ea91c9ff70 Exception <a 'java/lang/IncompatibleClassChangeError'{0x000000008866ac68}: Found class java.lang.Object, but interface was expected> (0x000000008866ac68) 
thrown [t:\workspace\open\src\hotspot\share\interpreter\linkResolver.cpp, line 833]
Event: 2.862 Thread 0x000001ea91c9ff70 Exception <a 'java/lang/NoSuchMethodError'{0x0000000088673450}: 'int java.lang.invoke.DirectMethodHandle$Holder.invokeSpecialIFC(java.lang.Object, java.lang.Object, java.lang.Object, java.lang.Object)'> (0x0000000088673450) 
thrown [t:\workspace\open\src\hotspot\share\interpreter\linkResolver.cpp, line 766]
Event: 2.863 Thread 0x000001ea91c9ff70 Exception <a 'java/lang/NoSuchMethodError'{0x000000008867f5f8}: 'java.lang.Object java.lang.invoke.DirectMethodHandle$Holder.invokeInterface(java.lang.Object, java.lang.Object, java.lang.Object, java.lang.Object)'> (0x000000008867f5f8) 
thrown [t:\workspace\open\src\hotspot\share\interpreter\linkResolver.cpp, line 766]
Event: 2.865 Thread 0x000001ea91c9ff70 Exception <a 'java/lang/NoSuchMethodError'{0x000000008868c050}: 'void java.lang.invoke.DirectMethodHandle$Holder.invokeInterface(java.lang.Object, java.lang.Object, java.lang.Object)'> (0x000000008868c050) 
thrown [t:\workspace\open\src\hotspot\share\interpreter\linkResolver.cpp, line 766]

VM Operations (20 events):
Event: 1.929 Executing VM operation: ICBufferFull
Event: 1.929 Executing VM operation: ICBufferFull done
Event: 1.934 Executing VM operation: ICBufferFull
Event: 1.934 Executing VM operation: ICBufferFull done
Event: 1.939 Executing VM operation: ICBufferFull
Event: 1.939 Executing VM operation: ICBufferFull done
Event: 1.944 Executing VM operation: ICBufferFull
Event: 1.944 Executing VM operation: ICBufferFull done
Event: 1.950 Executing VM operation: ICBufferFull
Event: 1.950 Executing VM operation: ICBufferFull done
Event: 1.954 Executing VM operation: ICBufferFull
Event: 1.954 Executing VM operation: ICBufferFull done
Event: 1.976 Executing VM operation: ICBufferFull
Event: 1.976 Executing VM operation: ICBufferFull done
Event: 1.980 Executing VM operation: ICBufferFull
Event: 1.980 Executing VM operation: ICBufferFull done
Event: 2.039 Executing VM operation: G1CollectForAllocation
Event: 2.048 Executing VM operation: G1CollectForAllocation done
Event: 2.184 Executing VM operation: HandshakeAllThreads
Event: 2.184 Executing VM operation: HandshakeAllThreads done

Events (20 events):
Event: 2.887 loading class java/util/stream/ReferencePipeline$15$1 done
Event: 2.887 loading class java/util/TreeMap$EntrySpliterator
Event: 2.887 loading class java/util/TreeMap$TreeMapSpliterator
Event: 2.887 loading class java/util/TreeMap$TreeMapSpliterator done
Event: 2.887 loading class java/util/TreeMap$EntrySpliterator done
Event: 2.906 Thread 0x000001ea8f9a6c60 Thread added: 0x000001ea8f9a6c60
Event: 2.907 loading class java/util/TreeMap$KeySpliterator
Event: 2.907 loading class java/util/TreeMap$KeySpliterator done
Event: 2.907 loading class java/util/Comparators$NaturalOrderComparator
Event: 2.907 loading class java/util/Comparators$NaturalOrderComparator done
Event: 2.908 loading class java/util/stream/ReferencePipeline$4
Event: 2.908 loading class java/util/stream/ReferencePipeline$4 done
Event: 2.908 loading class java/util/function/IntBinaryOperator
Event: 2.908 loading class java/util/function/IntBinaryOperator done
Event: 2.909 loading class java/util/stream/ReduceOps$6
Event: 2.909 loading class java/util/stream/ReduceOps$6 done
Event: 2.909 loading class java/util/stream/ReduceOps$5ReducingSink
Event: 2.909 loading class java/util/stream/ReduceOps$5ReducingSink done
Event: 2.909 loading class java/util/stream/ReferencePipeline$4$1
Event: 2.909 loading class java/util/stream/ReferencePipeline$4$1 done


Dynamic libraries:
0x00007ff7b2270000 - 0x00007ff7b2280000 	C:\Program Files\Java\jdk-17.0.1\bin\java.exe
0x00007fff11a50000 - 0x00007fff11c45000 	C:\WINDOWS\SYSTEM32\ntdll.dll
0x00007fff0fb00000 - 0x00007fff0fbbe000 	C:\WINDOWS\System32\KERNEL32.DLL
0x00007fff0f770000 - 0x00007fff0fa39000 	C:\WINDOWS\System32\KERNELBASE.dll
0x00007fff0f5d0000 - 0x00007fff0f6d0000 	C:\WINDOWS\System32\ucrtbase.dll
0x00007fff06670000 - 0x00007fff06688000 	C:\Program Files\Java\jdk-17.0.1\bin\jli.dll
0x00007fff117d0000 - 0x00007fff1187c000 	C:\WINDOWS\System32\ADVAPI32.dll
0x00007fff0fbd0000 - 0x00007fff0fc6e000 	C:\WINDOWS\System32\msvcrt.dll
0x00007fff0ffc0000 - 0x00007fff1005b000 	C:\WINDOWS\System32\sechost.dll
0x00007fff10520000 - 0x00007fff1064a000 	C:\WINDOWS\System32\RPCRT4.dll
0x00007fff10e30000 - 0x00007fff10fd1000 	C:\WINDOWS\System32\USER32.dll
0x00007fff0f510000 - 0x00007fff0f532000 	C:\WINDOWS\System32\win32u.dll
0x00007fff10e00000 - 0x00007fff10e2b000 	C:\WINDOWS\System32\GDI32.dll
0x00007fff0f220000 - 0x00007fff0f32b000 	C:\WINDOWS\System32\gdi32full.dll
0x00007fff0f6d0000 - 0x00007fff0f76d000 	C:\WINDOWS\System32\msvcp_win.dll
0x00007fff05ba0000 - 0x00007fff05bba000 	C:\Program Files\Java\jdk-17.0.1\bin\VCRUNTIME140.dll
0x00007ffef7f90000 - 0x00007ffef822a000 	C:\WINDOWS\WinSxS\amd64_microsoft.windows.common-controls_6595b64144ccf1df_6.0.19041.1110_none_60b5254171f9507e\COMCTL32.dll
0x00007fff0d320000 - 0x00007fff0d32a000 	C:\WINDOWS\SYSTEM32\VERSION.dll
0x00007fff10d00000 - 0x00007fff10d30000 	C:\WINDOWS\System32\IMM32.DLL
0x00007ffeedd30000 - 0x00007ffeede88000 	C:\Program Files (x86)\Citrix\ICA Client\epclient64.dll
0x00007fff0f4e0000 - 0x00007fff0f507000 	C:\WINDOWS\System32\bcrypt.dll
0x00007fff100e0000 - 0x00007fff10435000 	C:\WINDOWS\System32\combase.dll
0x00007fff0cf30000 - 0x00007fff0cf63000 	C:\WINDOWS\SYSTEM32\ntmarta.dll
0x00007fff0eec0000 - 0x00007fff0ef03000 	C:\Program Files\AppSense\Application Manager\Agent\AMLdrAppInit.dll
0x00007fff0d300000 - 0x00007fff0d312000 	C:\WINDOWS\SYSTEM32\kernel.appcore.dll
0x00007fff0b350000 - 0x00007fff0b35c000 	C:\Program Files\Java\jdk-17.0.1\bin\vcruntime140_1.dll
0x000001ea91390000 - 0x000001ea91413000 	C:\WINDOWS\System32\bcryptprimitives.dll
0x00007ffed8920000 - 0x00007ffed89ad000 	C:\Program Files\Java\jdk-17.0.1\bin\msvcp140.dll
0x00007ffea7a40000 - 0x00007ffea85fe000 	C:\Program Files\Java\jdk-17.0.1\bin\server\jvm.dll
0x00007fff100d0000 - 0x00007fff100d8000 	C:\WINDOWS\System32\PSAPI.DLL
0x00007ffeead90000 - 0x00007ffeead99000 	C:\WINDOWS\SYSTEM32\WSOCK32.dll
0x00007fff10060000 - 0x00007fff100cb000 	C:\WINDOWS\System32\WS2_32.dll
0x00007ffeed300000 - 0x00007ffeed327000 	C:\WINDOWS\SYSTEM32\WINMM.dll
0x00007fff09fc0000 - 0x00007fff09fca000 	C:\Program Files\Java\jdk-17.0.1\bin\jimage.dll
0x00007fff0c5b0000 - 0x00007fff0c794000 	C:\WINDOWS\SYSTEM32\DBGHELP.DLL
0x00007ffef3fb0000 - 0x00007ffef3fdc000 	C:\WINDOWS\SYSTEM32\dbgcore.DLL
0x00007fff06a70000 - 0x00007fff06a7e000 	C:\Program Files\Java\jdk-17.0.1\bin\instrument.dll
0x00007fff04910000 - 0x00007fff04935000 	C:\Program Files\Java\jdk-17.0.1\bin\java.dll
0x00007ffea7960000 - 0x00007ffea7a36000 	C:\Program Files\Java\jdk-17.0.1\bin\svml.dll
0x000001eab0800000 - 0x000001eab0f3f000 	C:\WINDOWS\System32\SHELL32.dll
0x00007fff0d4b0000 - 0x00007fff0dc40000 	C:\WINDOWS\SYSTEM32\windows.storage.dll
0x00007fff0eb70000 - 0x00007fff0eb9c000 	C:\WINDOWS\SYSTEM32\Wldp.dll
0x000001eaafd60000 - 0x000001eaafe0d000 	C:\WINDOWS\System32\SHCORE.dll
0x00007fff10c20000 - 0x00007fff10c75000 	C:\WINDOWS\System32\shlwapi.dll
0x00007fff0f0b0000 - 0x00007fff0f0cf000 	C:\WINDOWS\SYSTEM32\profapi.dll
0x00007ffefc510000 - 0x00007ffefc528000 	C:\Program Files\Java\jdk-17.0.1\bin\zip.dll
0x00007ffefc570000 - 0x00007ffefc589000 	C:\Program Files\Java\jdk-17.0.1\bin\net.dll
0x00007fff0e160000 - 0x00007fff0e268000 	C:\WINDOWS\SYSTEM32\WINHTTP.dll
0x00007fff0e8d0000 - 0x00007fff0e93a000 	C:\WINDOWS\system32\mswsock.dll
0x00007ffefc530000 - 0x00007ffefc545000 	C:\Program Files\Java\jdk-17.0.1\bin\nio.dll
0x00007ffee1560000 - 0x00007ffee157a000 	C:\Program Files\JetBrains\IntelliJ IDEA Community Edition 2021.3.2\bin\breakgen64.dll
0x00007fff05b80000 - 0x00007fff05b90000 	C:\Program Files\Java\jdk-17.0.1\bin\verify.dll
0x00007fff0d330000 - 0x00007fff0d4a3000 	C:\Program Files\AppSense\Application Manager\Agent\AMAppHook.dll
0x00007fff118e0000 - 0x00007fff11a0a000 	C:\WINDOWS\System32\ole32.dll
0x00007fff0dc40000 - 0x00007fff0df6d000 	C:\WINDOWS\SYSTEM32\msi.dll
0x00007fff099b0000 - 0x00007fff09a15000 	C:\WINDOWS\SYSTEM32\wevtapi.dll
0x00007fff0ead0000 - 0x00007fff0eae8000 	C:\WINDOWS\SYSTEM32\CRYPTSP.dll
0x00007fff0e0d0000 - 0x00007fff0e104000 	C:\WINDOWS\system32\rsaenh.dll
0x00007fff0f070000 - 0x00007fff0f09e000 	C:\WINDOWS\SYSTEM32\USERENV.dll
0x00007fff0eac0000 - 0x00007fff0eacc000 	C:\WINDOWS\SYSTEM32\CRYPTBASE.dll
0x00007fff0e570000 - 0x00007fff0e5ab000 	C:\WINDOWS\SYSTEM32\IPHLPAPI.DLL
0x00007fff0fbc0000 - 0x00007fff0fbc8000 	C:\WINDOWS\System32\NSI.dll
0x00007fff08fb0000 - 0x00007fff08fc7000 	C:\WINDOWS\SYSTEM32\dhcpcsvc6.DLL
0x00007fff08f90000 - 0x00007fff08fad000 	C:\WINDOWS\SYSTEM32\dhcpcsvc.DLL
0x00007fff0e5b0000 - 0x00007fff0e67c000 	C:\WINDOWS\SYSTEM32\DNSAPI.dll
0x00007ffef9bd0000 - 0x00007ffef9bda000 	C:\Windows\System32\rasadhlp.dll
0x00007fff09310000 - 0x00007fff0938f000 	C:\WINDOWS\System32\fwpuclnt.dll
0x00007ffefc450000 - 0x00007ffefc459000 	C:\Program Files\Java\jdk-17.0.1\bin\management.dll
0x00007ffef68b0000 - 0x00007ffef68bb000 	C:\Program Files\Java\jdk-17.0.1\bin\management_ext.dll
0x00007ffef6890000 - 0x00007ffef689e000 	C:\Program Files\Java\jdk-17.0.1\bin\sunmscapi.dll
0x00007fff0f380000 - 0x00007fff0f4d6000 	C:\WINDOWS\System32\CRYPT32.dll
0x00007fff0ebe0000 - 0x00007fff0ec07000 	C:\WINDOWS\SYSTEM32\ncrypt.dll
0x00007fff0eba0000 - 0x00007fff0ebdb000 	C:\WINDOWS\SYSTEM32\NTASN1.dll
0x00007ffeea020000 - 0x00007ffeea027000 	C:\WINDOWS\system32\wshunix.dll
0x00007ffefe530000 - 0x00007ffefe54d000 	C:\WINDOWS\SYSTEM32\MPR.dll

dbghelp: loaded successfully - version: 4.0.5 - missing functions: none
symbol engine: initialized successfully - sym options: 0x614 - pdb path: .;C:\Program Files\Java\jdk-17.0.1\bin;C:\WINDOWS\SYSTEM32;C:\WINDOWS\WinSxS\amd64_microsoft.windows.common-controls_6595b64144ccf1df_6.0.19041.1110_none_60b5254171f9507e;C:\Program Files (x86)\Citrix\ICA Client;C:\Program Files\AppSense\Application Manager\Agent;C:\Program Files\Java\jdk-17.0.1\bin\server;C:\Program Files\JetBrains\IntelliJ IDEA Community Edition 2021.3.2\bin

VM Arguments:
jvm_args: -ea -Didea.test.cyclic.buffer.size=1048576 -javaagent:C:\Program Files\JetBrains\IntelliJ IDEA Community Edition 2021.3.2\lib\idea_rt.jar=56104:C:\Program Files\JetBrains\IntelliJ IDEA Community Edition 2021.3.2\bin -Dfile.encoding=UTF-8 
java_command: com.intellij.rt.testng.RemoteTestNGStarter -usedefaultlisteners false -socket56103 @w@C:\Users\covie\AppData\Local\Temp\idea_working_dirs_testng1.tmp -temp C:\Users\covie\AppData\Local\Temp\idea_testng1.tmp
java_class_path (initial): C:\Program Files\JetBrains\IntelliJ IDEA Community Edition 2021.3.2\lib\idea_rt.jar;C:\Program Files\JetBrains\IntelliJ IDEA Community Edition 2021.3.2\plugins\testng\lib\testng-rt.jar;C:\Rahulshettyfinalframewk\AutomationExercises\target\test-classes;C:\Rahulshettyfinalframewk\AutomationExercises\target\classes;C:\Users\covie\.m2\repository\io\github\bonigarcia\webdrivermanager\5.2.1\webdrivermanager-5.2.1.jar;C:\Users\covie\.m2\repository\org\slf4j\slf4j-api\1.7.36\slf4j-api-1.7.36.jar;C:\Users\covie\.m2\repository\com\google\code\gson\gson\2.9.0\gson-2.9.0.jar;C:\Users\covie\.m2\repository\com\github\docker-java\docker-java\3.2.13\docker-java-3.2.13.jar;C:\Users\covie\.m2\repository\com\github\docker-java\docker-java-core\3.2.13\docker-java-core-3.2.13.jar;C:\Users\covie\.m2\repository\com\github\docker-java\docker-java-api\3.2.13\docker-java-api-3.2.13.jar;C:\Users\covie\.m2\repository\com\fasterxml\jackson\core\jackson-annotations\2.10.3\jackson-annotations-2.10.3.jar;C:\Users\covie\.m2\repository\commons-io\commons-io\2.6\commons-io-2.6.jar;C:\Users\covie\.m2\repository\org\apache\commons\commons-compress\1.21\commons-compress-1.21.jar;C:\Users\covie\.m2\repository\com\fasterxml\jackson\core\jackson-databind\2.10.3\jackson-databind-2.10.3.jar;C:\Users\covie\.m2\repository\com\fasterxml\jackson\core\jackson-core\2.10.3\jackson-core-2.10.3.jar;C:\Users\covie\.m2\repository\org\bouncycastle\bcpkix-jdk15on\1.64\bcpkix-jdk15on-1.64.jar;C:\Users\covie\.m2\repository\org\bouncycastle\bcprov-jdk15on\1.64\bcprov-jdk15on-1.64.jar;C:\Users\covie\.m2\repository\org\slf4j\jcl-over-slf4j\1.7.30\jcl-over-slf4j-1.7.30.jar;C:\Users\covie\.m2\repository\com\github\docker-java\docker-java-transport-httpclient5\3.2.13\docker-java-transport-httpclient5-3.2.13.jar;C:\Users\covie\.m2\repository\com\github\docker-java\docker-java-transport\3.2.13\docker-java-transport-3.2.13.jar;C:\Users\covie\.m2\repository\net\java\dev\jna\jna\5.8.0\jna-5.8.0.jar;C:\Use
Launcher Type: SUN_STANDARD

[Global flags]
     intx CICompilerCount                          = 4                                         {product} {ergonomic}
     uint ConcGCThreads                            = 2                                         {product} {ergonomic}
     uint G1ConcRefinementThreads                  = 8                                         {product} {ergonomic}
   size_t G1HeapRegionSize                         = 1048576                                   {product} {ergonomic}
    uintx GCDrainStackTargetSize                   = 64                                        {product} {ergonomic}
   size_t InitialHeapSize                          = 134217728                                 {product} {ergonomic}
   size_t MarkStackSize                            = 4194304                                   {product} {ergonomic}
   size_t MaxHeapSize                              = 2122317824                                {product} {ergonomic}
   size_t MaxNewSize                               = 1272971264                                {product} {ergonomic}
   size_t MinHeapDeltaBytes                        = 1048576                                   {product} {ergonomic}
   size_t MinHeapSize                              = 8388608                                   {product} {ergonomic}
    uintx NonNMethodCodeHeapSize                   = 5839372                                {pd product} {ergonomic}
    uintx NonProfiledCodeHeapSize                  = 122909434                              {pd product} {ergonomic}
    uintx ProfiledCodeHeapSize                     = 122909434                              {pd product} {ergonomic}
    uintx ReservedCodeCacheSize                    = 251658240                              {pd product} {ergonomic}
     bool SegmentedCodeCache                       = true                                      {product} {ergonomic}
   size_t SoftMaxHeapSize                          = 2122317824                             {manageable} {ergonomic}
     bool UseCompressedClassPointers               = true                           {product lp64_product} {ergonomic}
     bool UseCompressedOops                        = true                           {product lp64_product} {ergonomic}
     bool UseG1GC                                  = true                                      {product} {ergonomic}
     bool UseLargePagesIndividualAllocation        = false                                  {pd product} {ergonomic}

Logging:
Log output configuration:
 #0: stdout all=warning uptime,level,tags
 #1: stderr all=off uptime,level,tags

Environment Variables:
PATH=C:\Program Files\Common Files\Oracle\Java\javapath;C:\WINDOWS\system32;C:\WINDOWS;C:\WINDOWS\System32\Wbem;C:\WINDOWS\System32\WindowsPowerShell\v1.0\;C:\WINDOWS\System32\OpenSSH\;C:\Program Files\Microsoft VS Code\bin;C:\Program Files\GitHub CLI\;C:\Maven\apache-maven-3.8.4\bin;c:\Program Files (x86)\Intel\Intel(R) Management Engine Components\DAL;c:\Program Files\Intel\Intel(R) Management Engine Components\DAL;C:\Program Files\dotnet\;C:\Program Files\PuTTY\;C:\Program Files\Git\cmd;C:\Program Files\nodejs\;C:\Users\covie\AppData\Local\Microsoft\WindowsApps;C:\Users\covie\AppData\Local\Programs\Microsoft VS Code\bin;C:\Users\covie\.dotnet\tools
USERNAME=covie
OS=Windows_NT
PROCESSOR_IDENTIFIER=Intel64 Family 6 Model 142 Stepping 10, GenuineIntel



---------------  S Y S T E M  ---------------

OS:
 Windows 10 , 64 bit Build 19041 (10.0.19041.1202)
OS uptime: 5 days 6:52 hours

CPU: total 8 (initial active 8) (4 cores per cpu, 2 threads per core) family 6 model 142 stepping 10 microcode 0xc6, cx8, cmov, fxsr, ht, mmx, 3dnowpref, sse, sse2, sse3, ssse3, sse4.1, sse4.2, popcnt, lzcnt, tsc, tscinvbit, avx, avx2, aes, erms, clmul, bmi1, bmi2, adx, fma, vzeroupper, clflush, clflushopt

Memory: 4k page, system-wide physical 8093M (441M free)
TotalPageFile size 32669M (AvailPageFile size 0M)
current process WorkingSet (physical memory assigned to process): 131M, peak: 131M
current process commit charge ("private bytes"): 261M, peak: 261M

vm_info: Java HotSpot(TM) 64-Bit Server VM (17.0.1+12-LTS-39) for windows-amd64 JRE (17.0.1+12-LTS-39), built on Sep 27 2021 18:41:35 by "mach5one" with MS VC++ 16.8 (VS2019)

END.
