#
# There is insufficient memory for the Java Runtime Environment to continue.
# Native memory allocation (malloc) failed to allocate 773216 bytes for Chunk::new
# Possible reasons:
#   The system is out of physical RAM or swap space
#   The process is running with CompressedOops enabled, and the Java Heap may be blocking the growth of the native heap
# Possible solutions:
#   Reduce memory load on the system
#   Increase physical memory or swap space
#   Check if swap backing store is full
#   Decrease Java heap size (-Xmx/-Xms)
#   Decrease number of Java threads
#   Decrease Java thread stack sizes (-Xss)
#   Set larger code cache with -XX:ReservedCodeCacheSize=
#   JVM is running with Unscaled Compressed Oops mode in which the Java heap is
#     placed in the first 4GB address space. The Java Heap base address is the
#     maximum limit for the native heap growth. Please use -XX:HeapBaseMinAddress
#     to set the Java Heap base and to place the Java Heap above 4GB virtual address.
# This output file may be truncated or incomplete.
#
#  Out of Memory Error (arena.cpp:189), pid=26788, tid=14680
#
# JRE version: Java(TM) SE Runtime Environment (17.0.1+12) (build 17.0.1+12-LTS-39)
# Java VM: Java HotSpot(TM) 64-Bit Server VM (17.0.1+12-LTS-39, mixed mode, sharing, tiered, compressed oops, compressed class ptrs, g1 gc, windows-amd64)
# No core dump will be written. Minidumps are not enabled by default on client versions of Windows
#

---------------  S U M M A R Y ------------

Command Line: -ea -Didea.test.cyclic.buffer.size=1048576 -javaagent:C:\Program Files\JetBrains\IntelliJ IDEA Community Edition 2021.3.2\lib\idea_rt.jar=55902:C:\Program Files\JetBrains\IntelliJ IDEA Community Edition 2021.3.2\bin -Dfile.encoding=UTF-8 com.intellij.rt.testng.RemoteTestNGStarter -usedefaultlisteners false -socket55901 @w@C:\Users\covie\AppData\Local\Temp\idea_working_dirs_testng1.tmp -temp C:\Users\covie\AppData\Local\Temp\idea_testng1.tmp

Host: Intel(R) Core(TM) i7-8550U CPU @ 1.80GHz, 8 cores, 7G,  Windows 10 , 64 bit Build 19041 (10.0.19041.1202)
Time: Sun Jul 31 17:15:42 2022 GMT Summer Time elapsed time: 16.861144 seconds (0d 0h 0m 16s)

---------------  T H R E A D  ---------------

Current thread (0x000001962ed36240):  JavaThread "C2 CompilerThread0" daemon [_thread_in_native, id=14680, stack(0x00000013e8400000,0x00000013e8500000)]


Current CompileTask:
C2:  16861 2601       4       java.lang.invoke.MethodType::makeImpl (109 bytes)

Stack: [0x00000013e8400000,0x00000013e8500000]
Native frames: (J=compiled Java code, j=interpreted, Vv=VM code, C=native code)
V  [jvm.dll+0x66fa1a]
V  [jvm.dll+0x7ce5a4]
V  [jvm.dll+0x7cfd4e]
V  [jvm.dll+0x7d03b3]
V  [jvm.dll+0x242b05]
V  [jvm.dll+0xaa05b]
V  [jvm.dll+0xaa5ec]
V  [jvm.dll+0x2a953f]
V  [jvm.dll+0x5785a9]
V  [jvm.dll+0x21dd7d]
V  [jvm.dll+0x2172d1]
V  [jvm.dll+0x214f05]
V  [jvm.dll+0x1a168d]
V  [jvm.dll+0x224848]
V  [jvm.dll+0x2229ac]
V  [jvm.dll+0x78435b]
V  [jvm.dll+0x77e91a]
V  [jvm.dll+0x66e845]
C  [ucrtbase.dll+0x21bb2]
C  [KERNEL32.DLL+0x17034]
C  [ntdll.dll+0x52651]


---------------  P R O C E S S  ---------------

Threads class SMR info:
_java_thread_list=0x0000019651ae5960, length=22, elements={
0x000001963118e3f0, 0x000001964f21d800, 0x000001964f220680, 0x000001964f22d0e0,
0x000001964f22eca0, 0x000001964f22f850, 0x000001964f23d720, 0x000001962ed36240,
0x000001962ed36750, 0x000001964f2599c0, 0x000001964f207f30, 0x00000196505179f0,
0x0000019650517ec0, 0x0000019651a25cf0, 0x0000019651dbf710, 0x0000019650c01780,
0x0000019651527350, 0x0000019651527820, 0x0000019650fd80c0, 0x0000019650fda740,
0x0000019650fd8590, 0x0000019650fd8f30
}

Java Threads: ( => current thread )
  0x000001963118e3f0 JavaThread "Forwarding newSession on session null to remote" [_thread_in_vm, id=59936, stack(0x00000013e7600000,0x00000013e7700000)]
  0x000001964f21d800 JavaThread "Reference Handler" daemon [_thread_blocked, id=10436, stack(0x00000013e7e00000,0x00000013e7f00000)]
  0x000001964f220680 JavaThread "Finalizer" daemon [_thread_blocked, id=34852, stack(0x00000013e7f00000,0x00000013e8000000)]
  0x000001964f22d0e0 JavaThread "Signal Dispatcher" daemon [_thread_blocked, id=63908, stack(0x00000013e8000000,0x00000013e8100000)]
  0x000001964f22eca0 JavaThread "Attach Listener" daemon [_thread_blocked, id=23036, stack(0x00000013e8100000,0x00000013e8200000)]
  0x000001964f22f850 JavaThread "Service Thread" daemon [_thread_blocked, id=9540, stack(0x00000013e8200000,0x00000013e8300000)]
  0x000001964f23d720 JavaThread "Monitor Deflation Thread" daemon [_thread_blocked, id=15232, stack(0x00000013e8300000,0x00000013e8400000)]
=>0x000001962ed36240 JavaThread "C2 CompilerThread0" daemon [_thread_in_native, id=14680, stack(0x00000013e8400000,0x00000013e8500000)]
  0x000001962ed36750 JavaThread "C1 CompilerThread0" daemon [_thread_blocked, id=19280, stack(0x00000013e8500000,0x00000013e8600000)]
  0x000001964f2599c0 JavaThread "Sweeper thread" daemon [_thread_blocked, id=43632, stack(0x00000013e8600000,0x00000013e8700000)]
  0x000001964f207f30 JavaThread "Common-Cleaner" daemon [_thread_blocked, id=59456, stack(0x00000013e8700000,0x00000013e8800000)]
  0x00000196505179f0 JavaThread "Monitor Ctrl-Break" daemon [_thread_in_native, id=55560, stack(0x00000013e7700000,0x00000013e7800000)]
  0x0000019650517ec0 JavaThread "Notification Thread" daemon [_thread_blocked, id=34232, stack(0x00000013e8800000,0x00000013e8900000)]
  0x0000019651a25cf0 JavaThread "ForkJoinPool.commonPool-worker-1" daemon [_thread_blocked, id=62820, stack(0x00000013e9300000,0x00000013e9400000)]
  0x0000019651dbf710 JavaThread "AsyncHttpClient-1-1" daemon [_thread_blocked, id=27932, stack(0x00000013e9200000,0x00000013e9300000)]
  0x0000019650c01780 JavaThread "Exec Default Executor" daemon [_thread_in_native, id=26932, stack(0x00000013e9400000,0x00000013e9500000)]
  0x0000019651527350 JavaThread "Driver Service Executor" daemon [_thread_blocked, id=31908, stack(0x00000013e9500000,0x00000013e9600000)]
  0x0000019651527820 JavaThread "Driver Service Executor" daemon [_thread_blocked, id=19404, stack(0x00000013e9600000,0x00000013e9700000)]
  0x0000019650fd80c0 JavaThread "UrlChecker-2" daemon [_thread_blocked, id=64912, stack(0x00000013e9700000,0x00000013e9800000)]
  0x0000019650fda740 JavaThread "Exec Stream Pumper" daemon [_thread_in_native, id=63636, stack(0x00000013e9800000,0x00000013e9900000)]
  0x0000019650fd8590 JavaThread "Exec Stream Pumper" daemon [_thread_in_native, id=47004, stack(0x00000013e9900000,0x00000013e9a00000)]
  0x0000019650fd8f30 JavaThread "Keep-Alive-Timer" daemon [_thread_blocked, id=7412, stack(0x00000013e9a00000,0x00000013e9b00000)]

Other Threads:
  0x000001964f218800 VMThread "VM Thread" [stack: 0x00000013e7d00000,0x00000013e7e00000] [id=38132]
  0x000001962ed35940 WatcherThread [stack: 0x00000013e8900000,0x00000013e8a00000] [id=50372]
  0x00000196311cd220 GCTaskThread "GC Thread#0" [stack: 0x00000013e7800000,0x00000013e7900000] [id=11128]
  0x0000019650c9fac0 GCTaskThread "GC Thread#1" [stack: 0x00000013e8b00000,0x00000013e8c00000] [id=44352]
  0x0000019650c9fd70 GCTaskThread "GC Thread#2" [stack: 0x00000013e8c00000,0x00000013e8d00000] [id=58844]
  0x0000019650fcec40 GCTaskThread "GC Thread#3" [stack: 0x00000013e8d00000,0x00000013e8e00000] [id=39720]
  0x0000019650fceef0 GCTaskThread "GC Thread#4" [stack: 0x00000013e8e00000,0x00000013e8f00000] [id=19020]
  0x0000019651111080 GCTaskThread "GC Thread#5" [stack: 0x00000013e8f00000,0x00000013e9000000] [id=43108]
  0x0000019651111330 GCTaskThread "GC Thread#6" [stack: 0x00000013e9000000,0x00000013e9100000] [id=69964]
  0x0000019650fe0a50 GCTaskThread "GC Thread#7" [stack: 0x00000013e9100000,0x00000013e9200000] [id=18092]
  0x00000196311dde70 ConcurrentGCThread "G1 Main Marker" [stack: 0x00000013e7900000,0x00000013e7a00000] [id=29244]
  0x00000196311e0400 ConcurrentGCThread "G1 Conc#0" [stack: 0x00000013e7a00000,0x00000013e7b00000] [id=6492]
  0x00000196516f8b20 ConcurrentGCThread "G1 Conc#1" [stack: 0x00000013e9b00000,0x00000013e9c00000] [id=52604]
  0x000001963120ecf0 ConcurrentGCThread "G1 Refine#0" [stack: 0x00000013e7b00000,0x00000013e7c00000] [id=42864]
  0x000001964f0cd520 ConcurrentGCThread "G1 Service" [stack: 0x00000013e7c00000,0x00000013e7d00000] [id=35528]

Threads with active compile tasks:
C2 CompilerThread0    16965 2601       4       java.lang.invoke.MethodType::makeImpl (109 bytes)
C1 CompilerThread0    16965 2684   !   3       java.lang.invoke.BootstrapMethodInvoker::invoke (974 bytes)

VM state: not at safepoint (normal execution)

VM Mutex/Monitor currently owned by a thread: None

Heap address: 0x0000000081800000, size: 2024 MB, Compressed Oops mode: 32-bit

CDS archive(s) mapped at: [0x0000000800000000-0x0000000800bc0000-0x0000000800bc0000), size 12320768, SharedBaseAddress: 0x0000000800000000, ArchiveRelocationMode: 0.
Compressed class space mapped at: 0x0000000800c00000-0x0000000840c00000, reserved size: 1073741824
Narrow klass base: 0x0000000800000000, Narrow klass shift: 0, Narrow klass range: 0x100000000

GC Precious Log:
 CPUs: 8 total, 8 available
 Memory: 8093M
 Large Page Support: Disabled
 NUMA Support: Disabled
 Compressed Oops: Enabled (32-bit)
 Heap Region Size: 1M
 Heap Min Capacity: 8M
 Heap Initial Capacity: 128M
 Heap Max Capacity: 2024M
 Pre-touch: Disabled
 Parallel Workers: 8
 Concurrent Workers: 2
 Concurrent Refinement Workers: 8
 Periodic GC: Disabled

Heap:
 garbage-first heap   total 48128K, used 13774K [0x0000000081800000, 0x0000000100000000)
  region size 1024K, 9 young (9216K), 7 survivors (7168K)
 Metaspace       used 21480K, committed 21760K, reserved 1073152K
  class space    used 2612K, committed 2752K, reserved 1048576K

Heap Regions: E=young(eden), S=young(survivor), O=old, HS=humongous(starts), HC=humongous(continues), CS=collection set, F=free, OA=open archive, CA=closed archive, TAMS=top-at-mark-start (previous, next)
|   0|0x0000000081800000, 0x0000000081900000, 0x0000000081900000|100%| O|  |TAMS 0x0000000081900000, 0x0000000081800000| Untracked 
|   1|0x0000000081900000, 0x0000000081a00000, 0x0000000081a00000|100%| O|  |TAMS 0x0000000081a00000, 0x0000000081900000| Untracked 
|   2|0x0000000081a00000, 0x0000000081b00000, 0x0000000081b00000|100%| O|  |TAMS 0x0000000081b00000, 0x0000000081a00000| Untracked 
|   3|0x0000000081b00000, 0x0000000081c00000, 0x0000000081c00000|100%| O|  |TAMS 0x0000000081c00000, 0x0000000081b00000| Untracked 
|   4|0x0000000081c00000, 0x0000000081d00000, 0x0000000081d00000|100%| O|  |TAMS 0x0000000081d00000, 0x0000000081c00000| Untracked 
|   5|0x0000000081d00000, 0x0000000081dca800, 0x0000000081e00000| 79%| O|  |TAMS 0x0000000081dca800, 0x0000000081d00000| Complete 
|   6|0x0000000081e00000, 0x0000000081e00000, 0x0000000081f00000|  0%| F|  |TAMS 0x0000000081e00000, 0x0000000081e00000| Untracked 
|   7|0x0000000081f00000, 0x0000000081f00000, 0x0000000082000000|  0%| F|  |TAMS 0x0000000081f00000, 0x0000000081f00000| Untracked 
|   8|0x0000000082000000, 0x0000000082000000, 0x0000000082100000|  0%| F|  |TAMS 0x0000000082000000, 0x0000000082000000| Untracked 
|   9|0x0000000082100000, 0x0000000082100000, 0x0000000082200000|  0%| F|  |TAMS 0x0000000082100000, 0x0000000082100000| Untracked 
|  10|0x0000000082200000, 0x0000000082200000, 0x0000000082300000|  0%| F|  |TAMS 0x0000000082200000, 0x0000000082200000| Untracked 
|  11|0x0000000082300000, 0x0000000082300000, 0x0000000082400000|  0%| F|  |TAMS 0x0000000082300000, 0x0000000082300000| Untracked 
|  12|0x0000000082400000, 0x0000000082400000, 0x0000000082500000|  0%| F|  |TAMS 0x0000000082400000, 0x0000000082400000| Untracked 
|  13|0x0000000082500000, 0x0000000082500000, 0x0000000082600000|  0%| F|  |TAMS 0x0000000082500000, 0x0000000082500000| Untracked 
|  14|0x0000000082600000, 0x0000000082600000, 0x0000000082700000|  0%| F|  |TAMS 0x0000000082600000, 0x0000000082600000| Untracked 
|  15|0x0000000082700000, 0x0000000082700000, 0x0000000082800000|  0%| F|  |TAMS 0x0000000082700000, 0x0000000082700000| Untracked 
|  16|0x0000000082800000, 0x0000000082800000, 0x0000000082900000|  0%| F|  |TAMS 0x0000000082800000, 0x0000000082800000| Untracked 
|  17|0x0000000082900000, 0x0000000082900000, 0x0000000082a00000|  0%| F|  |TAMS 0x0000000082900000, 0x0000000082900000| Untracked 
|  18|0x0000000082a00000, 0x0000000082a00000, 0x0000000082b00000|  0%| F|  |TAMS 0x0000000082a00000, 0x0000000082a00000| Untracked 
|  19|0x0000000082b00000, 0x0000000082b00000, 0x0000000082c00000|  0%| F|  |TAMS 0x0000000082b00000, 0x0000000082b00000| Untracked 
|  20|0x0000000082c00000, 0x0000000082c00000, 0x0000000082d00000|  0%| F|  |TAMS 0x0000000082c00000, 0x0000000082c00000| Untracked 
|  21|0x0000000082d00000, 0x0000000082d00000, 0x0000000082e00000|  0%| F|  |TAMS 0x0000000082d00000, 0x0000000082d00000| Untracked 
|  22|0x0000000082e00000, 0x0000000082e00000, 0x0000000082f00000|  0%| F|  |TAMS 0x0000000082e00000, 0x0000000082e00000| Untracked 
|  23|0x0000000082f00000, 0x0000000082f00000, 0x0000000083000000|  0%| F|  |TAMS 0x0000000082f00000, 0x0000000082f00000| Untracked 
|  24|0x0000000083000000, 0x0000000083000000, 0x0000000083100000|  0%| F|  |TAMS 0x0000000083000000, 0x0000000083000000| Untracked 
|  25|0x0000000083100000, 0x0000000083100000, 0x0000000083200000|  0%| F|  |TAMS 0x0000000083100000, 0x0000000083100000| Untracked 
|  26|0x0000000083200000, 0x0000000083200000, 0x0000000083300000|  0%| F|  |TAMS 0x0000000083200000, 0x0000000083200000| Untracked 
|  27|0x0000000083300000, 0x0000000083300000, 0x0000000083400000|  0%| F|  |TAMS 0x0000000083300000, 0x0000000083300000| Untracked 
|  28|0x0000000083400000, 0x0000000083400000, 0x0000000083500000|  0%| F|  |TAMS 0x0000000083400000, 0x0000000083400000| Untracked 
|  29|0x0000000083500000, 0x0000000083500000, 0x0000000083600000|  0%| F|  |TAMS 0x0000000083500000, 0x0000000083500000| Untracked 
|  30|0x0000000083600000, 0x0000000083600000, 0x0000000083700000|  0%| F|  |TAMS 0x0000000083600000, 0x0000000083600000| Untracked 
|  31|0x0000000083700000, 0x0000000083700000, 0x0000000083800000|  0%| F|  |TAMS 0x0000000083700000, 0x0000000083700000| Untracked 
|  32|0x0000000083800000, 0x0000000083800000, 0x0000000083900000|  0%| F|  |TAMS 0x0000000083800000, 0x0000000083800000| Untracked 
|  33|0x0000000083900000, 0x0000000083900000, 0x0000000083a00000|  0%| F|  |TAMS 0x0000000083900000, 0x0000000083900000| Untracked 
|  34|0x0000000083a00000, 0x0000000083a00000, 0x0000000083b00000|  0%| F|  |TAMS 0x0000000083a00000, 0x0000000083a00000| Untracked 
|  35|0x0000000083b00000, 0x0000000083b00000, 0x0000000083c00000|  0%| F|  |TAMS 0x0000000083b00000, 0x0000000083b00000| Untracked 
|  36|0x0000000083c00000, 0x0000000083c00000, 0x0000000083d00000|  0%| F|  |TAMS 0x0000000083c00000, 0x0000000083c00000| Untracked 
|  37|0x0000000083d00000, 0x0000000083d00000, 0x0000000083e00000|  0%| F|  |TAMS 0x0000000083d00000, 0x0000000083d00000| Untracked 
|  38|0x0000000083e00000, 0x0000000083f00000, 0x0000000083f00000|100%| E|  |TAMS 0x0000000083e00000, 0x0000000083e00000| Complete 
|  84|0x0000000086c00000, 0x0000000086ca9230, 0x0000000086d00000| 66%| S|CS|TAMS 0x0000000086c00000, 0x0000000086c00000| Complete 
|  85|0x0000000086d00000, 0x0000000086e00000, 0x0000000086e00000|100%| S|CS|TAMS 0x0000000086d00000, 0x0000000086d00000| Complete 
|  86|0x0000000086e00000, 0x0000000086f00000, 0x0000000086f00000|100%| S|CS|TAMS 0x0000000086e00000, 0x0000000086e00000| Complete 
|  87|0x0000000086f00000, 0x0000000087000000, 0x0000000087000000|100%| S|CS|TAMS 0x0000000086f00000, 0x0000000086f00000| Complete 
|  88|0x0000000087000000, 0x0000000087100000, 0x0000000087100000|100%| S|CS|TAMS 0x0000000087000000, 0x0000000087000000| Complete 
|  89|0x0000000087100000, 0x0000000087200000, 0x0000000087200000|100%| S|CS|TAMS 0x0000000087100000, 0x0000000087100000| Complete 
|  90|0x0000000087200000, 0x0000000087300000, 0x0000000087300000|100%| S|CS|TAMS 0x0000000087200000, 0x0000000087200000| Complete 
| 127|0x0000000089700000, 0x0000000089800000, 0x0000000089800000|100%| E|CS|TAMS 0x0000000089700000, 0x0000000089700000| Complete 

Card table byte_map: [0x0000019648080000,0x0000019648480000] _byte_map_base: 0x0000019647c74000

Marking Bits (Prev, Next): (CMBitMap*) 0x00000196311cd870, (CMBitMap*) 0x00000196311cd830
 Prev Bits: [0x000001964a820000, 0x000001964c7c0000)
 Next Bits: [0x0000019648880000, 0x000001964a820000)

Polling page: 0x000001962f020000

Metaspace:

Usage:
  Non-class:     18.45 MB used.
      Class:      2.56 MB used.
       Both:     21.01 MB used.

Virtual space:
  Non-class space:       24.00 MB reserved,      18.62 MB ( 78%) committed,  3 nodes.
      Class space:        1.00 GB reserved,       2.69 MB ( <1%) committed,  1 nodes.
             Both:        1.02 GB reserved,      21.31 MB (  2%) committed. 

Chunk freelists:
   Non-Class:  544.00 KB
       Class:  1.35 MB
        Both:  1.88 MB

MaxMetaspaceSize: unlimited
CompressedClassSpaceSize: 1.00 GB
Initial GC threshold: 21.00 MB
Current GC threshold: 35.12 MB
CDS: on
MetaspaceReclaimPolicy: balanced
 - commit_granule_bytes: 65536.
 - commit_granule_words: 8192.
 - virtual_space_node_default_size: 1048576.
 - enlarge_chunks_in_place: 1.
 - new_chunks_are_fully_committed: 0.
 - uncommit_free_chunks: 1.
 - use_allocation_guard: 0.
 - handle_deallocations: 1.


Internal statistics:

num_allocs_failed_limit: 3.
num_arena_births: 298.
num_arena_deaths: 2.
num_vsnodes_births: 4.
num_vsnodes_deaths: 0.
num_space_committed: 341.
num_space_uncommitted: 0.
num_chunks_returned_to_freelist: 6.
num_chunks_taken_from_freelist: 794.
num_chunk_merges: 3.
num_chunk_splits: 536.
num_chunks_enlarged: 378.
num_purges: 2.
num_inconsistent_stats: 0.

CodeHeap 'non-profiled nmethods': size=120000Kb used=1162Kb max_used=1162Kb free=118837Kb
 bounds [0x0000019640410000, 0x0000019640680000, 0x0000019647940000]
CodeHeap 'profiled nmethods': size=120000Kb used=5498Kb max_used=5498Kb free=114501Kb
 bounds [0x0000019638ee0000, 0x0000019639440000, 0x0000019640410000]
CodeHeap 'non-nmethods': size=5760Kb used=1261Kb max_used=1303Kb free=4498Kb
 bounds [0x0000019638940000, 0x0000019638bb0000, 0x0000019638ee0000]
 total_blobs=3247 nmethods=2680 adapters=479
 compilation: enabled
              stopped_count=0, restarted_count=0
 full_count=0

Compilation events (20 events):
Event: 16.813 Thread 0x000001962ed36750 2631       3       java.util.ArrayDeque::addLast (51 bytes)
Event: 16.813 Thread 0x000001962ed36750 nmethod 2631 0x0000019639412a10 code [0x0000019639412be0, 0x00000196394130b8]
Event: 16.817 Thread 0x000001962ed36750 2632       3       jdk.internal.org.objectweb.asm.AnnotationWriter::create (34 bytes)
Event: 16.817 Thread 0x000001962ed36750 nmethod 2632 0x0000019639413290 code [0x0000019639413480, 0x0000019639413918]
Event: 16.818 Thread 0x000001962ed36750 2634       3       jdk.internal.org.objectweb.asm.Frame::execute (2305 bytes)
Event: 16.826 Thread 0x000001962ed36750 nmethod 2634 0x0000019639413b10 code [0x0000019639414a40, 0x000001963941b4b8]
Event: 16.826 Thread 0x000001962ed36750 2635       3       java.util.stream.Sink$ChainedReference::cancellationRequested (10 bytes)
Event: 16.826 Thread 0x000001962ed36750 nmethod 2635 0x000001963941d090 code [0x000001963941d240, 0x000001963941d408]
Event: 16.826 Thread 0x000001962ed36750 2636       3       java.lang.Class::privateGetDeclaredMethods (64 bytes)
Event: 16.827 Thread 0x000001962ed36750 nmethod 2636 0x000001963941d510 code [0x000001963941d740, 0x000001963941df38]
Event: 16.827 Thread 0x000001962ed36750 2637       3       java.util.EnumSet::of (16 bytes)
Event: 16.827 Thread 0x000001962ed36750 nmethod 2637 0x000001963941e190 code [0x000001963941e360, 0x000001963941e668]
Event: 16.835 Thread 0x000001962ed36750 2638       3       java.util.ArrayDeque::poll (5 bytes)
Event: 16.836 Thread 0x000001962ed36750 nmethod 2638 0x000001963941e890 code [0x000001963941ea20, 0x000001963941ebe8]
Event: 16.848 Thread 0x000001962ed36750 2639       3       java.lang.Class::protectionDomain (48 bytes)
Event: 16.849 Thread 0x000001962ed36750 nmethod 2639 0x000001963941ec90 code [0x000001963941eec0, 0x000001963941f518]
Event: 16.852 Thread 0x000001962ed36750 2640       3       java.lang.invoke.SimpleMethodHandle::make (10 bytes)
Event: 16.852 Thread 0x000001962ed36750 nmethod 2640 0x000001963941f710 code [0x000001963941f8c0, 0x000001963941fac8]
Event: 16.852 Thread 0x000001962ed36750 2641       3       java.lang.invoke.SimpleMethodHandle::<init> (7 bytes)
Event: 16.852 Thread 0x000001962ed36750 nmethod 2641 0x000001963941fc10 code [0x000001963941fdc0, 0x000001963941ff88]

GC Heap History (4 events):
Event: 2.727 GC heap before
{Heap before GC invocations=0 (full 0):
 garbage-first heap   total 131072K, used 22528K [0x0000000081800000, 0x0000000100000000)
  region size 1024K, 23 young (23552K), 0 survivors (0K)
 Metaspace       used 5506K, committed 5760K, reserved 1056768K
  class space    used 593K, committed 704K, reserved 1048576K
}
Event: 2.736 GC heap after
{Heap after GC invocations=1 (full 0):
 garbage-first heap   total 131072K, used 5704K [0x0000000081800000, 0x0000000100000000)
  region size 1024K, 3 young (3072K), 3 survivors (3072K)
 Metaspace       used 5506K, committed 5760K, reserved 1056768K
  class space    used 593K, committed 704K, reserved 1048576K
}
Event: 4.512 GC heap before
{Heap before GC invocations=1 (full 0):
 garbage-first heap   total 131072K, used 34376K [0x0000000081800000, 0x0000000100000000)
  region size 1024K, 31 young (31744K), 3 survivors (3072K)
 Metaspace       used 10891K, committed 11200K, reserved 1064960K
  class space    used 1203K, committed 1344K, reserved 1048576K
}
Event: 4.525 GC heap after
{Heap after GC invocations=2 (full 0):
 garbage-first heap   total 131072K, used 10026K [0x0000000081800000, 0x0000000100000000)
  region size 1024K, 4 young (4096K), 4 survivors (4096K)
 Metaspace       used 10891K, committed 11200K, reserved 1064960K
  class space    used 1203K, committed 1344K, reserved 1048576K
}

Deoptimization events (20 events):
Event: 12.060 Thread 0x000001963118e3f0 DEOPT PACKING pc=0x0000019638f5a02c sp=0x00000013e76f8510
Event: 12.060 Thread 0x000001963118e3f0 DEOPT UNPACKING pc=0x0000019638992b43 sp=0x00000013e76f79c0 mode 0
Event: 12.084 Thread 0x000001963118e3f0 Uncommon trap: trap_request=0xffffff45 fr.pc=0x00000196404d39a8 relative=0x0000000000000368
Event: 12.084 Thread 0x000001963118e3f0 Uncommon trap: reason=unstable_if action=reinterpret pc=0x00000196404d39a8 method=java.lang.Integer.parseInt(Ljava/lang/String;I)I @ 119 c2
Event: 12.084 Thread 0x000001963118e3f0 DEOPT PACKING pc=0x00000196404d39a8 sp=0x00000013e76fc400
Event: 12.084 Thread 0x000001963118e3f0 DEOPT UNPACKING pc=0x00000196389923a3 sp=0x00000013e76fc368 mode 2
Event: 12.087 Thread 0x000001963118e3f0 Uncommon trap: trap_request=0xffffff54 fr.pc=0x0000019640506144 relative=0x00000000000009a4
Event: 12.087 Thread 0x000001963118e3f0 Uncommon trap: reason=speculate_null_assert action=make_not_entrant pc=0x0000019640506144 method=jdk.internal.loader.URLClassPath$JarLoader.getResource(Ljava/lang/String;ZLjava/util/Set;)Ljdk/internal/loader/Resource; @ 17 c2
Event: 12.087 Thread 0x000001963118e3f0 DEOPT PACKING pc=0x0000019640506144 sp=0x00000013e76f4a30
Event: 12.087 Thread 0x000001963118e3f0 DEOPT UNPACKING pc=0x00000196389923a3 sp=0x00000013e76f49c8 mode 2
Event: 12.397 Thread 0x000001963118e3f0 DEOPT PACKING pc=0x0000019639348543 sp=0x00000013e76fb870
Event: 12.397 Thread 0x000001963118e3f0 DEOPT UNPACKING pc=0x0000019638992b43 sp=0x00000013e76facf8 mode 0
Event: 12.988 Thread 0x000001963118e3f0 Uncommon trap: trap_request=0xffffff45 fr.pc=0x00000196404a8158 relative=0x00000000000005b8
Event: 12.989 Thread 0x000001963118e3f0 Uncommon trap: reason=unstable_if action=reinterpret pc=0x00000196404a8158 method=java.lang.String.replace(CC)Ljava/lang/String; @ 2 c2
Event: 12.989 Thread 0x000001963118e3f0 DEOPT PACKING pc=0x00000196404a8158 sp=0x00000013e76fca80
Event: 12.989 Thread 0x000001963118e3f0 DEOPT UNPACKING pc=0x00000196389923a3 sp=0x00000013e76fca30 mode 2
Event: 16.738 Thread 0x000001963118e3f0 Uncommon trap: trap_request=0xffffff45 fr.pc=0x00000196404a0c3c relative=0x00000000000052fc
Event: 16.738 Thread 0x000001963118e3f0 Uncommon trap: reason=unstable_if action=reinterpret pc=0x00000196404a0c3c method=jdk.internal.org.objectweb.asm.Type.getArgumentsAndReturnSizes(Ljava/lang/String;)I @ 123 c2
Event: 16.738 Thread 0x000001963118e3f0 DEOPT PACKING pc=0x00000196404a0c3c sp=0x00000013e76fb0b0
Event: 16.738 Thread 0x000001963118e3f0 DEOPT UNPACKING pc=0x00000196389923a3 sp=0x00000013e76faf68 mode 2

Classes unloaded (0 events):
No events

Classes redefined (0 events):
No events

Internal exceptions (20 events):
Event: 14.053 Thread 0x0000019650fd80c0 Exception <a 'java/net/SocketException'{0x0000000087b8c8a8}: Socket is not connected: shutdown> (0x0000000087b8c8a8) 
thrown [t:\workspace\open\src\hotspot\share\prims\jni.cpp, line 535]
Event: 14.385 Thread 0x0000019650fd80c0 Exception <a 'java/net/ConnectException'{0x0000000087b8d840}: Connection refused: no further information> (0x0000000087b8d840) 
thrown [t:\workspace\open\src\hotspot\share\prims\jni.cpp, line 535]
Event: 14.385 Thread 0x0000019650fd80c0 Exception <a 'java/net/SocketException'{0x0000000087b8db78}: Socket is not connected: shutdown> (0x0000000087b8db78) 
thrown [t:\workspace\open\src\hotspot\share\prims\jni.cpp, line 535]
Event: 14.713 Thread 0x0000019650fd80c0 Exception <a 'java/net/ConnectException'{0x0000000087b8eb10}: Connection refused: no further information> (0x0000000087b8eb10) 
thrown [t:\workspace\open\src\hotspot\share\prims\jni.cpp, line 535]
Event: 14.713 Thread 0x0000019650fd80c0 Exception <a 'java/net/SocketException'{0x0000000087b8ee48}: Socket is not connected: shutdown> (0x0000000087b8ee48) 
thrown [t:\workspace\open\src\hotspot\share\prims\jni.cpp, line 535]
Event: 15.041 Thread 0x0000019650fd80c0 Exception <a 'java/net/ConnectException'{0x0000000087b8fde0}: Connection refused: no further information> (0x0000000087b8fde0) 
thrown [t:\workspace\open\src\hotspot\share\prims\jni.cpp, line 535]
Event: 15.041 Thread 0x0000019650fd80c0 Exception <a 'java/net/SocketException'{0x0000000087b90118}: Socket is not connected: shutdown> (0x0000000087b90118) 
thrown [t:\workspace\open\src\hotspot\share\prims\jni.cpp, line 535]
Event: 15.372 Thread 0x0000019650fd80c0 Exception <a 'java/net/ConnectException'{0x0000000087b910b0}: Connection refused: no further information> (0x0000000087b910b0) 
thrown [t:\workspace\open\src\hotspot\share\prims\jni.cpp, line 535]
Event: 15.372 Thread 0x0000019650fd80c0 Exception <a 'java/net/SocketException'{0x0000000087b913e8}: Socket is not connected: shutdown> (0x0000000087b913e8) 
thrown [t:\workspace\open\src\hotspot\share\prims\jni.cpp, line 535]
Event: 15.704 Thread 0x0000019650fd80c0 Exception <a 'java/net/ConnectException'{0x0000000087b92380}: Connection refused: no further information> (0x0000000087b92380) 
thrown [t:\workspace\open\src\hotspot\share\prims\jni.cpp, line 535]
Event: 15.704 Thread 0x0000019650fd80c0 Exception <a 'java/net/SocketException'{0x0000000087b926b8}: Socket is not connected: shutdown> (0x0000000087b926b8) 
thrown [t:\workspace\open\src\hotspot\share\prims\jni.cpp, line 535]
Event: 16.038 Thread 0x0000019650fd80c0 Exception <a 'java/net/ConnectException'{0x0000000087b93650}: Connection refused: no further information> (0x0000000087b93650) 
thrown [t:\workspace\open\src\hotspot\share\prims\jni.cpp, line 535]
Event: 16.038 Thread 0x0000019650fd80c0 Exception <a 'java/net/SocketException'{0x0000000087b93988}: Socket is not connected: shutdown> (0x0000000087b93988) 
thrown [t:\workspace\open\src\hotspot\share\prims\jni.cpp, line 535]
Event: 16.370 Thread 0x0000019650fd80c0 Exception <a 'java/net/ConnectException'{0x0000000087b94920}: Connection refused: no further information> (0x0000000087b94920) 
thrown [t:\workspace\open\src\hotspot\share\prims\jni.cpp, line 535]
Event: 16.370 Thread 0x0000019650fd80c0 Exception <a 'java/net/SocketException'{0x0000000087b94c58}: Socket is not connected: shutdown> (0x0000000087b94c58) 
thrown [t:\workspace\open\src\hotspot\share\prims\jni.cpp, line 535]
Event: 16.738 Thread 0x000001963118e3f0 Exception <a 'java/lang/NoSuchMethodError'{0x0000000087ac0e50}: 'double java.lang.invoke.DirectMethodHandle$Holder.invokeVirtual(java.lang.Object, java.lang.Object)'> (0x0000000087ac0e50) 
thrown [t:\workspace\open\src\hotspot\share\interpreter\linkResolver.cpp, line 766]
Event: 16.739 Thread 0x000001963118e3f0 Exception <a 'java/lang/NoSuchMethodError'{0x0000000087ac78a0}: 'float java.lang.invoke.DirectMethodHandle$Holder.invokeVirtual(java.lang.Object, java.lang.Object)'> (0x0000000087ac78a0) 
thrown [t:\workspace\open\src\hotspot\share\interpreter\linkResolver.cpp, line 766]
Event: 16.740 Thread 0x000001963118e3f0 Exception <a 'java/lang/NoSuchMethodError'{0x0000000087ad0b28}: 'long java.lang.invoke.DirectMethodHandle$Holder.invokeVirtual(java.lang.Object, java.lang.Object)'> (0x0000000087ad0b28) 
thrown [t:\workspace\open\src\hotspot\share\interpreter\linkResolver.cpp, line 766]
Event: 16.817 Thread 0x000001963118e3f0 Exception <a 'java/lang/NoSuchMethodError'{0x0000000087431e10}: 'void java.lang.invoke.DirectMethodHandle$Holder.invokeSpecial(java.lang.Object, java.lang.Object, java.lang.Object, java.lang.Object, java.lang.Object)'> (0x0000000087431e10) 
thrown [t:\workspace\open\src\hotspot\share\interpreter\linkResolver.cpp, line 766]
Event: 16.818 Thread 0x000001963118e3f0 Exception <a 'java/lang/NoSuchMethodError'{0x0000000087438f98}: 'void java.lang.invoke.DirectMethodHandle$Holder.invokeStatic(java.lang.Object, java.lang.Object, int)'> (0x0000000087438f98) 
thrown [t:\workspace\open\src\hotspot\share\interpreter\linkResolver.cpp, line 766]

VM Operations (20 events):
Event: 4.512 Executing VM operation: G1CollectForAllocation
Event: 4.525 Executing VM operation: G1CollectForAllocation done
Event: 4.676 Executing VM operation: HandshakeAllThreads
Event: 4.676 Executing VM operation: HandshakeAllThreads done
Event: 5.681 Executing VM operation: Cleanup
Event: 5.681 Executing VM operation: Cleanup done
Event: 11.742 Executing VM operation: Cleanup
Event: 11.743 Executing VM operation: Cleanup done
Event: 12.753 Executing VM operation: Cleanup
Event: 12.753 Executing VM operation: Cleanup done
Event: 13.753 Executing VM operation: Cleanup
Event: 13.753 Executing VM operation: Cleanup done
Event: 16.709 Executing VM operation: HandshakeAllThreads
Event: 16.709 Executing VM operation: HandshakeAllThreads done
Event: 16.709 Executing VM operation: Cleanup
Event: 16.709 Executing VM operation: Cleanup done
Event: 16.710 Executing VM operation: HandshakeAllThreads
Event: 16.710 Executing VM operation: HandshakeAllThreads done
Event: 16.714 Executing VM operation: HandshakeAllThreads
Event: 16.714 Executing VM operation: HandshakeAllThreads done

Events (20 events):
Event: 16.714 loading class sun/net/www/http/KeepAliveEntry
Event: 16.714 loading class sun/net/www/http/KeepAliveEntry done
Event: 16.715 loading class java/util/concurrent/locks/AbstractQueuedSynchronizer$ConditionNode
Event: 16.715 loading class java/util/concurrent/locks/AbstractQueuedSynchronizer$ConditionNode done
Event: 16.733 loading class java/util/RegularEnumSet$EnumSetIterator
Event: 16.734 loading class java/util/RegularEnumSet$EnumSetIterator done
Event: 16.748 loading class java/time/format/DateTimeParseException
Event: 16.748 loading class java/time/DateTimeException
Event: 16.749 loading class java/time/DateTimeException done
Event: 16.749 loading class java/time/format/DateTimeParseException done
Event: 16.802 loading class java/util/Collections$UnmodifiableMap$UnmodifiableEntrySet$UnmodifiableEntrySetSpliterator
Event: 16.802 loading class java/util/Collections$UnmodifiableMap$UnmodifiableEntrySet$UnmodifiableEntrySetSpliterator done
Event: 16.819 loading class java/util/function/UnaryOperator
Event: 16.820 loading class java/util/function/UnaryOperator done
Event: 16.852 loading class java/util/stream/ReduceOps$5
Event: 16.852 loading class java/util/stream/ReduceOps$5 done
Event: 16.852 loading class java/util/stream/ReduceOps$CountingSink$OfRef
Event: 16.852 loading class java/util/stream/ReduceOps$CountingSink
Event: 16.853 loading class java/util/stream/ReduceOps$CountingSink done
Event: 16.853 loading class java/util/stream/ReduceOps$CountingSink$OfRef done


Dynamic libraries:
0x00007ff7b2270000 - 0x00007ff7b2280000 	C:\Program Files\Java\jdk-17.0.1\bin\java.exe
0x00007fff11a50000 - 0x00007fff11c45000 	C:\WINDOWS\SYSTEM32\ntdll.dll
0x00007fff0fb00000 - 0x00007fff0fbbe000 	C:\WINDOWS\System32\KERNEL32.DLL
0x00007fff0f770000 - 0x00007fff0fa39000 	C:\WINDOWS\System32\KERNELBASE.dll
0x00007fff0f5d0000 - 0x00007fff0f6d0000 	C:\WINDOWS\System32\ucrtbase.dll
0x00007fff06670000 - 0x00007fff06688000 	C:\Program Files\Java\jdk-17.0.1\bin\jli.dll
0x00007fff117d0000 - 0x00007fff1187c000 	C:\WINDOWS\System32\ADVAPI32.dll
0x00007fff0fbd0000 - 0x00007fff0fc6e000 	C:\WINDOWS\System32\msvcrt.dll
0x00007fff0ffc0000 - 0x00007fff1005b000 	C:\WINDOWS\System32\sechost.dll
0x00007fff10520000 - 0x00007fff1064a000 	C:\WINDOWS\System32\RPCRT4.dll
0x00007fff10e30000 - 0x00007fff10fd1000 	C:\WINDOWS\System32\USER32.dll
0x00007fff0f510000 - 0x00007fff0f532000 	C:\WINDOWS\System32\win32u.dll
0x00007fff10e00000 - 0x00007fff10e2b000 	C:\WINDOWS\System32\GDI32.dll
0x00007fff0f220000 - 0x00007fff0f32b000 	C:\WINDOWS\System32\gdi32full.dll
0x00007fff0f6d0000 - 0x00007fff0f76d000 	C:\WINDOWS\System32\msvcp_win.dll
0x00007fff05ba0000 - 0x00007fff05bba000 	C:\Program Files\Java\jdk-17.0.1\bin\VCRUNTIME140.dll
0x00007ffef7f90000 - 0x00007ffef822a000 	C:\WINDOWS\WinSxS\amd64_microsoft.windows.common-controls_6595b64144ccf1df_6.0.19041.1110_none_60b5254171f9507e\COMCTL32.dll
0x00007fff0d320000 - 0x00007fff0d32a000 	C:\WINDOWS\SYSTEM32\VERSION.dll
0x00007fff10d00000 - 0x00007fff10d30000 	C:\WINDOWS\System32\IMM32.DLL
0x00007ffeedd30000 - 0x00007ffeede88000 	C:\Program Files (x86)\Citrix\ICA Client\epclient64.dll
0x00007fff0f4e0000 - 0x00007fff0f507000 	C:\WINDOWS\System32\bcrypt.dll
0x00007fff100e0000 - 0x00007fff10435000 	C:\WINDOWS\System32\combase.dll
0x00007fff0cf30000 - 0x00007fff0cf63000 	C:\WINDOWS\SYSTEM32\ntmarta.dll
0x00007fff0d300000 - 0x00007fff0d312000 	C:\WINDOWS\SYSTEM32\kernel.appcore.dll
0x00007fff0eec0000 - 0x00007fff0ef03000 	C:\Program Files\AppSense\Application Manager\Agent\AMLdrAppInit.dll
0x000001962ef80000 - 0x000001962f003000 	C:\WINDOWS\System32\bcryptprimitives.dll
0x00007fff0b350000 - 0x00007fff0b35c000 	C:\Program Files\Java\jdk-17.0.1\bin\vcruntime140_1.dll
0x00007ffed8920000 - 0x00007ffed89ad000 	C:\Program Files\Java\jdk-17.0.1\bin\msvcp140.dll
0x00007ffea7a40000 - 0x00007ffea85fe000 	C:\Program Files\Java\jdk-17.0.1\bin\server\jvm.dll
0x00007fff100d0000 - 0x00007fff100d8000 	C:\WINDOWS\System32\PSAPI.DLL
0x00007ffeead90000 - 0x00007ffeead99000 	C:\WINDOWS\SYSTEM32\WSOCK32.dll
0x00007fff10060000 - 0x00007fff100cb000 	C:\WINDOWS\System32\WS2_32.dll
0x00007ffeed300000 - 0x00007ffeed327000 	C:\WINDOWS\SYSTEM32\WINMM.dll
0x00007fff09fc0000 - 0x00007fff09fca000 	C:\Program Files\Java\jdk-17.0.1\bin\jimage.dll
0x00007fff0c5b0000 - 0x00007fff0c794000 	C:\WINDOWS\SYSTEM32\DBGHELP.DLL
0x00007ffef3fb0000 - 0x00007ffef3fdc000 	C:\WINDOWS\SYSTEM32\dbgcore.DLL
0x00007fff07090000 - 0x00007fff0709e000 	C:\Program Files\Java\jdk-17.0.1\bin\instrument.dll
0x00007fff04910000 - 0x00007fff04935000 	C:\Program Files\Java\jdk-17.0.1\bin\java.dll
0x00007ffea7960000 - 0x00007ffea7a36000 	C:\Program Files\Java\jdk-17.0.1\bin\svml.dll
0x000001964fc00000 - 0x000001965033f000 	C:\WINDOWS\System32\SHELL32.dll
0x00007fff0d4b0000 - 0x00007fff0dc40000 	C:\WINDOWS\SYSTEM32\windows.storage.dll
0x00007fff0eb70000 - 0x00007fff0eb9c000 	C:\WINDOWS\SYSTEM32\Wldp.dll
0x000001964f270000 - 0x000001964f31d000 	C:\WINDOWS\System32\SHCORE.dll
0x00007fff10c20000 - 0x00007fff10c75000 	C:\WINDOWS\System32\shlwapi.dll
0x00007fff0f0b0000 - 0x00007fff0f0cf000 	C:\WINDOWS\SYSTEM32\profapi.dll
0x00007ffefc510000 - 0x00007ffefc528000 	C:\Program Files\Java\jdk-17.0.1\bin\zip.dll
0x00007fff0d330000 - 0x00007fff0d4a3000 	C:\Program Files\AppSense\Application Manager\Agent\AMAppHook.dll
0x00007fff0e160000 - 0x00007fff0e268000 	C:\WINDOWS\SYSTEM32\WINHTTP.dll
0x00007fff118e0000 - 0x00007fff11a0a000 	C:\WINDOWS\System32\ole32.dll
0x00007fff0dc40000 - 0x00007fff0df6d000 	C:\WINDOWS\SYSTEM32\msi.dll
0x00007fff099b0000 - 0x00007fff09a15000 	C:\WINDOWS\SYSTEM32\wevtapi.dll
0x00007ffefc570000 - 0x00007ffefc589000 	C:\Program Files\Java\jdk-17.0.1\bin\net.dll
0x00007fff0e8d0000 - 0x00007fff0e93a000 	C:\WINDOWS\system32\mswsock.dll
0x00007ffefc530000 - 0x00007ffefc545000 	C:\Program Files\Java\jdk-17.0.1\bin\nio.dll
0x00007ffefc460000 - 0x00007ffefc47a000 	C:\Program Files\JetBrains\IntelliJ IDEA Community Edition 2021.3.2\bin\breakgen64.dll
0x00007fff06a70000 - 0x00007fff06a80000 	C:\Program Files\Java\jdk-17.0.1\bin\verify.dll
0x00007fff0ead0000 - 0x00007fff0eae8000 	C:\WINDOWS\SYSTEM32\CRYPTSP.dll
0x00007fff0e0d0000 - 0x00007fff0e104000 	C:\WINDOWS\system32\rsaenh.dll
0x00007fff0f070000 - 0x00007fff0f09e000 	C:\WINDOWS\SYSTEM32\USERENV.dll
0x00007fff0eac0000 - 0x00007fff0eacc000 	C:\WINDOWS\SYSTEM32\CRYPTBASE.dll
0x00007fff0e570000 - 0x00007fff0e5ab000 	C:\WINDOWS\SYSTEM32\IPHLPAPI.DLL
0x00007fff0fbc0000 - 0x00007fff0fbc8000 	C:\WINDOWS\System32\NSI.dll
0x00007fff08fb0000 - 0x00007fff08fc7000 	C:\WINDOWS\SYSTEM32\dhcpcsvc6.DLL
0x00007fff08f90000 - 0x00007fff08fad000 	C:\WINDOWS\SYSTEM32\dhcpcsvc.DLL
0x00007fff0e5b0000 - 0x00007fff0e67c000 	C:\WINDOWS\SYSTEM32\DNSAPI.dll
0x00007ffef9bd0000 - 0x00007ffef9bda000 	C:\Windows\System32\rasadhlp.dll
0x00007fff09310000 - 0x00007fff0938f000 	C:\WINDOWS\System32\fwpuclnt.dll
0x00007ffef68b0000 - 0x00007ffef68be000 	C:\Program Files\Java\jdk-17.0.1\bin\sunmscapi.dll
0x00007fff0f380000 - 0x00007fff0f4d6000 	C:\WINDOWS\System32\CRYPT32.dll
0x00007fff0ebe0000 - 0x00007fff0ec07000 	C:\WINDOWS\SYSTEM32\ncrypt.dll
0x00007fff0eba0000 - 0x00007fff0ebdb000 	C:\WINDOWS\SYSTEM32\NTASN1.dll
0x00007ffefe530000 - 0x00007ffefe54d000 	C:\WINDOWS\SYSTEM32\MPR.dll
0x00007fff05b80000 - 0x00007fff05b89000 	C:\Program Files\Java\jdk-17.0.1\bin\management.dll
0x00007ffefc450000 - 0x00007ffefc45b000 	C:\Program Files\Java\jdk-17.0.1\bin\management_ext.dll
0x00007ffef6890000 - 0x00007ffef6897000 	C:\WINDOWS\system32\wshunix.dll

dbghelp: loaded successfully - version: 4.0.5 - missing functions: none
symbol engine: initialized successfully - sym options: 0x614 - pdb path: .;C:\Program Files\Java\jdk-17.0.1\bin;C:\WINDOWS\SYSTEM32;C:\WINDOWS\WinSxS\amd64_microsoft.windows.common-controls_6595b64144ccf1df_6.0.19041.1110_none_60b5254171f9507e;C:\Program Files (x86)\Citrix\ICA Client;C:\Program Files\AppSense\Application Manager\Agent;C:\Program Files\Java\jdk-17.0.1\bin\server;C:\Program Files\JetBrains\IntelliJ IDEA Community Edition 2021.3.2\bin

VM Arguments:
jvm_args: -ea -Didea.test.cyclic.buffer.size=1048576 -javaagent:C:\Program Files\JetBrains\IntelliJ IDEA Community Edition 2021.3.2\lib\idea_rt.jar=55902:C:\Program Files\JetBrains\IntelliJ IDEA Community Edition 2021.3.2\bin -Dfile.encoding=UTF-8 
java_command: com.intellij.rt.testng.RemoteTestNGStarter -usedefaultlisteners false -socket55901 @w@C:\Users\covie\AppData\Local\Temp\idea_working_dirs_testng1.tmp -temp C:\Users\covie\AppData\Local\Temp\idea_testng1.tmp
java_class_path (initial): C:\Program Files\JetBrains\IntelliJ IDEA Community Edition 2021.3.2\lib\idea_rt.jar;C:\Program Files\JetBrains\IntelliJ IDEA Community Edition 2021.3.2\plugins\testng\lib\testng-rt.jar;C:\Rahulshettyfinalframewk\AutomationExercises\target\test-classes;C:\Rahulshettyfinalframewk\AutomationExercises\target\classes;C:\Users\covie\.m2\repository\io\github\bonigarcia\webdrivermanager\5.2.1\webdrivermanager-5.2.1.jar;C:\Users\covie\.m2\repository\org\slf4j\slf4j-api\1.7.36\slf4j-api-1.7.36.jar;C:\Users\covie\.m2\repository\com\google\code\gson\gson\2.9.0\gson-2.9.0.jar;C:\Users\covie\.m2\repository\com\github\docker-java\docker-java\3.2.13\docker-java-3.2.13.jar;C:\Users\covie\.m2\repository\com\github\docker-java\docker-java-core\3.2.13\docker-java-core-3.2.13.jar;C:\Users\covie\.m2\repository\com\github\docker-java\docker-java-api\3.2.13\docker-java-api-3.2.13.jar;C:\Users\covie\.m2\repository\com\fasterxml\jackson\core\jackson-annotations\2.10.3\jackson-annotations-2.10.3.jar;C:\Users\covie\.m2\repository\commons-io\commons-io\2.6\commons-io-2.6.jar;C:\Users\covie\.m2\repository\org\apache\commons\commons-compress\1.21\commons-compress-1.21.jar;C:\Users\covie\.m2\repository\com\fasterxml\jackson\core\jackson-databind\2.10.3\jackson-databind-2.10.3.jar;C:\Users\covie\.m2\repository\com\fasterxml\jackson\core\jackson-core\2.10.3\jackson-core-2.10.3.jar;C:\Users\covie\.m2\repository\org\bouncycastle\bcpkix-jdk15on\1.64\bcpkix-jdk15on-1.64.jar;C:\Users\covie\.m2\repository\org\bouncycastle\bcprov-jdk15on\1.64\bcprov-jdk15on-1.64.jar;C:\Users\covie\.m2\repository\org\slf4j\jcl-over-slf4j\1.7.30\jcl-over-slf4j-1.7.30.jar;C:\Users\covie\.m2\repository\com\github\docker-java\docker-java-transport-httpclient5\3.2.13\docker-java-transport-httpclient5-3.2.13.jar;C:\Users\covie\.m2\repository\com\github\docker-java\docker-java-transport\3.2.13\docker-java-transport-3.2.13.jar;C:\Users\covie\.m2\repository\net\java\dev\jna\jna\5.8.0\jna-5.8.0.jar;C:\Use
Launcher Type: SUN_STANDARD

[Global flags]
     intx CICompilerCount                          = 4                                         {product} {ergonomic}
     uint ConcGCThreads                            = 2                                         {product} {ergonomic}
     uint G1ConcRefinementThreads                  = 8                                         {product} {ergonomic}
   size_t G1HeapRegionSize                         = 1048576                                   {product} {ergonomic}
    uintx GCDrainStackTargetSize                   = 64                                        {product} {ergonomic}
   size_t InitialHeapSize                          = 134217728                                 {product} {ergonomic}
   size_t MarkStackSize                            = 4194304                                   {product} {ergonomic}
   size_t MaxHeapSize                              = 2122317824                                {product} {ergonomic}
   size_t MaxNewSize                               = 1272971264                                {product} {ergonomic}
   size_t MinHeapDeltaBytes                        = 1048576                                   {product} {ergonomic}
   size_t MinHeapSize                              = 8388608                                   {product} {ergonomic}
    uintx NonNMethodCodeHeapSize                   = 5839372                                {pd product} {ergonomic}
    uintx NonProfiledCodeHeapSize                  = 122909434                              {pd product} {ergonomic}
    uintx ProfiledCodeHeapSize                     = 122909434                              {pd product} {ergonomic}
    uintx ReservedCodeCacheSize                    = 251658240                              {pd product} {ergonomic}
     bool SegmentedCodeCache                       = true                                      {product} {ergonomic}
   size_t SoftMaxHeapSize                          = 2122317824                             {manageable} {ergonomic}
     bool UseCompressedClassPointers               = true                           {product lp64_product} {ergonomic}
     bool UseCompressedOops                        = true                           {product lp64_product} {ergonomic}
     bool UseG1GC                                  = true                                      {product} {ergonomic}
     bool UseLargePagesIndividualAllocation        = false                                  {pd product} {ergonomic}

Logging:
Log output configuration:
 #0: stdout all=warning uptime,level,tags
 #1: stderr all=off uptime,level,tags

Environment Variables:
PATH=C:\Program Files\Common Files\Oracle\Java\javapath;C:\WINDOWS\system32;C:\WINDOWS;C:\WINDOWS\System32\Wbem;C:\WINDOWS\System32\WindowsPowerShell\v1.0\;C:\WINDOWS\System32\OpenSSH\;C:\Program Files\Microsoft VS Code\bin;C:\Program Files\GitHub CLI\;C:\Maven\apache-maven-3.8.4\bin;c:\Program Files (x86)\Intel\Intel(R) Management Engine Components\DAL;c:\Program Files\Intel\Intel(R) Management Engine Components\DAL;C:\Program Files\dotnet\;C:\Program Files\PuTTY\;C:\Program Files\Git\cmd;C:\Program Files\nodejs\;C:\Users\covie\AppData\Local\Microsoft\WindowsApps;C:\Users\covie\AppData\Local\Programs\Microsoft VS Code\bin;C:\Users\covie\.dotnet\tools
USERNAME=covie
OS=Windows_NT
PROCESSOR_IDENTIFIER=Intel64 Family 6 Model 142 Stepping 10, GenuineIntel



---------------  S Y S T E M  ---------------

OS:
 Windows 10 , 64 bit Build 19041 (10.0.19041.1202)
OS uptime: 5 days 6:51 hours

CPU: total 8 (initial active 8) (4 cores per cpu, 2 threads per core) family 6 model 142 stepping 10 microcode 0xc6, cx8, cmov, fxsr, ht, mmx, 3dnowpref, sse, sse2, sse3, ssse3, sse4.1, sse4.2, popcnt, lzcnt, tsc, tscinvbit, avx, avx2, aes, erms, clmul, bmi1, bmi2, adx, fma, vzeroupper, clflush, clflushopt

Memory: 4k page, system-wide physical 8093M (422M free)
TotalPageFile size 32669M (AvailPageFile size 81M)
current process WorkingSet (physical memory assigned to process): 102M, peak: 135M
current process commit charge ("private bytes"): 174M, peak: 260M

vm_info: Java HotSpot(TM) 64-Bit Server VM (17.0.1+12-LTS-39) for windows-amd64 JRE (17.0.1+12-LTS-39), built on Sep 27 2021 18:41:35 by "mach5one" with MS VC++ 16.8 (VS2019)

END.
